#
# A fatal error has been detected by the Java Runtime Environment:
#
#  EXCEPTION_ACCESS_VIOLATION (0xc0000005) at pc=0x00007ffd05b36c9b, pid=4296, tid=10520
#
# JRE version: OpenJDK Runtime Environment (11.0.15) (build 11.0.15+0-b2043.56-8887301)
# Java VM: OpenJDK 64-Bit Server VM (11.0.15+0-b2043.56-8887301, mixed mode, tiered, compressed oops, g1 gc, windows-amd64)
# Problematic frame:
# V  [jvm.dll+0x1b6c9b]
#
# No core dump will be written. Minidumps are not enabled by default on client versions of Windows
#
# If you would like to submit a bug report, please visit:
#   https://bugreport.java.com/bugreport/crash.jsp
#

---------------  S U M M A R Y ------------

Command Line: --add-opens=java.base/java.util=ALL-UNNAMED --add-opens=java.base/java.lang=ALL-UNNAMED --add-opens=java.base/java.lang.invoke=ALL-UNNAMED --add-opens=java.base/java.util=ALL-UNNAMED --add-opens=java.prefs/java.util.prefs=ALL-UNNAMED --add-opens=java.prefs/java.util.prefs=ALL-UNNAMED --add-opens=java.base/java.nio.charset=ALL-UNNAMED --add-opens=java.base/java.net=ALL-UNNAMED --add-opens=java.base/java.util.concurrent.atomic=ALL-UNNAMED -Xmx2048m -Dfile.encoding=UTF-8 -Duser.country=US -Duser.language=en -Duser.variant org.gradle.launcher.daemon.bootstrap.GradleDaemon 7.5

Host: Intel(R) Core(TM) i3-7100 CPU @ 3.90GHz, 4 cores, 11G,  Windows 10 , 64 bit Build 19041 (10.0.19041.2364)
Time: Fri Feb 17 14:22:15 2023 Bangladesh Standard Time elapsed time: 9589.263086 seconds (0d 2h 39m 49s)

---------------  T H R E A D  ---------------

Current thread (0x0000020e646b5800):  JavaThread "C2 CompilerThread1" daemon [_thread_in_native, id=10520, stack(0x000000f885400000,0x000000f885500000)]


Current CompileTask:
C2:9589263 21068 %     4       sun.nio.cs.UTF_8$Encoder::encodeArrayLoop @ 109 (489 bytes)

Stack: [0x000000f885400000,0x000000f885500000],  sp=0x000000f8854fbd30,  free space=1007k
Native frames: (J=compiled Java code, j=interpreted, Vv=VM code, C=native code)
V  [jvm.dll+0x1b6c9b]
V  [jvm.dll+0x1b3439]
V  [jvm.dll+0x22163e]
V  [jvm.dll+0x220498]
V  [jvm.dll+0x19e851]
V  [jvm.dll+0x230479]
V  [jvm.dll+0x22e5ef]
V  [jvm.dll+0x794de1]
V  [jvm.dll+0x78dc24]
V  [jvm.dll+0x6400f6]
C  [ucrtbase.dll+0x21bb2]
C  [KERNEL32.DLL+0x17614]
C  [ntdll.dll+0x526a1]


siginfo: EXCEPTION_ACCESS_VIOLATION (0xc0000005), reading address 0x00007f7d061db130


Register to memory mapping:

RIP=0x00007ffd05b36c9b jvm.dll
RAX=0x00007f7d061db110 is an unknown value
RBX=0x0000000000000001 is an unknown value
RCX=0x0000020e621b8808 points into unknown readable memory: 0x00007f7d061db110 | 10 b1 1d 06 7d 7f 00 00
RDX=0x0000000000000010 is an unknown value
RSP=0x000000f8854fbd30 is pointing into the stack for thread: 0x0000020e646b5800
RBP=0x000000f8854fbe30 is pointing into the stack for thread: 0x0000020e646b5800
RSI=0x00007ffd06467a40 jvm.dll
RDI=0x0000020e621b8808 points into unknown readable memory: 0x00007f7d061db110 | 10 b1 1d 06 7d 7f 00 00
R8 =0x0000000000000002 is an unknown value
R9 =0x0000000000000006 is an unknown value
R10=0x0 is NULL
R11=0x0000020e60e6acf0 points into unknown readable memory: 0x0000000000000000 | 00 00 00 00 00 00 00 00
R12=0x0000000000000001 is an unknown value
R13=0x0000020e621b8b38 points into unknown readable memory: 0x00007ffd062249d8 | d8 49 22 06 fd 7f 00 00
R14=0x0000000000000053 is an unknown value
R15=0x000000f8854fc320 is pointing into the stack for thread: 0x0000020e646b5800


Registers:
RAX=0x00007f7d061db110, RBX=0x0000000000000001, RCX=0x0000020e621b8808, RDX=0x0000000000000010
RSP=0x000000f8854fbd30, RBP=0x000000f8854fbe30, RSI=0x00007ffd06467a40, RDI=0x0000020e621b8808
R8 =0x0000000000000002, R9 =0x0000000000000006, R10=0x0000000000000000, R11=0x0000020e60e6acf0
R12=0x0000000000000001, R13=0x0000020e621b8b38, R14=0x0000000000000053, R15=0x000000f8854fc320
RIP=0x00007ffd05b36c9b, EFLAGS=0x0000000000010293

Top of Stack: (sp=0x000000f8854fbd30)
0x000000f8854fbd30:   0000000000000001 0000020e621b8b38
0x000000f8854fbd40:   0000000000000053 00007ffd00000008
0x000000f8854fbd50:   0000020e60e6a840 00007ffd00000001
0x000000f8854fbd60:   0000020e60e6acf0 0000020e621b8b38
0x000000f8854fbd70:   0000020e00000010 000000f8854fbd80
0x000000f8854fbd80:   0000020e60e68b20 00007ffd06467a40
0x000000f8854fbd90:   000000f8854fbfe0 0000000000000000
0x000000f8854fbda0:   0000000000000008 0000020e6a5da420
0x000000f8854fbdb0:   0000020e62c62000 00007ffd05eb1b2b
0x000000f8854fbdc0:   0000020e62c62000 00000000000000bd
0x000000f8854fbdd0:   0000000000000000 000000f8854fbe08
0x000000f8854fbde0:   0000020e6a5da420 0000000000000008
0x000000f8854fbdf0:   0000000000000010 0000020e6b53c830
0x000000f8854fbe00:   0000020e00000002 00007ffd06223ca8
0x000000f8854fbe10:   000000c300000000 000000f800000008
0x000000f8854fbe20:   0000020e60e68b20 0000020e00000002 

Instructions: (pc=0x00007ffd05b36c9b)
0x00007ffd05b36b9b:   8b 4a 18 89 75 78 48 89 4c 24 30 44 8b 80 d0 01
0x00007ffd05b36bab:   00 00 4a 8d 3c c5 0f 00 00 00 48 83 e7 f0 48 8b
0x00007ffd05b36bbb:   c7 48 f7 d0 48 3b c1 73 1b 4c 8d 05 45 3c 6e 00
0x00007ffd05b36bcb:   48 8b d7 48 8b cb e8 aa b7 f0 ff 48 8b 4b 18 48
0x00007ffd05b36bdb:   89 4c 24 30 48 8d 04 39 48 3b 43 20 76 18 45 33
0x00007ffd05b36beb:   c0 48 8b d7 48 8b cb e8 d9 b3 f0 ff 48 8b c8 48
0x00007ffd05b36bfb:   89 44 24 30 eb 04 48 89 43 18 49 8b 47 10 33 d2
0x00007ffd05b36c0b:   44 8b 80 d0 01 00 00 49 c1 e0 03 e8 77 fa 64 00
0x00007ffd05b36c1b:   49 8b 47 48 45 33 f6 44 89 b5 88 00 00 00 39 70
0x00007ffd05b36c2b:   40 0f 86 49 05 00 00 4c 89 a4 24 30 01 00 00 48
0x00007ffd05b36c3b:   8d 35 ff 0d 93 00 4c 89 ac 24 28 01 00 00 0f 1f
0x00007ffd05b36c4b:   80 00 00 00 00 48 8b 40 30 48 8d 4c 24 40 4e 8b
0x00007ffd05b36c5b:   2c f0 4c 89 6c 24 38 41 8b 45 4c ff c8 48 8d 14
0x00007ffd05b36c6b:   80 49 8b 47 68 48 c1 e2 05 48 03 50 10 e8 33 54
0x00007ffd05b36c7b:   1c 00 41 8b 5d 28 ff cb 41 3b 5d 18 73 0a 49 8b
0x00007ffd05b36c8b:   45 20 48 8b 3c d8 eb 02 33 ff 48 8b 07 48 8b cf
0x00007ffd05b36c9b:   ff 50 20 48 3b c7 74 04 41 2b 5d 48 44 8d 63 01
0x00007ffd05b36cab:   41 83 fc 01 0f 86 65 04 00 00 66 66 66 0f 1f 84
0x00007ffd05b36cbb:   00 00 00 00 00 41 ff cc 44 89 a5 80 00 00 00 45
0x00007ffd05b36ccb:   3b 65 18 73 0a 49 8b 45 20 4e 8b 34 e0 eb 03 45
0x00007ffd05b36cdb:   33 f6 41 8b 46 2c 24 03 3c 02 0f 85 3d 01 00 00
0x00007ffd05b36ceb:   49 8b 06 49 8b ce ff 90 40 01 00 00 83 f8 43 0f
0x00007ffd05b36cfb:   85 28 01 00 00 49 8b 46 08 48 8b 78 08 8b 47 2c
0x00007ffd05b36d0b:   83 e0 0f 3c 0c 0f 85 12 01 00 00 48 8b 47 08 48
0x00007ffd05b36d1b:   8b 08 8b 41 2c 83 e0 7f 3c 60 0f 85 fd 00 00 00
0x00007ffd05b36d2b:   49 8b 47 48 48 8b 50 78 8b 47 28 48 8b 34 c2 83
0x00007ffd05b36d3b:   7e 18 00 76 09 48 8b 46 20 48 8b 00 eb 02 33 c0
0x00007ffd05b36d4b:   48 8b 40 08 48 8b 48 10 8b 41 28 4c 39 2c c2 0f
0x00007ffd05b36d5b:   85 c8 00 00 00 49 8b 47 10 48 8b 88 18 08 00 00
0x00007ffd05b36d6b:   4c 8b a1 b0 0a 00 00 b9 68 00 00 00 e8 54 55 e5
0x00007ffd05b36d7b:   ff 48 8b d8 48 85 c0 74 63 33 d2 48 8b c8 e8 d2
0x00007ffd05b36d8b:   55 46 00 33 c0 c7 43 2c 02 00 00 00 89 43 38 48 


Stack slot to memory mapping:
stack at sp + 0 slots: 0x0000000000000001 is an unknown value
stack at sp + 1 slots: 0x0000020e621b8b38 points into unknown readable memory: 0x00007ffd062249d8 | d8 49 22 06 fd 7f 00 00
stack at sp + 2 slots: 0x0000000000000053 is an unknown value
stack at sp + 3 slots: 0x00007ffd00000008 is an unknown value
stack at sp + 4 slots: 0x0000020e60e6a840 points into unknown readable memory: 0x0000000000009ffa | fa 9f 00 00 00 00 00 00
stack at sp + 5 slots: 0x00007ffd00000001 is an unknown value
stack at sp + 6 slots: 0x0000020e60e6acf0 points into unknown readable memory: 0x0000000000000000 | 00 00 00 00 00 00 00 00
stack at sp + 7 slots: 0x0000020e621b8b38 points into unknown readable memory: 0x00007ffd062249d8 | d8 49 22 06 fd 7f 00 00


---------------  P R O C E S S  ---------------

Threads class SMR info:
_java_thread_list=0x0000020e62258cf0, length=92, elements={
0x0000020e463f3000, 0x0000020e6003f000, 0x0000020e60041000, 0x0000020e60047800,
0x0000020e60049000, 0x0000020e6004e800, 0x0000020e608a1800, 0x0000020e608a7000,
0x0000020e608ac800, 0x0000020e60a05000, 0x0000020e62c4f800, 0x0000020e621d9000,
0x0000020e61c35000, 0x0000020e6320c800, 0x0000020e63209800, 0x0000020e6320a000,
0x0000020e6320b000, 0x0000020e6320b800, 0x0000020e63208800, 0x0000020e6320d800,
0x0000020e63207800, 0x0000020e6320e000, 0x0000020e641d7800, 0x0000020e641d8800,
0x0000020e67e48800, 0x0000020e67e48000, 0x0000020e6891f000, 0x0000020e641dd000,
0x0000020e684f2000, 0x0000020e684ec800, 0x0000020e684ee000, 0x0000020e684f0800,
0x0000020e684ea800, 0x0000020e684f1000, 0x0000020e684ed000, 0x0000020e684f3000,
0x0000020e684f3800, 0x0000020e684ef000, 0x0000020e684f7000, 0x0000020e684f4800,
0x0000020e646b5800, 0x0000020e684f5800, 0x0000020e684f7800, 0x0000020e684f8800,
0x0000020e684f6000, 0x0000020e6891b800, 0x0000020e6891d000, 0x0000020e6891e000,
0x0000020e6891c800, 0x0000020e68918800, 0x0000020e6891b000, 0x0000020e68919000,
0x0000020e6891f800, 0x0000020e6891a000, 0x0000020e68923800, 0x0000020e68924800,
0x0000020e68921800, 0x0000020e68925800, 0x0000020e68926000, 0x0000020e68920800,
0x0000020e68927000, 0x0000020e68922000, 0x0000020e67e40800, 0x0000020e67e3e000,
0x0000020e67e3b000, 0x0000020e67e41800, 0x0000020e67e3b800, 0x0000020e67e3f800,
0x0000020e67e42000, 0x0000020e67e3c800, 0x0000020e67e3f000, 0x0000020e67e43000,
0x0000020e67e3d000, 0x0000020e67e49800, 0x0000020e67e43800, 0x0000020e67e44800,
0x0000020e67e47000, 0x0000020e67e45800, 0x0000020e67e46000, 0x0000020e641dc800,
0x0000020e641db000, 0x0000020e641de000, 0x0000020e641db800, 0x0000020e641d9000,
0x0000020e641e3000, 0x0000020e641df800, 0x0000020e641e4800, 0x0000020e641e0800,
0x0000020e641e2000, 0x0000020e641e3800, 0x0000020e641e1800, 0x0000020e641e5800
}

Java Threads: ( => current thread )
  0x0000020e463f3000 JavaThread "main" [_thread_blocked, id=11584, stack(0x000000f882c00000,0x000000f882d00000)]
  0x0000020e6003f000 JavaThread "Reference Handler" daemon [_thread_blocked, id=2496, stack(0x000000f883300000,0x000000f883400000)]
  0x0000020e60041000 JavaThread "Finalizer" daemon [_thread_blocked, id=8288, stack(0x000000f883400000,0x000000f883500000)]
  0x0000020e60047800 JavaThread "Signal Dispatcher" daemon [_thread_blocked, id=8716, stack(0x000000f883500000,0x000000f883600000)]
  0x0000020e60049000 JavaThread "Attach Listener" daemon [_thread_blocked, id=9052, stack(0x000000f883600000,0x000000f883700000)]
  0x0000020e6004e800 JavaThread "Service Thread" daemon [_thread_blocked, id=9684, stack(0x000000f883700000,0x000000f883800000)]
  0x0000020e608a1800 JavaThread "C2 CompilerThread0" daemon [_thread_in_native, id=1924, stack(0x000000f883800000,0x000000f883900000)]
  0x0000020e608a7000 JavaThread "C1 CompilerThread0" daemon [_thread_blocked, id=3668, stack(0x000000f883900000,0x000000f883a00000)]
  0x0000020e608ac800 JavaThread "Sweeper thread" daemon [_thread_blocked, id=6012, stack(0x000000f883a00000,0x000000f883b00000)]
  0x0000020e60a05000 JavaThread "Common-Cleaner" daemon [_thread_blocked, id=4612, stack(0x000000f883b00000,0x000000f883c00000)]
  0x0000020e62c4f800 JavaThread "Daemon health stats" [_thread_blocked, id=4812, stack(0x000000f884100000,0x000000f884200000)]
  0x0000020e621d9000 JavaThread "Incoming local TCP Connector on port 50175" [_thread_in_native, id=6036, stack(0x000000f884200000,0x000000f884300000)]
  0x0000020e61c35000 JavaThread "Daemon periodic checks" [_thread_blocked, id=8468, stack(0x000000f884300000,0x000000f884400000)]
  0x0000020e6320c800 JavaThread "Cache worker for journal cache (C:\Users\Administrator\.gradle\caches\journal-1)" [_thread_blocked, id=6536, stack(0x000000f884b00000,0x000000f884c00000)]
  0x0000020e63209800 JavaThread "File lock request listener" [_thread_in_native, id=6532, stack(0x000000f884c00000,0x000000f884d00000)]
  0x0000020e6320a000 JavaThread "Cache worker for file hash cache (C:\Users\Administrator\.gradle\caches\7.5\fileHashes)" [_thread_blocked, id=10776, stack(0x000000f884d00000,0x000000f884e00000)]
  0x0000020e6320b000 JavaThread "File watcher server" daemon [_thread_in_native, id=3720, stack(0x000000f884e00000,0x000000f884f00000)]
  0x0000020e6320b800 JavaThread "File watcher consumer" daemon [_thread_blocked, id=5700, stack(0x000000f884f00000,0x000000f885000000)]
  0x0000020e63208800 JavaThread "jar transforms" [_thread_blocked, id=2284, stack(0x000000f885000000,0x000000f885100000)]
  0x0000020e6320d800 JavaThread "jar transforms Thread 2" [_thread_blocked, id=3972, stack(0x000000f885100000,0x000000f885200000)]
  0x0000020e63207800 JavaThread "jar transforms Thread 3" [_thread_blocked, id=768, stack(0x000000f885200000,0x000000f885300000)]
  0x0000020e6320e000 JavaThread "jar transforms Thread 4" [_thread_blocked, id=11068, stack(0x000000f885300000,0x000000f885400000)]
  0x0000020e641d7800 JavaThread "Cache worker for file content cache (C:\Users\Administrator\.gradle\caches\7.5\fileContent)" [_thread_blocked, id=3016, stack(0x000000f885600000,0x000000f885700000)]
  0x0000020e641d8800 JavaThread "Cache worker for execution history cache (C:\Users\Administrator\.gradle\caches\7.5\executionHistory)" [_thread_blocked, id=12208, stack(0x000000f885900000,0x000000f885a00000)]
  0x0000020e67e48800 JavaThread "Memory manager" [_thread_blocked, id=5960, stack(0x000000f888400000,0x000000f888500000)]
  0x0000020e67e48000 JavaThread "pool-3-thread-1" [_thread_blocked, id=2552, stack(0x000000f888500000,0x000000f888600000)]
  0x0000020e6891f000 JavaThread "pool-6-thread-1" [_thread_blocked, id=11112, stack(0x000000f888800000,0x000000f888900000)]
  0x0000020e641dd000 JavaThread "pool-9-thread-1" [_thread_blocked, id=8796, stack(0x000000f888100000,0x000000f888200000)]
  0x0000020e684f2000 JavaThread "pool-12-thread-1" [_thread_blocked, id=1608, stack(0x000000f888300000,0x000000f888400000)]
  0x0000020e684ec800 JavaThread "Daemon Thread 4" [_thread_blocked, id=3612, stack(0x000000f882a00000,0x000000f882b00000)]
  0x0000020e684ee000 JavaThread "Handler for socket connection from /127.0.0.1:50175 to /127.0.0.1:50202" [_thread_in_native, id=1804, stack(0x000000f882b00000,0x000000f882c00000)]
  0x0000020e684f0800 JavaThread "Cancel handler" [_thread_blocked, id=2084, stack(0x000000f883d00000,0x000000f883e00000)]
  0x0000020e684ea800 JavaThread "Daemon worker Thread 4" [_thread_blocked, id=11940, stack(0x000000f884400000,0x000000f884500000)]
  0x0000020e684f1000 JavaThread "Asynchronous log dispatcher for DefaultDaemonConnection: socket connection from /127.0.0.1:50175 to /127.0.0.1:50202" [_thread_blocked, id=7676, stack(0x000000f884500000,0x000000f884600000)]
  0x0000020e684ed000 JavaThread "Stdin handler" [_thread_blocked, id=9080, stack(0x000000f884600000,0x000000f884700000)]
  0x0000020e684f3000 JavaThread "Daemon client event forwarder" [_thread_blocked, id=2252, stack(0x000000f884700000,0x000000f884800000)]
  0x0000020e684f3800 JavaThread "Cache worker for checksums cache (P:\Retrofit\.gradle\7.5\checksums)" [_thread_blocked, id=4836, stack(0x000000f884800000,0x000000f884900000)]
  0x0000020e684ef000 JavaThread "Cache worker for cache directory md-rule (C:\Users\Administrator\.gradle\caches\7.5\md-rule)" [_thread_blocked, id=7504, stack(0x000000f884900000,0x000000f884a00000)]
  0x0000020e684f7000 JavaThread "Cache worker for file hash cache (P:\Retrofit\.gradle\7.5\fileHashes)" [_thread_blocked, id=4176, stack(0x000000f882900000,0x000000f882a00000)]
  0x0000020e684f4800 JavaThread "Cache worker for cache directory md-supplier (C:\Users\Administrator\.gradle\caches\7.5\md-supplier)" [_thread_blocked, id=2772, stack(0x000000f884a00000,0x000000f884b00000)]
=>0x0000020e646b5800 JavaThread "C2 CompilerThread1" daemon [_thread_in_native, id=10520, stack(0x000000f885400000,0x000000f885500000)]
  0x0000020e684f5800 JavaThread "Cache worker for dependencies-accessors (P:\Retrofit\.gradle\7.5\dependencies-accessors)" [_thread_blocked, id=4128, stack(0x000000f885500000,0x000000f885600000)]
  0x0000020e684f7800 JavaThread "Cache worker for Build Output Cleanup Cache (P:\Retrofit\.gradle\buildOutputCleanup)" [_thread_blocked, id=7872, stack(0x000000f885700000,0x000000f885800000)]
  0x0000020e684f8800 JavaThread "Unconstrained build operations" [_thread_blocked, id=7852, stack(0x000000f885800000,0x000000f885900000)]
  0x0000020e684f6000 JavaThread "Unconstrained build operations Thread 2" [_thread_blocked, id=10008, stack(0x000000f885a00000,0x000000f885b00000)]
  0x0000020e6891b800 JavaThread "Unconstrained build operations Thread 3" [_thread_blocked, id=464, stack(0x000000f885b00000,0x000000f885c00000)]
  0x0000020e6891d000 JavaThread "Unconstrained build operations Thread 4" [_thread_blocked, id=11516, stack(0x000000f885c00000,0x000000f885d00000)]
  0x0000020e6891e000 JavaThread "Unconstrained build operations Thread 5" [_thread_blocked, id=5128, stack(0x000000f885d00000,0x000000f885e00000)]
  0x0000020e6891c800 JavaThread "Unconstrained build operations Thread 6" [_thread_blocked, id=9856, stack(0x000000f885e00000,0x000000f885f00000)]
  0x0000020e68918800 JavaThread "Unconstrained build operations Thread 7" [_thread_blocked, id=4580, stack(0x000000f885f00000,0x000000f886000000)]
  0x0000020e6891b000 JavaThread "Unconstrained build operations Thread 8" [_thread_blocked, id=1584, stack(0x000000f886000000,0x000000f886100000)]
  0x0000020e68919000 JavaThread "Unconstrained build operations Thread 9" [_thread_blocked, id=6184, stack(0x000000f886100000,0x000000f886200000)]
  0x0000020e6891f800 JavaThread "Unconstrained build operations Thread 10" [_thread_blocked, id=764, stack(0x000000f886200000,0x000000f886300000)]
  0x0000020e6891a000 JavaThread "Unconstrained build operations Thread 11" [_thread_blocked, id=11392, stack(0x000000f886300000,0x000000f886400000)]
  0x0000020e68923800 JavaThread "Unconstrained build operations Thread 12" [_thread_blocked, id=10620, stack(0x000000f886400000,0x000000f886500000)]
  0x0000020e68924800 JavaThread "Unconstrained build operations Thread 13" [_thread_blocked, id=10740, stack(0x000000f886500000,0x000000f886600000)]
  0x0000020e68921800 JavaThread "Unconstrained build operations Thread 14" [_thread_blocked, id=11468, stack(0x000000f886600000,0x000000f886700000)]
  0x0000020e68925800 JavaThread "Unconstrained build operations Thread 15" [_thread_blocked, id=4520, stack(0x000000f886700000,0x000000f886800000)]
  0x0000020e68926000 JavaThread "Unconstrained build operations Thread 16" [_thread_blocked, id=4452, stack(0x000000f886800000,0x000000f886900000)]
  0x0000020e68920800 JavaThread "Unconstrained build operations Thread 17" [_thread_blocked, id=8184, stack(0x000000f886900000,0x000000f886a00000)]
  0x0000020e68927000 JavaThread "Unconstrained build operations Thread 18" [_thread_blocked, id=7888, stack(0x000000f886a00000,0x000000f886b00000)]
  0x0000020e68922000 JavaThread "Unconstrained build operations Thread 19" [_thread_blocked, id=3124, stack(0x000000f886b00000,0x000000f886c00000)]
  0x0000020e67e40800 JavaThread "Unconstrained build operations Thread 20" [_thread_blocked, id=6748, stack(0x000000f886c00000,0x000000f886d00000)]
  0x0000020e67e3e000 JavaThread "Unconstrained build operations Thread 21" [_thread_blocked, id=7428, stack(0x000000f886d00000,0x000000f886e00000)]
  0x0000020e67e3b000 JavaThread "Unconstrained build operations Thread 22" [_thread_blocked, id=8928, stack(0x000000f886e00000,0x000000f886f00000)]
  0x0000020e67e41800 JavaThread "Unconstrained build operations Thread 23" [_thread_blocked, id=8764, stack(0x000000f886f00000,0x000000f887000000)]
  0x0000020e67e3b800 JavaThread "Unconstrained build operations Thread 24" [_thread_blocked, id=2688, stack(0x000000f887000000,0x000000f887100000)]
  0x0000020e67e3f800 JavaThread "Unconstrained build operations Thread 25" [_thread_blocked, id=11512, stack(0x000000f887100000,0x000000f887200000)]
  0x0000020e67e42000 JavaThread "Unconstrained build operations Thread 26" [_thread_blocked, id=2472, stack(0x000000f887200000,0x000000f887300000)]
  0x0000020e67e3c800 JavaThread "Unconstrained build operations Thread 27" [_thread_blocked, id=11536, stack(0x000000f887300000,0x000000f887400000)]
  0x0000020e67e3f000 JavaThread "Unconstrained build operations Thread 28" [_thread_blocked, id=11796, stack(0x000000f887400000,0x000000f887500000)]
  0x0000020e67e43000 JavaThread "Unconstrained build operations Thread 29" [_thread_blocked, id=4784, stack(0x000000f887500000,0x000000f887600000)]
  0x0000020e67e3d000 JavaThread "Unconstrained build operations Thread 30" [_thread_blocked, id=1836, stack(0x000000f887600000,0x000000f887700000)]
  0x0000020e67e49800 JavaThread "Unconstrained build operations Thread 31" [_thread_blocked, id=9096, stack(0x000000f887700000,0x000000f887800000)]
  0x0000020e67e43800 JavaThread "Unconstrained build operations Thread 32" [_thread_blocked, id=4508, stack(0x000000f887800000,0x000000f887900000)]
  0x0000020e67e44800 JavaThread "Unconstrained build operations Thread 33" [_thread_blocked, id=6112, stack(0x000000f887900000,0x000000f887a00000)]
  0x0000020e67e47000 JavaThread "Unconstrained build operations Thread 34" [_thread_blocked, id=6476, stack(0x000000f887a00000,0x000000f887b00000)]
  0x0000020e67e45800 JavaThread "Unconstrained build operations Thread 35" [_thread_blocked, id=3980, stack(0x000000f887b00000,0x000000f887c00000)]
  0x0000020e67e46000 JavaThread "Unconstrained build operations Thread 36" [_thread_blocked, id=8944, stack(0x000000f887c00000,0x000000f887d00000)]
  0x0000020e641dc800 JavaThread "Unconstrained build operations Thread 37" [_thread_blocked, id=7208, stack(0x000000f887d00000,0x000000f887e00000)]
  0x0000020e641db000 JavaThread "Unconstrained build operations Thread 38" [_thread_blocked, id=5300, stack(0x000000f887e00000,0x000000f887f00000)]
  0x0000020e641de000 JavaThread "Unconstrained build operations Thread 39" [_thread_blocked, id=4916, stack(0x000000f887f00000,0x000000f888000000)]
  0x0000020e641db800 JavaThread "Unconstrained build operations Thread 40" [_thread_blocked, id=5152, stack(0x000000f888000000,0x000000f888100000)]
  0x0000020e641d9000 JavaThread "build event listener" [_thread_blocked, id=6680, stack(0x000000f888200000,0x000000f888300000)]
  0x0000020e641e3000 JavaThread "pool-15-thread-1" [_thread_blocked, id=3728, stack(0x000000f888600000,0x000000f888700000)]
  0x0000020e641df800 JavaThread "build event listener" [_thread_blocked, id=8448, stack(0x000000f888700000,0x000000f888800000)]
  0x0000020e641e4800 JavaThread "included builds" [_thread_blocked, id=6544, stack(0x000000f888900000,0x000000f888a00000)]
  0x0000020e641e0800 JavaThread "Execution worker" [_thread_blocked, id=8032, stack(0x000000f888a00000,0x000000f888b00000)]
  0x0000020e641e2000 JavaThread "Execution worker Thread 2" [_thread_blocked, id=2176, stack(0x000000f888b00000,0x000000f888c00000)]
  0x0000020e641e3800 JavaThread "Execution worker Thread 3" [_thread_in_Java, id=4652, stack(0x000000f888c00000,0x000000f888d00000)]
  0x0000020e641e1800 JavaThread "Cache worker for execution history cache (P:\Retrofit\.gradle\7.5\executionHistory)" [_thread_blocked, id=7860, stack(0x000000f888d00000,0x000000f888e00000)]
  0x0000020e641e5800 JavaThread "WorkerExecutor Queue" [_thread_blocked, id=9304, stack(0x000000f888e00000,0x000000f888f00000)]

Other Threads:
  0x0000020e60856000 VMThread "VM Thread" [stack: 0x000000f883200000,0x000000f883300000] [id=8168]
  0x0000020e60a12800 WatcherThread [stack: 0x000000f883c00000,0x000000f883d00000] [id=7020]
  0x0000020e4640c000 GCTaskThread "GC Thread#0" [stack: 0x000000f882d00000,0x000000f882e00000] [id=4968]
  0x0000020e61528800 GCTaskThread "GC Thread#1" [stack: 0x000000f883e00000,0x000000f883f00000] [id=3020]
  0x0000020e61665800 GCTaskThread "GC Thread#2" [stack: 0x000000f883f00000,0x000000f884000000] [id=4232]
  0x0000020e61666000 GCTaskThread "GC Thread#3" [stack: 0x000000f884000000,0x000000f884100000] [id=11140]
  0x0000020e4643d800 ConcurrentGCThread "G1 Main Marker" [stack: 0x000000f882e00000,0x000000f882f00000] [id=4976]
  0x0000020e4643e800 ConcurrentGCThread "G1 Conc#0" [stack: 0x000000f882f00000,0x000000f883000000] [id=4972]
  0x0000020e5fe86800 ConcurrentGCThread "G1 Refine#0" [stack: 0x000000f883000000,0x000000f883100000] [id=8912]
  0x0000020e464cd800 ConcurrentGCThread "G1 Young RemSet Sampling" [stack: 0x000000f883100000,0x000000f883200000] [id=12060]

Threads with active compile tasks:
C2 CompilerThread0  9589310 21064       4       com.android.utils.XmlUtils::append (597 bytes)
C1 CompilerThread0  9589310 21083   !   2       com.google.common.cache.LocalCache$Segment::get (210 bytes)
C2 CompilerThread1  9589310 21068 %     4       sun.nio.cs.UTF_8$Encoder::encodeArrayLoop @ 109 (489 bytes)

VM state:not at safepoint (normal execution)

VM Mutex/Monitor currently owned by a thread:  ([mutex/lock_event])
[0x0000020e463efd50] MethodData_lock - owner thread: 0x0000000000000000

Heap address: 0x0000000080000000, size: 2048 MB, Compressed Oops mode: 32-bit
Narrow klass base: 0x0000000000000000, Narrow klass shift: 3
Compressed class space size: 1073741824 Address: 0x0000000100000000

Heap:
 garbage-first heap   total 287744K, used 247041K [0x0000000080000000, 0x0000000100000000)
  region size 1024K, 12 young (12288K), 2 survivors (2048K)
 Metaspace       used 133649K, capacity 136826K, committed 137340K, reserved 1169408K
  class space    used 16271K, capacity 17416K, committed 17612K, reserved 1048576K
Heap Regions: E=young(eden), S=young(survivor), O=old, HS=humongous(starts), HC=humongous(continues), CS=collection set, F=free, A=archive, TAMS=top-at-mark-start (previous, next)
|   0|0x0000000080000000, 0x0000000080100000, 0x0000000080100000|100%|HS|  |TAMS 0x0000000080100000, 0x0000000080000000| Complete 
|   1|0x0000000080100000, 0x0000000080200000, 0x0000000080200000|100%|HC|  |TAMS 0x0000000080200000, 0x0000000080100000| Complete 
|   2|0x0000000080200000, 0x0000000080300000, 0x0000000080300000|100%|HC|  |TAMS 0x0000000080300000, 0x0000000080200000| Complete 
|   3|0x0000000080300000, 0x0000000080400000, 0x0000000080400000|100%| O|  |TAMS 0x0000000080400000, 0x0000000080300000| Updating 
|   4|0x0000000080400000, 0x0000000080500000, 0x0000000080500000|100%| O|  |TAMS 0x0000000080500000, 0x0000000080400000| Updating 
|   5|0x0000000080500000, 0x0000000080600000, 0x0000000080600000|100%| O|  |TAMS 0x0000000080600000, 0x0000000080500000| Updating 
|   6|0x0000000080600000, 0x0000000080700000, 0x0000000080700000|100%| O|  |TAMS 0x0000000080700000, 0x0000000080600000| Updating 
|   7|0x0000000080700000, 0x0000000080800000, 0x0000000080800000|100%| O|  |TAMS 0x0000000080800000, 0x0000000080700000| Updating 
|   8|0x0000000080800000, 0x0000000080900000, 0x0000000080900000|100%| O|  |TAMS 0x0000000080900000, 0x0000000080800000| Updating 
|   9|0x0000000080900000, 0x0000000080a00000, 0x0000000080a00000|100%| O|  |TAMS 0x0000000080a00000, 0x0000000080900000| Updating 
|  10|0x0000000080a00000, 0x0000000080b00000, 0x0000000080b00000|100%| O|  |TAMS 0x0000000080b00000, 0x0000000080a00000| Updating 
|  11|0x0000000080b00000, 0x0000000080c00000, 0x0000000080c00000|100%| O|  |TAMS 0x0000000080c00000, 0x0000000080b00000| Updating 
|  12|0x0000000080c00000, 0x0000000080d00000, 0x0000000080d00000|100%| O|  |TAMS 0x0000000080d00000, 0x0000000080c00000| Updating 
|  13|0x0000000080d00000, 0x0000000080e00000, 0x0000000080e00000|100%| O|  |TAMS 0x0000000080e00000, 0x0000000080d00000| Updating 
|  14|0x0000000080e00000, 0x0000000080f00000, 0x0000000080f00000|100%|HS|  |TAMS 0x0000000080f00000, 0x0000000080e00000| Complete 
|  15|0x0000000080f00000, 0x0000000081000000, 0x0000000081000000|100%|HC|  |TAMS 0x0000000081000000, 0x0000000080f00000| Complete 
|  16|0x0000000081000000, 0x0000000081100000, 0x0000000081100000|100%|HS|  |TAMS 0x0000000081100000, 0x0000000081000000| Complete 
|  17|0x0000000081100000, 0x0000000081200000, 0x0000000081200000|100%|HC|  |TAMS 0x0000000081200000, 0x0000000081100000| Complete 
|  18|0x0000000081200000, 0x0000000081300000, 0x0000000081300000|100%|HC|  |TAMS 0x0000000081300000, 0x0000000081200000| Complete 
|  19|0x0000000081300000, 0x0000000081400000, 0x0000000081400000|100%|HS|  |TAMS 0x0000000081400000, 0x0000000081300000| Complete 
|  20|0x0000000081400000, 0x0000000081500000, 0x0000000081500000|100%|HC|  |TAMS 0x0000000081500000, 0x0000000081400000| Complete 
|  21|0x0000000081500000, 0x0000000081600000, 0x0000000081600000|100%|HC|  |TAMS 0x0000000081600000, 0x0000000081500000| Complete 
|  22|0x0000000081600000, 0x0000000081700000, 0x0000000081700000|100%|HC|  |TAMS 0x0000000081700000, 0x0000000081600000| Complete 
|  23|0x0000000081700000, 0x0000000081800000, 0x0000000081800000|100%|HC|  |TAMS 0x0000000081800000, 0x0000000081700000| Complete 
|  24|0x0000000081800000, 0x0000000081900000, 0x0000000081900000|100%|HS|  |TAMS 0x0000000081900000, 0x0000000081800000| Complete 
|  25|0x0000000081900000, 0x0000000081a00000, 0x0000000081a00000|100%|HC|  |TAMS 0x0000000081a00000, 0x0000000081900000| Complete 
|  26|0x0000000081a00000, 0x0000000081b00000, 0x0000000081b00000|100%|HS|  |TAMS 0x0000000081b00000, 0x0000000081a00000| Complete 
|  27|0x0000000081b00000, 0x0000000081c00000, 0x0000000081c00000|100%|HC|  |TAMS 0x0000000081c00000, 0x0000000081b00000| Complete 
|  28|0x0000000081c00000, 0x0000000081d00000, 0x0000000081d00000|100%|HC|  |TAMS 0x0000000081d00000, 0x0000000081c00000| Complete 
|  29|0x0000000081d00000, 0x0000000081e00000, 0x0000000081e00000|100%|HS|  |TAMS 0x0000000081e00000, 0x0000000081d00000| Complete 
|  30|0x0000000081e00000, 0x0000000081f00000, 0x0000000081f00000|100%|HC|  |TAMS 0x0000000081f00000, 0x0000000081e00000| Complete 
|  31|0x0000000081f00000, 0x0000000082000000, 0x0000000082000000|100%|HC|  |TAMS 0x0000000082000000, 0x0000000081f00000| Complete 
|  32|0x0000000082000000, 0x0000000082100000, 0x0000000082100000|100%|HC|  |TAMS 0x0000000082100000, 0x0000000082000000| Complete 
|  33|0x0000000082100000, 0x0000000082200000, 0x0000000082200000|100%|HC|  |TAMS 0x0000000082200000, 0x0000000082100000| Complete 
|  34|0x0000000082200000, 0x0000000082300000, 0x0000000082300000|100%|HC|  |TAMS 0x0000000082300000, 0x0000000082200000| Complete 
|  35|0x0000000082300000, 0x0000000082400000, 0x0000000082400000|100%|HC|  |TAMS 0x0000000082400000, 0x0000000082300000| Complete 
|  36|0x0000000082400000, 0x0000000082500000, 0x0000000082500000|100%|HC|  |TAMS 0x0000000082500000, 0x0000000082400000| Complete 
|  37|0x0000000082500000, 0x0000000082600000, 0x0000000082600000|100%|HC|  |TAMS 0x0000000082600000, 0x0000000082500000| Complete 
|  38|0x0000000082600000, 0x0000000082700000, 0x0000000082700000|100%|HC|  |TAMS 0x0000000082700000, 0x0000000082600000| Complete 
|  39|0x0000000082700000, 0x0000000082800000, 0x0000000082800000|100%|HS|  |TAMS 0x0000000082800000, 0x0000000082700000| Complete 
|  40|0x0000000082800000, 0x0000000082900000, 0x0000000082900000|100%|HC|  |TAMS 0x0000000082900000, 0x0000000082800000| Complete 
|  41|0x0000000082900000, 0x0000000082a00000, 0x0000000082a00000|100%| O|  |TAMS 0x0000000082a00000, 0x0000000082900000| Updating 
|  42|0x0000000082a00000, 0x0000000082b00000, 0x0000000082b00000|100%|HS|  |TAMS 0x0000000082b00000, 0x0000000082a00000| Complete 
|  43|0x0000000082b00000, 0x0000000082c00000, 0x0000000082c00000|100%|HC|  |TAMS 0x0000000082c00000, 0x0000000082b00000| Complete 
|  44|0x0000000082c00000, 0x0000000082d00000, 0x0000000082d00000|100%| O|  |TAMS 0x0000000082d00000, 0x0000000082c00000| Updating 
|  45|0x0000000082d00000, 0x0000000082e00000, 0x0000000082e00000|100%| O|  |TAMS 0x0000000082e00000, 0x0000000082d00000| Updating 
|  46|0x0000000082e00000, 0x0000000082f00000, 0x0000000082f00000|100%| O|  |TAMS 0x0000000082f00000, 0x0000000082e00000| Updating 
|  47|0x0000000082f00000, 0x0000000083000000, 0x0000000083000000|100%| O|  |TAMS 0x0000000083000000, 0x0000000082f00000| Updating 
|  48|0x0000000083000000, 0x0000000083100000, 0x0000000083100000|100%| O|  |TAMS 0x0000000083100000, 0x0000000083000000| Updating 
|  49|0x0000000083100000, 0x0000000083200000, 0x0000000083200000|100%| O|  |TAMS 0x0000000083200000, 0x0000000083100000| Updating 
|  50|0x0000000083200000, 0x0000000083300000, 0x0000000083300000|100%| O|  |TAMS 0x0000000083300000, 0x0000000083200000| Updating 
|  51|0x0000000083300000, 0x0000000083400000, 0x0000000083400000|100%| O|  |TAMS 0x0000000083400000, 0x0000000083300000| Updating 
|  52|0x0000000083400000, 0x0000000083500000, 0x0000000083500000|100%| O|  |TAMS 0x0000000083500000, 0x0000000083400000| Updating 
|  53|0x0000000083500000, 0x0000000083600000, 0x0000000083600000|100%| O|  |TAMS 0x0000000083600000, 0x0000000083500000| Updating 
|  54|0x0000000083600000, 0x0000000083700000, 0x0000000083700000|100%| O|  |TAMS 0x0000000083700000, 0x0000000083600000| Updating 
|  55|0x0000000083700000, 0x0000000083800000, 0x0000000083800000|100%| O|  |TAMS 0x0000000083800000, 0x0000000083700000| Updating 
|  56|0x0000000083800000, 0x0000000083900000, 0x0000000083900000|100%| O|  |TAMS 0x0000000083900000, 0x0000000083800000| Updating 
|  57|0x0000000083900000, 0x0000000083a00000, 0x0000000083a00000|100%|HS|  |TAMS 0x0000000083a00000, 0x0000000083900000| Complete 
|  58|0x0000000083a00000, 0x0000000083b00000, 0x0000000083b00000|100%|HC|  |TAMS 0x0000000083b00000, 0x0000000083a00000| Complete 
|  59|0x0000000083b00000, 0x0000000083c00000, 0x0000000083c00000|100%|HC|  |TAMS 0x0000000083c00000, 0x0000000083b00000| Complete 
|  60|0x0000000083c00000, 0x0000000083d00000, 0x0000000083d00000|100%|HC|  |TAMS 0x0000000083d00000, 0x0000000083c00000| Complete 
|  61|0x0000000083d00000, 0x0000000083e00000, 0x0000000083e00000|100%|HC|  |TAMS 0x0000000083e00000, 0x0000000083d00000| Complete 
|  62|0x0000000083e00000, 0x0000000083f00000, 0x0000000083f00000|100%|HC|  |TAMS 0x0000000083f00000, 0x0000000083e00000| Complete 
|  63|0x0000000083f00000, 0x0000000084000000, 0x0000000084000000|100%|HC|  |TAMS 0x0000000084000000, 0x0000000083f00000| Complete 
|  64|0x0000000084000000, 0x0000000084100000, 0x0000000084100000|100%|HC|  |TAMS 0x0000000084100000, 0x0000000084000000| Complete 
|  65|0x0000000084100000, 0x0000000084200000, 0x0000000084200000|100%|HC|  |TAMS 0x0000000084200000, 0x0000000084100000| Complete 
|  66|0x0000000084200000, 0x0000000084300000, 0x0000000084300000|100%|HC|  |TAMS 0x0000000084300000, 0x0000000084200000| Complete 
|  67|0x0000000084300000, 0x0000000084400000, 0x0000000084400000|100%|HS|  |TAMS 0x0000000084400000, 0x0000000084300000| Complete 
|  68|0x0000000084400000, 0x0000000084500000, 0x0000000084500000|100%|HC|  |TAMS 0x0000000084500000, 0x0000000084400000| Complete 
|  69|0x0000000084500000, 0x0000000084600000, 0x0000000084600000|100%|HC|  |TAMS 0x0000000084600000, 0x0000000084500000| Complete 
|  70|0x0000000084600000, 0x0000000084700000, 0x0000000084700000|100%|HS|  |TAMS 0x0000000084700000, 0x0000000084600000| Complete 
|  71|0x0000000084700000, 0x0000000084800000, 0x0000000084800000|100%|HC|  |TAMS 0x0000000084800000, 0x0000000084700000| Complete 
|  72|0x0000000084800000, 0x0000000084900000, 0x0000000084900000|100%|HS|  |TAMS 0x0000000084900000, 0x0000000084800000| Complete 
|  73|0x0000000084900000, 0x0000000084a00000, 0x0000000084a00000|100%|HC|  |TAMS 0x0000000084a00000, 0x0000000084900000| Complete 
|  74|0x0000000084a00000, 0x0000000084b00000, 0x0000000084b00000|100%|HC|  |TAMS 0x0000000084b00000, 0x0000000084a00000| Complete 
|  75|0x0000000084b00000, 0x0000000084c00000, 0x0000000084c00000|100%| O|  |TAMS 0x0000000084c00000, 0x0000000084b00000| Updating 
|  76|0x0000000084c00000, 0x0000000084d00000, 0x0000000084d00000|100%| O|  |TAMS 0x0000000084d00000, 0x0000000084c00000| Updating 
|  77|0x0000000084d00000, 0x0000000084e00000, 0x0000000084e00000|100%| O|  |TAMS 0x0000000084e00000, 0x0000000084d00000| Updating 
|  78|0x0000000084e00000, 0x0000000084f00000, 0x0000000084f00000|100%| O|  |TAMS 0x0000000084f00000, 0x0000000084e00000| Updating 
|  79|0x0000000084f00000, 0x0000000085000000, 0x0000000085000000|100%| O|  |TAMS 0x0000000085000000, 0x0000000084f00000| Updating 
|  80|0x0000000085000000, 0x0000000085100000, 0x0000000085100000|100%|HS|  |TAMS 0x0000000085100000, 0x0000000085000000| Complete 
|  81|0x0000000085100000, 0x0000000085200000, 0x0000000085200000|100%|HC|  |TAMS 0x0000000085200000, 0x0000000085100000| Complete 
|  82|0x0000000085200000, 0x0000000085300000, 0x0000000085300000|100%|HC|  |TAMS 0x0000000085300000, 0x0000000085200000| Complete 
|  83|0x0000000085300000, 0x0000000085400000, 0x0000000085400000|100%|HC|  |TAMS 0x0000000085400000, 0x0000000085300000| Complete 
|  84|0x0000000085400000, 0x0000000085500000, 0x0000000085500000|100%|HC|  |TAMS 0x0000000085500000, 0x0000000085400000| Complete 
|  85|0x0000000085500000, 0x0000000085600000, 0x0000000085600000|100%| O|  |TAMS 0x0000000085600000, 0x0000000085500000| Updating 
|  86|0x0000000085600000, 0x0000000085700000, 0x0000000085700000|100%| O|  |TAMS 0x0000000085700000, 0x0000000085600000| Updating 
|  87|0x0000000085700000, 0x0000000085800000, 0x0000000085800000|100%| O|  |TAMS 0x0000000085800000, 0x0000000085700000| Updating 
|  88|0x0000000085800000, 0x0000000085900000, 0x0000000085900000|100%| O|  |TAMS 0x0000000085900000, 0x0000000085800000| Updating 
|  89|0x0000000085900000, 0x0000000085a00000, 0x0000000085a00000|100%| O|  |TAMS 0x0000000085a00000, 0x0000000085900000| Updating 
|  90|0x0000000085a00000, 0x0000000085b00000, 0x0000000085b00000|100%| O|  |TAMS 0x0000000085b00000, 0x0000000085a00000| Updating 
|  91|0x0000000085b00000, 0x0000000085c00000, 0x0000000085c00000|100%| O|  |TAMS 0x0000000085c00000, 0x0000000085b00000| Updating 
|  92|0x0000000085c00000, 0x0000000085d00000, 0x0000000085d00000|100%|HS|  |TAMS 0x0000000085d00000, 0x0000000085c00000| Complete 
|  93|0x0000000085d00000, 0x0000000085e00000, 0x0000000085e00000|100%|HS|  |TAMS 0x0000000085e00000, 0x0000000085d00000| Complete 
|  94|0x0000000085e00000, 0x0000000085f00000, 0x0000000085f00000|100%|HC|  |TAMS 0x0000000085f00000, 0x0000000085e00000| Complete 
|  95|0x0000000085f00000, 0x0000000086000000, 0x0000000086000000|100%|HS|  |TAMS 0x0000000086000000, 0x0000000085f00000| Complete 
|  96|0x0000000086000000, 0x0000000086100000, 0x0000000086100000|100%|HS|  |TAMS 0x0000000086100000, 0x0000000086000000| Complete 
|  97|0x0000000086100000, 0x0000000086200000, 0x0000000086200000|100%|HC|  |TAMS 0x0000000086200000, 0x0000000086100000| Complete 
|  98|0x0000000086200000, 0x0000000086300000, 0x0000000086300000|100%|HC|  |TAMS 0x0000000086300000, 0x0000000086200000| Complete 
|  99|0x0000000086300000, 0x0000000086400000, 0x0000000086400000|100%|HC|  |TAMS 0x0000000086400000, 0x0000000086300000| Complete 
| 100|0x0000000086400000, 0x0000000086500000, 0x0000000086500000|100%| O|  |TAMS 0x0000000086500000, 0x0000000086400000| Updating 
| 101|0x0000000086500000, 0x0000000086600000, 0x0000000086600000|100%| O|  |TAMS 0x0000000086600000, 0x0000000086500000| Updating 
| 102|0x0000000086600000, 0x0000000086700000, 0x0000000086700000|100%| O|  |TAMS 0x0000000086700000, 0x0000000086600000| Updating 
| 103|0x0000000086700000, 0x0000000086800000, 0x0000000086800000|100%| O|  |TAMS 0x0000000086800000, 0x0000000086700000| Updating 
| 104|0x0000000086800000, 0x0000000086900000, 0x0000000086900000|100%| O|  |TAMS 0x0000000086900000, 0x0000000086800000| Updating 
| 105|0x0000000086900000, 0x0000000086a00000, 0x0000000086a00000|100%| O|  |TAMS 0x0000000086a00000, 0x0000000086900000| Updating 
| 106|0x0000000086a00000, 0x0000000086b00000, 0x0000000086b00000|100%| O|  |TAMS 0x0000000086b00000, 0x0000000086a00000| Updating 
| 107|0x0000000086b00000, 0x0000000086c00000, 0x0000000086c00000|100%| O|  |TAMS 0x0000000086c00000, 0x0000000086b00000| Updating 
| 108|0x0000000086c00000, 0x0000000086d00000, 0x0000000086d00000|100%| O|  |TAMS 0x0000000086d00000, 0x0000000086c00000| Updating 
| 109|0x0000000086d00000, 0x0000000086e00000, 0x0000000086e00000|100%| O|  |TAMS 0x0000000086e00000, 0x0000000086d00000| Updating 
| 110|0x0000000086e00000, 0x0000000086f00000, 0x0000000086f00000|100%| O|  |TAMS 0x0000000086f00000, 0x0000000086e00000| Updating 
| 111|0x0000000086f00000, 0x0000000087000000, 0x0000000087000000|100%| O|  |TAMS 0x0000000087000000, 0x0000000086f00000| Updating 
| 112|0x0000000087000000, 0x0000000087100000, 0x0000000087100000|100%| O|  |TAMS 0x0000000087100000, 0x0000000087000000| Updating 
| 113|0x0000000087100000, 0x0000000087200000, 0x0000000087200000|100%| O|  |TAMS 0x0000000087200000, 0x0000000087100000| Updating 
| 114|0x0000000087200000, 0x0000000087300000, 0x0000000087300000|100%| O|  |TAMS 0x0000000087300000, 0x0000000087200000| Updating 
| 115|0x0000000087300000, 0x0000000087400000, 0x0000000087400000|100%| O|  |TAMS 0x0000000087400000, 0x0000000087300000| Updating 
| 116|0x0000000087400000, 0x0000000087500000, 0x0000000087500000|100%| O|  |TAMS 0x0000000087500000, 0x0000000087400000| Updating 
| 117|0x0000000087500000, 0x0000000087600000, 0x0000000087600000|100%| O|  |TAMS 0x0000000087600000, 0x0000000087500000| Updating 
| 118|0x0000000087600000, 0x0000000087700000, 0x0000000087700000|100%| O|  |TAMS 0x0000000087700000, 0x0000000087600000| Updating 
| 119|0x0000000087700000, 0x0000000087800000, 0x0000000087800000|100%| O|  |TAMS 0x0000000087800000, 0x0000000087700000| Updating 
| 120|0x0000000087800000, 0x0000000087900000, 0x0000000087900000|100%| O|  |TAMS 0x0000000087900000, 0x0000000087800000| Updating 
| 121|0x0000000087900000, 0x0000000087a00000, 0x0000000087a00000|100%| O|  |TAMS 0x0000000087a00000, 0x0000000087900000| Updating 
| 122|0x0000000087a00000, 0x0000000087b00000, 0x0000000087b00000|100%| O|  |TAMS 0x0000000087b00000, 0x0000000087a00000| Updating 
| 123|0x0000000087b00000, 0x0000000087c00000, 0x0000000087c00000|100%| O|  |TAMS 0x0000000087c00000, 0x0000000087b00000| Updating 
| 124|0x0000000087c00000, 0x0000000087d00000, 0x0000000087d00000|100%| O|  |TAMS 0x0000000087d00000, 0x0000000087c00000| Updating 
| 125|0x0000000087d00000, 0x0000000087e00000, 0x0000000087e00000|100%| O|  |TAMS 0x0000000087e00000, 0x0000000087d00000| Updating 
| 126|0x0000000087e00000, 0x0000000087f00000, 0x0000000087f00000|100%| O|  |TAMS 0x0000000087f00000, 0x0000000087e00000| Updating 
| 127|0x0000000087f00000, 0x0000000088000000, 0x0000000088000000|100%|HS|  |TAMS 0x0000000088000000, 0x0000000087f00000| Complete 
| 128|0x0000000088000000, 0x0000000088100000, 0x0000000088100000|100%|HC|  |TAMS 0x0000000088100000, 0x0000000088000000| Complete 
| 129|0x0000000088100000, 0x0000000088200000, 0x0000000088200000|100%|HS|  |TAMS 0x0000000088200000, 0x0000000088100000| Complete 
| 130|0x0000000088200000, 0x0000000088300000, 0x0000000088300000|100%|HC|  |TAMS 0x0000000088300000, 0x0000000088200000| Complete 
| 131|0x0000000088300000, 0x0000000088400000, 0x0000000088400000|100%|HC|  |TAMS 0x0000000088400000, 0x0000000088300000| Complete 
| 132|0x0000000088400000, 0x0000000088500000, 0x0000000088500000|100%|HS|  |TAMS 0x0000000088500000, 0x0000000088400000| Complete 
| 133|0x0000000088500000, 0x0000000088600000, 0x0000000088600000|100%|HC|  |TAMS 0x0000000088600000, 0x0000000088500000| Complete 
| 134|0x0000000088600000, 0x0000000088700000, 0x0000000088700000|100%|HC|  |TAMS 0x0000000088700000, 0x0000000088600000| Complete 
| 135|0x0000000088700000, 0x0000000088800000, 0x0000000088800000|100%|HC|  |TAMS 0x0000000088800000, 0x0000000088700000| Complete 
| 136|0x0000000088800000, 0x0000000088900000, 0x0000000088900000|100%|HC|  |TAMS 0x0000000088900000, 0x0000000088800000| Complete 
| 137|0x0000000088900000, 0x0000000088a00000, 0x0000000088a00000|100%|HS|  |TAMS 0x0000000088a00000, 0x0000000088900000| Complete 
| 138|0x0000000088a00000, 0x0000000088b00000, 0x0000000088b00000|100%|HC|  |TAMS 0x0000000088b00000, 0x0000000088a00000| Complete 
| 139|0x0000000088b00000, 0x0000000088c00000, 0x0000000088c00000|100%|HS|  |TAMS 0x0000000088c00000, 0x0000000088b00000| Complete 
| 140|0x0000000088c00000, 0x0000000088d00000, 0x0000000088d00000|100%|HC|  |TAMS 0x0000000088d00000, 0x0000000088c00000| Complete 
| 141|0x0000000088d00000, 0x0000000088e00000, 0x0000000088e00000|100%|HC|  |TAMS 0x0000000088e00000, 0x0000000088d00000| Complete 
| 142|0x0000000088e00000, 0x0000000088f00000, 0x0000000088f00000|100%|HS|  |TAMS 0x0000000088f00000, 0x0000000088e00000| Complete 
| 143|0x0000000088f00000, 0x0000000089000000, 0x0000000089000000|100%|HC|  |TAMS 0x0000000089000000, 0x0000000088f00000| Complete 
| 144|0x0000000089000000, 0x0000000089100000, 0x0000000089100000|100%|HC|  |TAMS 0x0000000089100000, 0x0000000089000000| Complete 
| 145|0x0000000089100000, 0x0000000089200000, 0x0000000089200000|100%|HC|  |TAMS 0x0000000089200000, 0x0000000089100000| Complete 
| 146|0x0000000089200000, 0x0000000089300000, 0x0000000089300000|100%|HC|  |TAMS 0x0000000089300000, 0x0000000089200000| Complete 
| 147|0x0000000089300000, 0x0000000089400000, 0x0000000089400000|100%|HC|  |TAMS 0x0000000089400000, 0x0000000089300000| Complete 
| 148|0x0000000089400000, 0x0000000089500000, 0x0000000089500000|100%|HC|  |TAMS 0x0000000089500000, 0x0000000089400000| Complete 
| 149|0x0000000089500000, 0x0000000089600000, 0x0000000089600000|100%|HC|  |TAMS 0x0000000089600000, 0x0000000089500000| Complete 
| 150|0x0000000089600000, 0x0000000089700000, 0x0000000089700000|100%|HC|  |TAMS 0x0000000089700000, 0x0000000089600000| Complete 
| 151|0x0000000089700000, 0x0000000089800000, 0x0000000089800000|100%|HC|  |TAMS 0x0000000089800000, 0x0000000089700000| Complete 
| 152|0x0000000089800000, 0x0000000089900000, 0x0000000089900000|100%|HS|  |TAMS 0x0000000089900000, 0x0000000089800000| Complete 
| 153|0x0000000089900000, 0x0000000089a00000, 0x0000000089a00000|100%|HC|  |TAMS 0x0000000089a00000, 0x0000000089900000| Complete 
| 154|0x0000000089a00000, 0x0000000089b00000, 0x0000000089b00000|100%| O|  |TAMS 0x0000000089b00000, 0x0000000089a00000| Updating 
| 155|0x0000000089b00000, 0x0000000089c00000, 0x0000000089c00000|100%| O|  |TAMS 0x0000000089c00000, 0x0000000089b00000| Updating 
| 156|0x0000000089c00000, 0x0000000089d00000, 0x0000000089d00000|100%| O|  |TAMS 0x0000000089d00000, 0x0000000089c00000| Updating 
| 157|0x0000000089d00000, 0x0000000089e00000, 0x0000000089e00000|100%| O|  |TAMS 0x0000000089e00000, 0x0000000089d00000| Updating 
| 158|0x0000000089e00000, 0x0000000089f00000, 0x0000000089f00000|100%| O|  |TAMS 0x0000000089f00000, 0x0000000089e00000| Updating 
| 159|0x0000000089f00000, 0x000000008a000000, 0x000000008a000000|100%| O|  |TAMS 0x000000008a000000, 0x0000000089f00000| Updating 
| 160|0x000000008a000000, 0x000000008a100000, 0x000000008a100000|100%| O|  |TAMS 0x000000008a100000, 0x000000008a000000| Updating 
| 161|0x000000008a100000, 0x000000008a200000, 0x000000008a200000|100%| O|  |TAMS 0x000000008a200000, 0x000000008a100000| Updating 
| 162|0x000000008a200000, 0x000000008a300000, 0x000000008a300000|100%| O|  |TAMS 0x000000008a300000, 0x000000008a200000| Updating 
| 163|0x000000008a300000, 0x000000008a400000, 0x000000008a400000|100%| O|  |TAMS 0x000000008a400000, 0x000000008a300000| Updating 
| 164|0x000000008a400000, 0x000000008a500000, 0x000000008a500000|100%| O|  |TAMS 0x000000008a500000, 0x000000008a400000| Updating 
| 165|0x000000008a500000, 0x000000008a600000, 0x000000008a600000|100%| O|  |TAMS 0x000000008a600000, 0x000000008a500000| Updating 
| 166|0x000000008a600000, 0x000000008a700000, 0x000000008a700000|100%| O|  |TAMS 0x000000008a700000, 0x000000008a600000| Updating 
| 167|0x000000008a700000, 0x000000008a800000, 0x000000008a800000|100%| O|  |TAMS 0x000000008a800000, 0x000000008a700000| Updating 
| 168|0x000000008a800000, 0x000000008a900000, 0x000000008a900000|100%| O|  |TAMS 0x000000008a900000, 0x000000008a800000| Updating 
| 169|0x000000008a900000, 0x000000008aa00000, 0x000000008aa00000|100%| O|  |TAMS 0x000000008aa00000, 0x000000008a900000| Updating 
| 170|0x000000008aa00000, 0x000000008ab00000, 0x000000008ab00000|100%| O|  |TAMS 0x000000008ab00000, 0x000000008aa00000| Updating 
| 171|0x000000008ab00000, 0x000000008ac00000, 0x000000008ac00000|100%| O|  |TAMS 0x000000008ac00000, 0x000000008ab00000| Updating 
| 172|0x000000008ac00000, 0x000000008ad00000, 0x000000008ad00000|100%| O|  |TAMS 0x000000008ad00000, 0x000000008ac00000| Updating 
| 173|0x000000008ad00000, 0x000000008ae00000, 0x000000008ae00000|100%| O|  |TAMS 0x000000008ae00000, 0x000000008ad00000| Updating 
| 174|0x000000008ae00000, 0x000000008af00000, 0x000000008af00000|100%|HS|  |TAMS 0x000000008ae00000, 0x000000008ae00000| Complete 
| 175|0x000000008af00000, 0x000000008b000000, 0x000000008b000000|100%| O|  |TAMS 0x000000008b000000, 0x000000008af00000| Updating 
| 176|0x000000008b000000, 0x000000008b100000, 0x000000008b100000|100%| O|  |TAMS 0x000000008b100000, 0x000000008b000000| Updating 
| 177|0x000000008b100000, 0x000000008b200000, 0x000000008b200000|100%| O|  |TAMS 0x000000008b200000, 0x000000008b100000| Updating 
| 178|0x000000008b200000, 0x000000008b300000, 0x000000008b300000|100%| O|  |TAMS 0x000000008b300000, 0x000000008b200000| Updating 
| 179|0x000000008b300000, 0x000000008b400000, 0x000000008b400000|100%| O|  |TAMS 0x000000008b400000, 0x000000008b300000| Updating 
| 180|0x000000008b400000, 0x000000008b500000, 0x000000008b500000|100%| O|  |TAMS 0x000000008b500000, 0x000000008b400000| Updating 
| 181|0x000000008b500000, 0x000000008b600000, 0x000000008b600000|100%| O|  |TAMS 0x000000008b600000, 0x000000008b500000| Updating 
| 182|0x000000008b600000, 0x000000008b700000, 0x000000008b700000|100%| O|  |TAMS 0x000000008b700000, 0x000000008b600000| Updating 
| 183|0x000000008b700000, 0x000000008b800000, 0x000000008b800000|100%| O|  |TAMS 0x000000008b800000, 0x000000008b700000| Updating 
| 184|0x000000008b800000, 0x000000008b900000, 0x000000008b900000|100%| O|  |TAMS 0x000000008b900000, 0x000000008b800000| Updating 
| 185|0x000000008b900000, 0x000000008ba00000, 0x000000008ba00000|100%| O|  |TAMS 0x000000008ba00000, 0x000000008b900000| Updating 
| 186|0x000000008ba00000, 0x000000008bb00000, 0x000000008bb00000|100%| O|  |TAMS 0x000000008bb00000, 0x000000008ba00000| Updating 
| 187|0x000000008bb00000, 0x000000008bc00000, 0x000000008bc00000|100%| O|  |TAMS 0x000000008bc00000, 0x000000008bb00000| Updating 
| 188|0x000000008bc00000, 0x000000008bd00000, 0x000000008bd00000|100%| O|  |TAMS 0x000000008bd00000, 0x000000008bc00000| Updating 
| 189|0x000000008bd00000, 0x000000008be00000, 0x000000008be00000|100%| O|  |TAMS 0x000000008be00000, 0x000000008bd00000| Updating 
| 190|0x000000008be00000, 0x000000008bf00000, 0x000000008bf00000|100%|HS|  |TAMS 0x000000008bf00000, 0x000000008be00000| Complete 
| 191|0x000000008bf00000, 0x000000008c000000, 0x000000008c000000|100%| O|  |TAMS 0x000000008c000000, 0x000000008bf00000| Updating 
| 192|0x000000008c000000, 0x000000008c100000, 0x000000008c100000|100%| O|  |TAMS 0x000000008c100000, 0x000000008c000000| Updating 
| 193|0x000000008c100000, 0x000000008c200000, 0x000000008c200000|100%| O|  |TAMS 0x000000008c200000, 0x000000008c100000| Updating 
| 194|0x000000008c200000, 0x000000008c300000, 0x000000008c300000|100%| O|  |TAMS 0x000000008c300000, 0x000000008c200000| Updating 
| 195|0x000000008c300000, 0x000000008c400000, 0x000000008c400000|100%| O|  |TAMS 0x000000008c400000, 0x000000008c300000| Updating 
| 196|0x000000008c400000, 0x000000008c500000, 0x000000008c500000|100%| O|  |TAMS 0x000000008c500000, 0x000000008c400000| Updating 
| 197|0x000000008c500000, 0x000000008c5fa000, 0x000000008c600000| 97%| O|  |TAMS 0x000000008c5fa000, 0x000000008c500000| Updating 
| 198|0x000000008c600000, 0x000000008c700000, 0x000000008c700000|100%| O|  |TAMS 0x000000008c700000, 0x000000008c600000| Updating 
| 199|0x000000008c700000, 0x000000008c800000, 0x000000008c800000|100%| O|  |TAMS 0x000000008c800000, 0x000000008c700000| Updating 
| 200|0x000000008c800000, 0x000000008c900000, 0x000000008c900000|100%| O|  |TAMS 0x000000008c900000, 0x000000008c800000| Updating 
| 201|0x000000008c900000, 0x000000008ca00000, 0x000000008ca00000|100%| O|  |TAMS 0x000000008ca00000, 0x000000008c900000| Updating 
| 202|0x000000008ca00000, 0x000000008cb00000, 0x000000008cb00000|100%| O|  |TAMS 0x000000008cb00000, 0x000000008ca00000| Updating 
| 203|0x000000008cb00000, 0x000000008cc00000, 0x000000008cc00000|100%| O|  |TAMS 0x000000008cc00000, 0x000000008cb00000| Updating 
| 204|0x000000008cc00000, 0x000000008cd00000, 0x000000008cd00000|100%| O|  |TAMS 0x000000008cd00000, 0x000000008cc00000| Updating 
| 205|0x000000008cd00000, 0x000000008ce00000, 0x000000008ce00000|100%| O|  |TAMS 0x000000008ce00000, 0x000000008cd00000| Updating 
| 206|0x000000008ce00000, 0x000000008cf00000, 0x000000008cf00000|100%| O|  |TAMS 0x000000008cf00000, 0x000000008ce00000| Updating 
| 207|0x000000008cf00000, 0x000000008d000000, 0x000000008d000000|100%| O|  |TAMS 0x000000008d000000, 0x000000008cf00000| Updating 
| 208|0x000000008d000000, 0x000000008d100000, 0x000000008d100000|100%| O|  |TAMS 0x000000008d100000, 0x000000008d000000| Updating 
| 209|0x000000008d100000, 0x000000008d200000, 0x000000008d200000|100%| O|  |TAMS 0x000000008d200000, 0x000000008d100000| Updating 
| 210|0x000000008d200000, 0x000000008d300000, 0x000000008d300000|100%| O|  |TAMS 0x000000008d300000, 0x000000008d200000| Updating 
| 211|0x000000008d300000, 0x000000008d400000, 0x000000008d400000|100%| O|  |TAMS 0x000000008d400000, 0x000000008d300000| Updating 
| 212|0x000000008d400000, 0x000000008d500000, 0x000000008d500000|100%|HS|  |TAMS 0x000000008d500000, 0x000000008d400000| Complete 
| 213|0x000000008d500000, 0x000000008d600000, 0x000000008d600000|100%|HC|  |TAMS 0x000000008d600000, 0x000000008d500000| Complete 
| 214|0x000000008d600000, 0x000000008d700000, 0x000000008d700000|100%| O|  |TAMS 0x000000008d700000, 0x000000008d600000| Updating 
| 215|0x000000008d700000, 0x000000008d800000, 0x000000008d800000|100%| O|  |TAMS 0x000000008d800000, 0x000000008d700000| Updating 
| 216|0x000000008d800000, 0x000000008d900000, 0x000000008d900000|100%| O|  |TAMS 0x000000008d900000, 0x000000008d800000| Updating 
| 217|0x000000008d900000, 0x000000008da00000, 0x000000008da00000|100%| O|  |TAMS 0x000000008da00000, 0x000000008d900000| Updating 
| 218|0x000000008da00000, 0x000000008db00000, 0x000000008db00000|100%| O|  |TAMS 0x000000008db00000, 0x000000008da00000| Updating 
| 219|0x000000008db00000, 0x000000008dc00000, 0x000000008dc00000|100%| O|  |TAMS 0x000000008dc00000, 0x000000008db00000| Updating 
| 220|0x000000008dc00000, 0x000000008dd00000, 0x000000008dd00000|100%| O|  |TAMS 0x000000008dd00000, 0x000000008dc00000| Updating 
| 221|0x000000008dd00000, 0x000000008de00000, 0x000000008de00000|100%| O|  |TAMS 0x000000008de00000, 0x000000008dd00000| Updating 
| 222|0x000000008de00000, 0x000000008df00000, 0x000000008df00000|100%| O|  |TAMS 0x000000008df00000, 0x000000008de00000| Updating 
| 223|0x000000008df00000, 0x000000008e000000, 0x000000008e000000|100%| O|  |TAMS 0x000000008e000000, 0x000000008df00000| Updating 
| 224|0x000000008e000000, 0x000000008e100000, 0x000000008e100000|100%| O|  |TAMS 0x000000008e100000, 0x000000008e000000| Updating 
| 225|0x000000008e100000, 0x000000008e200000, 0x000000008e200000|100%|HS|  |TAMS 0x000000008e100000, 0x000000008e100000| Complete 
| 226|0x000000008e200000, 0x000000008e300000, 0x000000008e300000|100%|HC|  |TAMS 0x000000008e200000, 0x000000008e200000| Complete 
| 227|0x000000008e300000, 0x000000008e400000, 0x000000008e400000|100%|HS|  |TAMS 0x000000008e300000, 0x000000008e300000| Complete 
| 228|0x000000008e400000, 0x000000008e500000, 0x000000008e500000|100%|HC|  |TAMS 0x000000008e400000, 0x000000008e400000| Complete 
| 229|0x000000008e500000, 0x000000008e600000, 0x000000008e600000|100%|HS|  |TAMS 0x000000008e500000, 0x000000008e500000| Complete 
| 230|0x000000008e600000, 0x000000008e700000, 0x000000008e700000|100%|HC|  |TAMS 0x000000008e600000, 0x000000008e600000| Complete 
| 231|0x000000008e700000, 0x000000008e700000, 0x000000008e800000|  0%| F|  |TAMS 0x000000008e700000, 0x000000008e700000| Untracked 
| 232|0x000000008e800000, 0x000000008e800000, 0x000000008e900000|  0%| F|  |TAMS 0x000000008e800000, 0x000000008e800000| Untracked 
| 233|0x000000008e900000, 0x000000008e900000, 0x000000008ea00000|  0%| F|  |TAMS 0x000000008e900000, 0x000000008e900000| Untracked 
| 234|0x000000008ea00000, 0x000000008ea00000, 0x000000008eb00000|  0%| F|  |TAMS 0x000000008ea00000, 0x000000008ea00000| Untracked 
| 235|0x000000008eb00000, 0x000000008eb00000, 0x000000008ec00000|  0%| F|  |TAMS 0x000000008eb00000, 0x000000008eb00000| Untracked 
| 236|0x000000008ec00000, 0x000000008ec00000, 0x000000008ed00000|  0%| F|  |TAMS 0x000000008ec00000, 0x000000008ec00000| Untracked 
| 237|0x000000008ed00000, 0x000000008ed00000, 0x000000008ee00000|  0%| F|  |TAMS 0x000000008ed00000, 0x000000008ed00000| Untracked 
| 238|0x000000008ee00000, 0x000000008ee00000, 0x000000008ef00000|  0%| F|  |TAMS 0x000000008ee00000, 0x000000008ee00000| Untracked 
| 239|0x000000008ef00000, 0x000000008ef00000, 0x000000008f000000|  0%| F|  |TAMS 0x000000008ef00000, 0x000000008ef00000| Untracked 
| 240|0x000000008f000000, 0x000000008f000000, 0x000000008f100000|  0%| F|  |TAMS 0x000000008f000000, 0x000000008f000000| Untracked 
| 241|0x000000008f100000, 0x000000008f100000, 0x000000008f200000|  0%| F|  |TAMS 0x000000008f100000, 0x000000008f100000| Untracked 
| 242|0x000000008f200000, 0x000000008f200000, 0x000000008f300000|  0%| F|  |TAMS 0x000000008f200000, 0x000000008f200000| Untracked 
| 243|0x000000008f300000, 0x000000008f300000, 0x000000008f400000|  0%| F|  |TAMS 0x000000008f300000, 0x000000008f300000| Untracked 
| 244|0x000000008f400000, 0x000000008f400000, 0x000000008f500000|  0%| F|  |TAMS 0x000000008f400000, 0x000000008f400000| Untracked 
| 245|0x000000008f500000, 0x000000008f500000, 0x000000008f600000|  0%| F|  |TAMS 0x000000008f500000, 0x000000008f500000| Untracked 
| 246|0x000000008f600000, 0x000000008f600000, 0x000000008f700000|  0%| F|  |TAMS 0x000000008f600000, 0x000000008f600000| Untracked 
| 247|0x000000008f700000, 0x000000008f700000, 0x000000008f800000|  0%| F|  |TAMS 0x000000008f700000, 0x000000008f700000| Untracked 
| 248|0x000000008f800000, 0x000000008f800000, 0x000000008f900000|  0%| F|  |TAMS 0x000000008f800000, 0x000000008f800000| Untracked 
| 249|0x000000008f900000, 0x000000008f900000, 0x000000008fa00000|  0%| F|  |TAMS 0x000000008f900000, 0x000000008f900000| Untracked 
| 250|0x000000008fa00000, 0x000000008fa00000, 0x000000008fb00000|  0%| F|  |TAMS 0x000000008fa00000, 0x000000008fa00000| Untracked 
| 251|0x000000008fb00000, 0x000000008fb00000, 0x000000008fc00000|  0%| F|  |TAMS 0x000000008fb00000, 0x000000008fb00000| Untracked 
| 252|0x000000008fc00000, 0x000000008fc00000, 0x000000008fd00000|  0%| F|  |TAMS 0x000000008fc00000, 0x000000008fc00000| Untracked 
| 253|0x000000008fd00000, 0x000000008fd00000, 0x000000008fe00000|  0%| F|  |TAMS 0x000000008fd00000, 0x000000008fd00000| Untracked 
| 254|0x000000008fe00000, 0x000000008fe00000, 0x000000008ff00000|  0%| F|  |TAMS 0x000000008fe00000, 0x000000008fe00000| Untracked 
| 255|0x000000008ff00000, 0x000000008ff00000, 0x0000000090000000|  0%| F|  |TAMS 0x000000008ff00000, 0x000000008ff00000| Untracked 
| 256|0x0000000090000000, 0x0000000090000000, 0x0000000090100000|  0%| F|  |TAMS 0x0000000090000000, 0x0000000090000000| Untracked 
| 257|0x0000000090100000, 0x0000000090100000, 0x0000000090200000|  0%| F|  |TAMS 0x0000000090100000, 0x0000000090100000| Untracked 
| 258|0x0000000090200000, 0x0000000090200000, 0x0000000090300000|  0%| F|  |TAMS 0x0000000090200000, 0x0000000090200000| Untracked 
| 259|0x0000000090300000, 0x0000000090300000, 0x0000000090400000|  0%| F|  |TAMS 0x0000000090300000, 0x0000000090300000| Untracked 
| 260|0x0000000090400000, 0x0000000090400000, 0x0000000090500000|  0%| F|  |TAMS 0x0000000090400000, 0x0000000090400000| Untracked 
| 261|0x0000000090500000, 0x0000000090500000, 0x0000000090600000|  0%| F|  |TAMS 0x0000000090500000, 0x0000000090500000| Untracked 
| 262|0x0000000090600000, 0x0000000090600000, 0x0000000090700000|  0%| F|  |TAMS 0x0000000090600000, 0x0000000090600000| Untracked 
| 263|0x0000000090700000, 0x0000000090700000, 0x0000000090800000|  0%| F|  |TAMS 0x0000000090700000, 0x0000000090700000| Untracked 
| 264|0x0000000090800000, 0x0000000090800000, 0x0000000090900000|  0%| F|  |TAMS 0x0000000090800000, 0x0000000090800000| Untracked 
| 265|0x0000000090900000, 0x0000000090900000, 0x0000000090a00000|  0%| F|  |TAMS 0x0000000090900000, 0x0000000090900000| Untracked 
| 266|0x0000000090a00000, 0x0000000090a00000, 0x0000000090b00000|  0%| F|  |TAMS 0x0000000090a00000, 0x0000000090a00000| Untracked 
| 267|0x0000000090b00000, 0x0000000090b00000, 0x0000000090c00000|  0%| F|  |TAMS 0x0000000090b00000, 0x0000000090b00000| Untracked 
| 268|0x0000000090c00000, 0x0000000090c4c6d8, 0x0000000090d00000| 29%| E|  |TAMS 0x0000000090c00000, 0x0000000090c00000| Complete 
| 269|0x0000000090d00000, 0x0000000090e00000, 0x0000000090e00000|100%| E|CS|TAMS 0x0000000090d00000, 0x0000000090d00000| Complete 
| 270|0x0000000090e00000, 0x0000000090f00000, 0x0000000090f00000|100%| E|CS|TAMS 0x0000000090e00000, 0x0000000090e00000| Complete 
| 271|0x0000000090f00000, 0x0000000091000000, 0x0000000091000000|100%| E|CS|TAMS 0x0000000090f00000, 0x0000000090f00000| Complete 
| 272|0x0000000091000000, 0x0000000091100000, 0x0000000091100000|100%| E|CS|TAMS 0x0000000091000000, 0x0000000091000000| Complete 
| 273|0x0000000091100000, 0x0000000091200000, 0x0000000091200000|100%| E|CS|TAMS 0x0000000091100000, 0x0000000091100000| Complete 
| 274|0x0000000091200000, 0x0000000091300000, 0x0000000091300000|100%| E|CS|TAMS 0x0000000091200000, 0x0000000091200000| Complete 
| 275|0x0000000091300000, 0x0000000091400000, 0x0000000091400000|100%| E|CS|TAMS 0x0000000091300000, 0x0000000091300000| Complete 
| 276|0x0000000091400000, 0x0000000091500000, 0x0000000091500000|100%| E|CS|TAMS 0x0000000091400000, 0x0000000091400000| Complete 
| 277|0x0000000091500000, 0x0000000091600000, 0x0000000091600000|100%| E|CS|TAMS 0x0000000091500000, 0x0000000091500000| Complete 
| 278|0x0000000091600000, 0x00000000916464b8, 0x0000000091700000| 27%| S|CS|TAMS 0x0000000091600000, 0x0000000091600000| Complete 
| 279|0x0000000091700000, 0x0000000091800000, 0x0000000091800000|100%| S|CS|TAMS 0x0000000091700000, 0x0000000091700000| Complete 
| 280|0x0000000091800000, 0x0000000091900000, 0x0000000091900000|100%| E|CS|TAMS 0x0000000091800000, 0x0000000091800000| Complete 

Card table byte_map: [0x0000020e59320000,0x0000020e59720000] _byte_map_base: 0x0000020e58f20000

Marking Bits (Prev, Next): (CMBitMap*) 0x0000020e46434718, (CMBitMap*) 0x0000020e46434750
 Prev Bits: [0x0000020e59b20000, 0x0000020e5bb20000)
 Next Bits: [0x0000020e5bb20000, 0x0000020e5db20000)

Polling page: 0x0000020e441e0000

Metaspace:

Usage:
  Non-class:    116.61 MB capacity,   114.63 MB ( 98%) used,     1.61 MB (  1%) free+waste,   382.94 KB ( <1%) overhead. 
      Class:     17.01 MB capacity,    15.89 MB ( 93%) used,   981.50 KB (  6%) free+waste,   162.75 KB ( <1%) overhead. 
       Both:    133.62 MB capacity,   130.52 MB ( 98%) used,     2.57 MB (  2%) free+waste,   545.69 KB ( <1%) overhead. 

Virtual space:
  Non-class space:      118.00 MB reserved,     116.92 MB (>99%) committed 
      Class space:        1.00 GB reserved,      17.20 MB (  2%) committed 
             Both:        1.12 GB reserved,     134.12 MB ( 12%) committed 

Chunk freelists:
   Non-Class:  318.00 KB
       Class:  152.00 KB
        Both:  470.00 KB

MaxMetaspaceSize: 17179869184.00 GB
CompressedClassSpaceSize: 1.00 GB
Initial GC threshold: 20.80 MB
Current GC threshold: 223.54 MB
CDS: off

CodeHeap 'non-profiled nmethods': size=120064Kb used=14319Kb max_used=14319Kb free=105744Kb
 bounds [0x0000020e519e0000, 0x0000020e527e0000, 0x0000020e58f20000]
CodeHeap 'profiled nmethods': size=120000Kb used=46449Kb max_used=46449Kb free=73550Kb
 bounds [0x0000020e4a4b0000, 0x0000020e4d210000, 0x0000020e519e0000]
CodeHeap 'non-nmethods': size=5696Kb used=2489Kb max_used=2556Kb free=3206Kb
 bounds [0x0000020e49f20000, 0x0000020e4a1b0000, 0x0000020e4a4b0000]
 total_blobs=21141 nmethods=20111 adapters=941
 compilation: enabled
              stopped_count=0, restarted_count=0
 full_count=0

Compilation events (20 events):
Event: 9589.223 Thread 0x0000020e608a1800 nmethod 21030 0x0000020e527d7f90 code [0x0000020e527d8140, 0x0000020e527d85d8]
Event: 9589.223 Thread 0x0000020e608a1800 21064       4       com.android.utils.XmlUtils::append (597 bytes)
Event: 9589.223 Thread 0x0000020e646b5800 nmethod 20981 0x0000020e527d8890 code [0x0000020e527d8a40, 0x0000020e527d8ff8]
Event: 9589.223 Thread 0x0000020e646b5800 21038       4       com.android.ide.common.resources.ResourceMergerItem::compareTo (9 bytes)
Event: 9589.226 Thread 0x0000020e646b5800 nmethod 21038 0x0000020e527d9190 code [0x0000020e527d9340, 0x0000020e527d9818]
Event: 9589.226 Thread 0x0000020e646b5800 21021       4       org.apache.xerces.dom.ElementImpl::getTagName (16 bytes)
Event: 9589.228 Thread 0x0000020e646b5800 nmethod 21021 0x0000020e527d9b10 code [0x0000020e527d9ca0, 0x0000020e527d9db8]
Event: 9589.228 Thread 0x0000020e646b5800 21065       4       org.apache.xerces.dom.NodeImpl::isNormalized (56 bytes)
Event: 9589.228 Thread 0x0000020e646b5800 nmethod 21065 0x0000020e527d9f90 code [0x0000020e527da120, 0x0000020e527da1d8]
Event: 9589.228 Thread 0x0000020e646b5800 21031       4       com.google.common.collect.AbstractMapBasedMultimap$WrappedCollection::refreshIfEmpty (78 bytes)
Event: 9589.229 Thread 0x0000020e608a7000 21066       2       com.google.common.base.Ticker$1::read (4 bytes)
Event: 9589.229 Thread 0x0000020e608a7000 nmethod 21066 0x0000020e4d209590 code [0x0000020e4d209740, 0x0000020e4d209838]
Event: 9589.229 Thread 0x0000020e646b5800 nmethod 21031 0x0000020e527da290 code [0x0000020e527da420, 0x0000020e527da4f8]
Event: 9589.229 Thread 0x0000020e646b5800 21033       4       com.android.ide.common.resources.NodeUtils::processSingleNodeNamespace (107 bytes)
Event: 9589.239 Thread 0x0000020e646b5800 nmethod 21033 0x0000020e527da610 code [0x0000020e527da860, 0x0000020e527db180]
Event: 9589.239 Thread 0x0000020e646b5800 21032       4       org.apache.xerces.dom.NodeImpl::setOwnerDocument (24 bytes)
Event: 9589.240 Thread 0x0000020e646b5800 nmethod 21032 0x0000020e527db810 code [0x0000020e527db9a0, 0x0000020e527dbb18]
Event: 9589.240 Thread 0x0000020e646b5800 21068 %     4       sun.nio.cs.UTF_8$Encoder::encodeArrayLoop @ 109 (489 bytes)
Event: 9589.244 Thread 0x0000020e608a7000 21069       2       java.io.File::mkdir (33 bytes)
Event: 9589.245 Thread 0x0000020e608a7000 nmethod 21069 0x0000020e4d209910 code [0x0000020e4d209b00, 0x0000020e4d209e08]

GC Heap History (20 events):
Event: 9584.184 GC heap before
{Heap before GC invocations=121 (full 0):
 garbage-first heap   total 287744K, used 233837K [0x0000000080000000, 0x0000000100000000)
  region size 1024K, 51 young (52224K), 6 survivors (6144K)
 Metaspace       used 128612K, capacity 131487K, committed 133116K, reserved 1165312K
  class space    used 15669K, capacity 16728K, committed 17228K, reserved 1048576K
}
Event: 9584.214 GC heap after
{Heap after GC invocations=122 (full 0):
 garbage-first heap   total 287744K, used 193346K [0x0000000080000000, 0x0000000100000000)
  region size 1024K, 7 young (7168K), 7 survivors (7168K)
 Metaspace       used 128612K, capacity 131487K, committed 133116K, reserved 1165312K
  class space    used 15669K, capacity 16728K, committed 17228K, reserved 1048576K
}
Event: 9584.506 GC heap before
{Heap before GC invocations=123 (full 0):
 garbage-first heap   total 287744K, used 237378K [0x0000000080000000, 0x0000000100000000)
  region size 1024K, 50 young (51200K), 7 survivors (7168K)
 Metaspace       used 128964K, capacity 131848K, committed 133372K, reserved 1165312K
  class space    used 15711K, capacity 16781K, committed 17228K, reserved 1048576K
}
Event: 9584.521 GC heap after
{Heap after GC invocations=124 (full 0):
 garbage-first heap   total 287744K, used 199314K [0x0000000080000000, 0x0000000100000000)
  region size 1024K, 6 young (6144K), 6 survivors (6144K)
 Metaspace       used 128964K, capacity 131848K, committed 133372K, reserved 1165312K
  class space    used 15711K, capacity 16781K, committed 17228K, reserved 1048576K
}
Event: 9584.803 GC heap before
{Heap before GC invocations=124 (full 0):
 garbage-first heap   total 287744K, used 207506K [0x0000000080000000, 0x0000000100000000)
  region size 1024K, 14 young (14336K), 6 survivors (6144K)
 Metaspace       used 128993K, capacity 131848K, committed 133372K, reserved 1165312K
  class space    used 15713K, capacity 16781K, committed 17228K, reserved 1048576K
}
Event: 9584.819 GC heap after
{Heap after GC invocations=125 (full 0):
 garbage-first heap   total 287744K, used 200105K [0x0000000080000000, 0x0000000100000000)
  region size 1024K, 2 young (2048K), 2 survivors (2048K)
 Metaspace       used 128993K, capacity 131848K, committed 133372K, reserved 1165312K
  class space    used 15713K, capacity 16781K, committed 17228K, reserved 1048576K
}
Event: 9585.432 GC heap before
{Heap before GC invocations=125 (full 0):
 garbage-first heap   total 287744K, used 239017K [0x0000000080000000, 0x0000000100000000)
  region size 1024K, 41 young (41984K), 2 survivors (2048K)
 Metaspace       used 130058K, capacity 133048K, committed 134012K, reserved 1165312K
  class space    used 15887K, capacity 16984K, committed 17356K, reserved 1048576K
}
Event: 9585.443 GC heap after
{Heap after GC invocations=126 (full 0):
 garbage-first heap   total 287744K, used 203387K [0x0000000080000000, 0x0000000100000000)
  region size 1024K, 5 young (5120K), 5 survivors (5120K)
 Metaspace       used 130058K, capacity 133048K, committed 134012K, reserved 1165312K
  class space    used 15887K, capacity 16984K, committed 17356K, reserved 1048576K
}
Event: 9586.190 GC heap before
{Heap before GC invocations=127 (full 0):
 garbage-first heap   total 287744K, used 241275K [0x0000000080000000, 0x0000000100000000)
  region size 1024K, 43 young (44032K), 5 survivors (5120K)
 Metaspace       used 130587K, capacity 133660K, committed 134524K, reserved 1167360K
  class space    used 15968K, capacity 17093K, committed 17356K, reserved 1048576K
}
Event: 9586.199 GC heap after
{Heap after GC invocations=128 (full 0):
 garbage-first heap   total 287744K, used 204826K [0x0000000080000000, 0x0000000100000000)
  region size 1024K, 2 young (2048K), 2 survivors (2048K)
 Metaspace       used 130587K, capacity 133660K, committed 134524K, reserved 1167360K
  class space    used 15968K, capacity 17093K, committed 17356K, reserved 1048576K
}
Event: 9586.453 GC heap before
{Heap before GC invocations=128 (full 0):
 garbage-first heap   total 287744K, used 217114K [0x0000000080000000, 0x0000000100000000)
  region size 1024K, 14 young (14336K), 2 survivors (2048K)
 Metaspace       used 132390K, capacity 135555K, committed 136188K, reserved 1167360K
  class space    used 16180K, capacity 17301K, committed 17484K, reserved 1048576K
}
Event: 9586.463 GC heap after
{Heap after GC invocations=129 (full 0):
 garbage-first heap   total 287744K, used 204549K [0x0000000080000000, 0x0000000100000000)
  region size 1024K, 1 young (1024K), 1 survivors (1024K)
 Metaspace       used 132390K, capacity 135555K, committed 136188K, reserved 1167360K
  class space    used 16180K, capacity 17301K, committed 17484K, reserved 1048576K
}
Event: 9587.711 GC heap before
{Heap before GC invocations=129 (full 0):
 garbage-first heap   total 287744K, used 242437K [0x0000000080000000, 0x0000000100000000)
  region size 1024K, 40 young (40960K), 1 survivors (1024K)
 Metaspace       used 133079K, capacity 136171K, committed 136828K, reserved 1169408K
  class space    used 16228K, capacity 17371K, committed 17612K, reserved 1048576K
}
Event: 9587.723 GC heap after
{Heap after GC invocations=130 (full 0):
 garbage-first heap   total 287744K, used 212375K [0x0000000080000000, 0x0000000100000000)
  region size 1024K, 5 young (5120K), 5 survivors (5120K)
 Metaspace       used 133079K, capacity 136171K, committed 136828K, reserved 1169408K
  class space    used 16228K, capacity 17371K, committed 17612K, reserved 1048576K
}
Event: 9588.681 GC heap before
{Heap before GC invocations=131 (full 0):
 garbage-first heap   total 287744K, used 253335K [0x0000000080000000, 0x0000000100000000)
  region size 1024K, 36 young (36864K), 5 survivors (5120K)
 Metaspace       used 133260K, capacity 136363K, committed 137084K, reserved 1169408K
  class space    used 16235K, capacity 17371K, committed 17612K, reserved 1048576K
}
Event: 9588.701 GC heap after
{Heap after GC invocations=132 (full 0):
 garbage-first heap   total 287744K, used 227966K [0x0000000080000000, 0x0000000100000000)
  region size 1024K, 5 young (5120K), 5 survivors (5120K)
 Metaspace       used 133260K, capacity 136363K, committed 137084K, reserved 1169408K
  class space    used 16235K, capacity 17371K, committed 17612K, reserved 1048576K
}
Event: 9588.999 GC heap before
{Heap before GC invocations=132 (full 0):
 garbage-first heap   total 287744K, used 237182K [0x0000000080000000, 0x0000000100000000)
  region size 1024K, 14 young (14336K), 5 survivors (5120K)
 Metaspace       used 133515K, capacity 136623K, committed 137340K, reserved 1169408K
  class space    used 16256K, capacity 17371K, committed 17612K, reserved 1048576K
}
Event: 9589.009 GC heap after
{Heap after GC invocations=133 (full 0):
 garbage-first heap   total 287744K, used 230864K [0x0000000080000000, 0x0000000100000000)
  region size 1024K, 2 young (2048K), 2 survivors (2048K)
 Metaspace       used 133515K, capacity 136623K, committed 137340K, reserved 1169408K
  class space    used 16256K, capacity 17371K, committed 17612K, reserved 1048576K
}
Event: 9589.024 GC heap before
{Heap before GC invocations=133 (full 0):
 garbage-first heap   total 287744K, used 230864K [0x0000000080000000, 0x0000000100000000)
  region size 1024K, 3 young (3072K), 2 survivors (2048K)
 Metaspace       used 133515K, capacity 136623K, committed 137340K, reserved 1169408K
  class space    used 16256K, capacity 17371K, committed 17612K, reserved 1048576K
}
Event: 9589.030 GC heap after
{Heap after GC invocations=134 (full 0):
 garbage-first heap   total 287744K, used 230657K [0x0000000080000000, 0x0000000100000000)
  region size 1024K, 2 young (2048K), 2 survivors (2048K)
 Metaspace       used 133515K, capacity 136623K, committed 137340K, reserved 1169408K
  class space    used 16256K, capacity 17371K, committed 17612K, reserved 1048576K
}

Deoptimization events (20 events):
Event: 9589.058 Thread 0x0000020e641e3800 DEOPT PACKING pc=0x0000020e52417498 sp=0x000000f888cfa450
Event: 9589.058 Thread 0x0000020e641e3800 DEOPT UNPACKING pc=0x0000020e49f6a1af sp=0x000000f888cfa408 mode 2
Event: 9589.084 Thread 0x0000020e641e3800 DEOPT PACKING pc=0x0000020e4d1f43d7 sp=0x000000f888cfa1d0
Event: 9589.084 Thread 0x0000020e641e3800 DEOPT UNPACKING pc=0x0000020e49f6a95e sp=0x000000f888cf9738 mode 0
Event: 9589.157 Thread 0x0000020e641e3800 Uncommon trap: trap_request=0xffffff4d fr.pc=0x0000020e527c3244 relative=0x0000000000000644
Event: 9589.157 Thread 0x0000020e641e3800 Uncommon trap: reason=unstable_if action=reinterpret pc=0x0000020e527c3244 method=sun.nio.cs.UTF_8$Encoder.encodeArrayLoop(Ljava/nio/CharBuffer;Ljava/nio/ByteBuffer;)Ljava/nio/charset/CoderResult; @ 400 c2
Event: 9589.157 Thread 0x0000020e641e3800 DEOPT PACKING pc=0x0000020e527c3244 sp=0x000000f888cfa2d0
Event: 9589.157 Thread 0x0000020e641e3800 DEOPT UNPACKING pc=0x0000020e49f6a1af sp=0x000000f888cfa238 mode 2
Event: 9589.188 Thread 0x0000020e641e3800 DEOPT PACKING pc=0x0000020e4d206bd7 sp=0x000000f888cfa1d0
Event: 9589.188 Thread 0x0000020e641e3800 DEOPT UNPACKING pc=0x0000020e49f6a95e sp=0x000000f888cf9738 mode 0
Event: 9589.188 Thread 0x0000020e641e3800 DEOPT PACKING pc=0x0000020e4d206bd7 sp=0x000000f888cfa1d0
Event: 9589.188 Thread 0x0000020e641e3800 DEOPT UNPACKING pc=0x0000020e49f6a95e sp=0x000000f888cf9738 mode 0
Event: 9589.189 Thread 0x0000020e641e3800 DEOPT PACKING pc=0x0000020e4d206bd7 sp=0x000000f888cfa1d0
Event: 9589.189 Thread 0x0000020e641e3800 DEOPT UNPACKING pc=0x0000020e49f6a95e sp=0x000000f888cf9738 mode 0
Event: 9589.189 Thread 0x0000020e641e3800 DEOPT PACKING pc=0x0000020e4d206bd7 sp=0x000000f888cfa1d0
Event: 9589.189 Thread 0x0000020e641e3800 DEOPT UNPACKING pc=0x0000020e49f6a95e sp=0x000000f888cf9738 mode 0
Event: 9589.197 Thread 0x0000020e641e3800 DEOPT PACKING pc=0x0000020e4d206bd7 sp=0x000000f888cfa1d0
Event: 9589.197 Thread 0x0000020e641e3800 DEOPT UNPACKING pc=0x0000020e49f6a95e sp=0x000000f888cf9738 mode 0
Event: 9589.246 Thread 0x0000020e641e3800 DEOPT PACKING pc=0x0000020e4d206bd7 sp=0x000000f888cfa1d0
Event: 9589.246 Thread 0x0000020e641e3800 DEOPT UNPACKING pc=0x0000020e49f6a95e sp=0x000000f888cf9738 mode 0

Classes redefined (0 events):
No events

Internal exceptions (20 events):
Event: 9585.129 Thread 0x0000020e641e4800 Exception <a 'sun/nio/fs/WindowsException'{0x00000000904f1b00}> (0x00000000904f1b00) thrown at [src/hotspot/share/prims/jni.cpp, line 617]
Event: 9585.129 Thread 0x0000020e641e4800 Exception <a 'sun/nio/fs/WindowsException'{0x00000000904f2c18}> (0x00000000904f2c18) thrown at [src/hotspot/share/prims/jni.cpp, line 617]
Event: 9585.155 Thread 0x0000020e641e4800 Implicit null exception at 0x0000020e51d118f7 to 0x0000020e51d11a84
Event: 9585.177 Thread 0x0000020e684f3000 Exception <a 'java/lang/NoSuchMethodError'{0x00000000901282b0}: <clinit>> (0x00000000901282b0) thrown at [src/hotspot/share/prims/jni.cpp, line 1367]
Event: 9585.178 Thread 0x0000020e684f3000 Exception <a 'java/lang/NoSuchMethodError'{0x000000009013a228}: <clinit>> (0x000000009013a228) thrown at [src/hotspot/share/prims/jni.cpp, line 1367]
Event: 9585.178 Thread 0x0000020e684f3000 Exception <a 'java/lang/NoSuchMethodError'{0x000000009013b760}: <clinit>> (0x000000009013b760) thrown at [src/hotspot/share/prims/jni.cpp, line 1367]
Event: 9585.181 Thread 0x0000020e684f3000 Exception <a 'java/lang/NoSuchMethodError'{0x0000000090157b70}: <clinit>> (0x0000000090157b70) thrown at [src/hotspot/share/prims/jni.cpp, line 1367]
Event: 9585.220 Thread 0x0000020e641d9000 Exception <a 'java/lang/NoSuchMethodError'{0x000000008ff75098}: <clinit>> (0x000000008ff75098) thrown at [src/hotspot/share/prims/jni.cpp, line 1367]
Event: 9585.223 Thread 0x0000020e641d9000 Exception <a 'java/lang/NoSuchMethodError'{0x000000008ffb71a8}: <clinit>> (0x000000008ffb71a8) thrown at [src/hotspot/share/prims/jni.cpp, line 1367]
Event: 9585.229 Thread 0x0000020e641d9000 Exception <a 'java/lang/NoSuchMethodError'{0x000000008fff3140}: <clinit>> (0x000000008fff3140) thrown at [src/hotspot/share/prims/jni.cpp, line 1367]
Event: 9585.237 Thread 0x0000020e684f3000 Exception <a 'java/lang/NoSuchMethodError'{0x000000008feca940}: <clinit>> (0x000000008feca940) thrown at [src/hotspot/share/prims/jni.cpp, line 1367]
Event: 9585.245 Thread 0x0000020e641e4800 Exception <a 'java/lang/NoSuchMethodError'{0x000000008fd010b0}: 'int java.lang.invoke.DirectMethodHandle$Holder.invokeSpecial(java.lang.Object, java.lang.Object, java.lang.Object, java.lang.Object, java.lang.Object)'> (0x000000008fd010b0) thrown at [src/hotspot/share/interpreter/linkResolver.cpp, line 773]
Event: 9585.780 Thread 0x0000020e641e4800 Exception <a 'java/lang/NoSuchMethodError'{0x00000000903ec1e8}: <clinit>> (0x00000000903ec1e8) thrown at [src/hotspot/share/prims/jni.cpp, line 1367]
Event: 9585.787 Thread 0x0000020e641e3800 Exception <a 'java/lang/NoSuchMethodError'{0x0000000090806950}: 'void java.lang.invoke.DirectMethodHandle$Holder.invokeInterface(java.lang.Object, java.lang.Object, java.lang.Object, java.lang.Object)'> (0x0000000090806950) thrown at [src/hotspot/share/interpreter/linkResolver.cpp, line 773]
Event: 9586.100 Thread 0x0000020e641e3800 Exception <a 'sun/nio/fs/WindowsException'{0x000000008f7fd1a8}> (0x000000008f7fd1a8) thrown at [src/hotspot/share/prims/jni.cpp, line 617]
Event: 9586.100 Thread 0x0000020e641e3800 Exception <a 'sun/nio/fs/WindowsException'{0x000000008f7fdff8}> (0x000000008f7fdff8) thrown at [src/hotspot/share/prims/jni.cpp, line 617]
Event: 9586.114 Thread 0x0000020e641e3800 Exception <a 'java/lang/NoSuchMethodError'{0x000000008f6cbf50}: 'java.lang.Object java.lang.invoke.DirectMethodHandle$Holder.invokeSpecial(java.lang.Object, java.lang.Object, int, int, int, java.lang.Object, java.lang.Object, java.lang.Object, int)'> (0x000000008f6cbf50) thrown at [src/hotspot/share/interpreter/linkResolver.cpp, line 773]
Event: 9586.114 Thread 0x0000020e641e3800 Exception <a 'java/lang/NoSuchMethodError'{0x000000008f6cfe00}: 'java.lang.Object java.lang.invoke.DelegatingMethodHandle$Holder.reinvoke_L(java.lang.Object, int, int, int, java.lang.Object, java.lang.Object, java.lang.Object, int)'> (0x000000008f6cfe00) thrown at [src/hotspot/share/interpreter/linkResolver.cpp, line 773]
Event: 9586.116 Thread 0x0000020e641e3800 Exception <a 'java/lang/NoSuchMethodError'{0x000000008f6f2420}: 'java.lang.Object java.lang.invoke.DirectMethodHandle$Holder.invokeStatic(java.lang.Object, java.lang.Object, java.lang.Object, java.lang.Object, java.lang.Object, java.lang.Object, java.lang.Object, int)'> (0x000000008f6f2420) thrown at [src/hotspot/share/interpreter/linkResolver.cpp, line 773]
Event: 9588.731 Thread 0x0000020e641e3800 Implicit null exception at 0x0000020e51aaad9d to 0x0000020e51aaba7c

Events (20 events):
Event: 9589.052 loading class com/google/common/io/LineProcessor
Event: 9589.052 loading class com/google/common/io/LineProcessor done
Event: 9589.053 loading class com/google/common/io/Files$2
Event: 9589.053 loading class com/google/common/io/Files$2 done
Event: 9589.053 loading class com/google/common/io/CharSink
Event: 9589.053 loading class com/google/common/io/CharSink done
Event: 9589.053 loading class com/google/common/io/ByteSink$AsCharSink
Event: 9589.053 loading class com/google/common/io/ByteSink$AsCharSink done
Event: 9589.055 Executing VM operation: RevokeBias
Event: 9589.055 Executing VM operation: RevokeBias done
Event: 9589.066 loading class com/android/builder/internal/aapt/v2/Aapt2RenamingConventions
Event: 9589.066 loading class com/android/builder/internal/aapt/v2/Aapt2RenamingConventions done
Event: 9589.066 loading class com/android/builder/internal/aapt/v2/Aapt2Exception
Event: 9589.066 loading class com/android/builder/internal/aapt/v2/Aapt2Exception done
Event: 9589.068 Executing VM operation: RevokeBias
Event: 9589.068 Executing VM operation: RevokeBias done
Event: 9589.072 loading class com/android/ide/common/blame/MergingLogPersistUtil
Event: 9589.072 loading class com/android/ide/common/blame/MergingLogPersistUtil done
Event: 9589.073 loading class com/android/ide/common/blame/MergingLogPersistUtil$SourcePositionsSerializer$JsonTypeAdapter
Event: 9589.073 loading class com/android/ide/common/blame/MergingLogPersistUtil$SourcePositionsSerializer$JsonTypeAdapter done


Dynamic libraries:
0x00007ff704890000 - 0x00007ff70489a000 	C:\Program Files\Android\Android Studio\jbr\bin\java.exe
0x00007ffd66b90000 - 0x00007ffd66d88000 	C:\Windows\SYSTEM32\ntdll.dll
0x00007ffd65270000 - 0x00007ffd6532f000 	C:\Windows\System32\KERNEL32.DLL
0x00007ffd64520000 - 0x00007ffd647f2000 	C:\Windows\System32\KERNELBASE.dll
0x00007ffd643a0000 - 0x00007ffd644a0000 	C:\Windows\System32\ucrtbase.dll
0x00007ffd5f530000 - 0x00007ffd5f54b000 	C:\Program Files\Android\Android Studio\jbr\bin\VCRUNTIME140.dll
0x00007ffd54960000 - 0x00007ffd54977000 	C:\Program Files\Android\Android Studio\jbr\bin\jli.dll
0x00007ffd668b0000 - 0x00007ffd66a51000 	C:\Windows\System32\USER32.dll
0x00007ffd64a90000 - 0x00007ffd64ab2000 	C:\Windows\System32\win32u.dll
0x00007ffd4e2e0000 - 0x00007ffd4e57a000 	C:\Windows\WinSxS\amd64_microsoft.windows.common-controls_6595b64144ccf1df_6.0.19041.1110_none_60b5254171f9507e\COMCTL32.dll
0x00007ffd65190000 - 0x00007ffd651bb000 	C:\Windows\System32\GDI32.dll
0x00007ffd65af0000 - 0x00007ffd65b8e000 	C:\Windows\System32\msvcrt.dll
0x00007ffd64ac0000 - 0x00007ffd64bcf000 	C:\Windows\System32\gdi32full.dll
0x00007ffd649f0000 - 0x00007ffd64a8d000 	C:\Windows\System32\msvcp_win.dll
0x00007ffd65b90000 - 0x00007ffd65bc2000 	C:\Windows\System32\IMM32.DLL
0x00007ffd548d0000 - 0x00007ffd5495d000 	C:\Program Files\Android\Android Studio\jbr\bin\msvcp140.dll
0x00007ffd0a250000 - 0x00007ffd0a25c000 	C:\Windows\SYSTEM32\VCRUNTIME140_1.dll
0x00007ffd05980000 - 0x00007ffd0653c000 	C:\Program Files\Android\Android Studio\jbr\bin\server\jvm.dll
0x00007ffd65010000 - 0x00007ffd650be000 	C:\Windows\System32\ADVAPI32.dll
0x00007ffd65890000 - 0x00007ffd6592c000 	C:\Windows\System32\sechost.dll
0x00007ffd659b0000 - 0x00007ffd65ad5000 	C:\Windows\System32\RPCRT4.dll
0x00007ffd65930000 - 0x00007ffd65938000 	C:\Windows\System32\PSAPI.DLL
0x00007ffd0a280000 - 0x00007ffd0a289000 	C:\Windows\SYSTEM32\WSOCK32.dll
0x00007ffd56bd0000 - 0x00007ffd56bf7000 	C:\Windows\SYSTEM32\WINMM.dll
0x00007ffd5e230000 - 0x00007ffd5e23a000 	C:\Windows\SYSTEM32\VERSION.dll
0x00007ffd65940000 - 0x00007ffd659ab000 	C:\Windows\System32\WS2_32.dll
0x00007ffd62160000 - 0x00007ffd62172000 	C:\Windows\SYSTEM32\kernel.appcore.dll
0x00007ffd601e0000 - 0x00007ffd601f0000 	C:\Program Files\Android\Android Studio\jbr\bin\verify.dll
0x00007ffd507d0000 - 0x00007ffd509b4000 	C:\Windows\SYSTEM32\DBGHELP.DLL
0x00007ffd50bc0000 - 0x00007ffd50bf5000 	C:\Windows\SYSTEM32\dbgcore.DLL
0x00007ffd64960000 - 0x00007ffd649e2000 	C:\Windows\System32\bcryptPrimitives.dll
0x00007ffd601b0000 - 0x00007ffd601d8000 	C:\Program Files\Android\Android Studio\jbr\bin\java.dll
0x00007ffd601a0000 - 0x00007ffd601aa000 	C:\Program Files\Android\Android Studio\jbr\bin\jimage.dll
0x00007ffd60180000 - 0x00007ffd60198000 	C:\Program Files\Android\Android Studio\jbr\bin\zip.dll
0x00007ffd66100000 - 0x00007ffd66844000 	C:\Windows\System32\SHELL32.dll
0x00007ffd62360000 - 0x00007ffd62af2000 	C:\Windows\SYSTEM32\windows.storage.dll
0x00007ffd65390000 - 0x00007ffd656e5000 	C:\Windows\System32\combase.dll
0x00007ffd63c00000 - 0x00007ffd63c30000 	C:\Windows\SYSTEM32\Wldp.dll
0x00007ffd66040000 - 0x00007ffd660ed000 	C:\Windows\System32\SHCORE.dll
0x00007ffd66af0000 - 0x00007ffd66b45000 	C:\Windows\System32\shlwapi.dll
0x00007ffd641c0000 - 0x00007ffd641df000 	C:\Windows\SYSTEM32\profapi.dll
0x00007ffd60160000 - 0x00007ffd60179000 	C:\Program Files\Android\Android Studio\jbr\bin\net.dll
0x00007ffd5d4c0000 - 0x00007ffd5d5cc000 	C:\Windows\SYSTEM32\WINHTTP.dll
0x00007ffd63960000 - 0x00007ffd639ca000 	C:\Windows\system32\mswsock.dll
0x00007ffd5c3e0000 - 0x00007ffd5c3f3000 	C:\Program Files\Android\Android Studio\jbr\bin\nio.dll
0x00007ffd5fdc0000 - 0x00007ffd5fde7000 	C:\Users\Administrator\.gradle\native\e1d6ef7f7dcc3fd88c89a11ec53ec762bb8ba0a96d01ffa2cd45eb1d1d8dd5c5\windows-amd64\native-platform.dll
0x00007ffd54780000 - 0x00007ffd548c4000 	C:\Users\Administrator\.gradle\native\0d407fdbe67a94daf76414ababcb853783967236a71b16ec16e742cd7a986fd3\windows-amd64\native-platform-file-events.dll
0x00007ffd5c3d0000 - 0x00007ffd5c3da000 	C:\Program Files\Android\Android Studio\jbr\bin\management.dll
0x00007ffd5c3c0000 - 0x00007ffd5c3cb000 	C:\Program Files\Android\Android Studio\jbr\bin\management_ext.dll
0x00007ffd63b50000 - 0x00007ffd63b68000 	C:\Windows\SYSTEM32\CRYPTSP.dll
0x00007ffd63280000 - 0x00007ffd632b4000 	C:\Windows\system32\rsaenh.dll
0x00007ffd644f0000 - 0x00007ffd64517000 	C:\Windows\System32\bcrypt.dll
0x00007ffd64180000 - 0x00007ffd641ae000 	C:\Windows\SYSTEM32\USERENV.dll
0x00007ffd63b70000 - 0x00007ffd63b7c000 	C:\Windows\SYSTEM32\CRYPTBASE.dll
0x00007ffd63650000 - 0x00007ffd6368b000 	C:\Windows\SYSTEM32\IPHLPAPI.DLL
0x00007ffd660f0000 - 0x00007ffd660f8000 	C:\Windows\System32\NSI.dll
0x00007ffd5e2b0000 - 0x00007ffd5e2c7000 	C:\Windows\SYSTEM32\dhcpcsvc6.DLL
0x00007ffd5e290000 - 0x00007ffd5e2ad000 	C:\Windows\SYSTEM32\dhcpcsvc.DLL
0x00007ffd63690000 - 0x00007ffd6375a000 	C:\Windows\SYSTEM32\DNSAPI.dll
0x00007ffd4ee90000 - 0x00007ffd4eeb7000 	C:\Program Files\Android\Android Studio\jbr\bin\sunec.dll
0x0000000064e20000 - 0x0000000064e46000 	C:\Program Files\Bonjour\mdnsNSP.dll
0x00007ffd54fa0000 - 0x00007ffd54faa000 	C:\Windows\System32\rasadhlp.dll
0x00007ffd54fd0000 - 0x00007ffd55050000 	C:\Windows\System32\fwpuclnt.dll

dbghelp: loaded successfully - version: 4.0.5 - missing functions: none
symbol engine: initialized successfully - sym options: 0x614 - pdb path: .;C:\Program Files\Android\Android Studio\jbr\bin;C:\Windows\SYSTEM32;C:\Windows\WinSxS\amd64_microsoft.windows.common-controls_6595b64144ccf1df_6.0.19041.1110_none_60b5254171f9507e;C:\Program Files\Android\Android Studio\jbr\bin\server;C:\Users\Administrator\.gradle\native\e1d6ef7f7dcc3fd88c89a11ec53ec762bb8ba0a96d01ffa2cd45eb1d1d8dd5c5\windows-amd64;C:\Users\Administrator\.gradle\native\0d407fdbe67a94daf76414ababcb853783967236a71b16ec16e742cd7a986fd3\windows-amd64;C:\Program Files\Bonjour

VM Arguments:
jvm_args: --add-opens=java.base/java.util=ALL-UNNAMED --add-opens=java.base/java.lang=ALL-UNNAMED --add-opens=java.base/java.lang.invoke=ALL-UNNAMED --add-opens=java.base/java.util=ALL-UNNAMED --add-opens=java.prefs/java.util.prefs=ALL-UNNAMED --add-opens=java.prefs/java.util.prefs=ALL-UNNAMED --add-opens=java.base/java.nio.charset=ALL-UNNAMED --add-opens=java.base/java.net=ALL-UNNAMED --add-opens=java.base/java.util.concurrent.atomic=ALL-UNNAMED -Xmx2048m -Dfile.encoding=UTF-8 -Duser.country=US -Duser.language=en -Duser.variant 
java_command: org.gradle.launcher.daemon.bootstrap.GradleDaemon 7.5
java_class_path (initial): C:\Users\Administrator\.gradle\wrapper\dists\gradle-7.5-bin\f1w0cc9nuo0eivz97x2xlu9sv\gradle-7.5\lib\gradle-launcher-7.5.jar
Launcher Type: SUN_STANDARD

[Global flags]
     intx CICompilerCount                          = 3                                         {product} {ergonomic}
     uint ConcGCThreads                            = 1                                         {product} {ergonomic}
     uint G1ConcRefinementThreads                  = 4                                         {product} {ergonomic}
   size_t G1HeapRegionSize                         = 1048576                                   {product} {ergonomic}
    uintx GCDrainStackTargetSize                   = 64                                        {product} {ergonomic}
   size_t InitialHeapSize                          = 201326592                                 {product} {ergonomic}
   size_t MarkStackSize                            = 4194304                                   {product} {ergonomic}
   size_t MaxHeapSize                              = 2147483648                                {product} {command line}
   size_t MaxNewSize                               = 1287651328                                {product} {ergonomic}
   size_t MinHeapDeltaBytes                        = 1048576                                   {product} {ergonomic}
    uintx NonNMethodCodeHeapSize                   = 5830732                                {pd product} {ergonomic}
    uintx NonProfiledCodeHeapSize                  = 122913754                              {pd product} {ergonomic}
    uintx ProfiledCodeHeapSize                     = 122913754                              {pd product} {ergonomic}
    uintx ReservedCodeCacheSize                    = 251658240                              {pd product} {ergonomic}
     bool SegmentedCodeCache                       = true                                      {product} {ergonomic}
     bool UseCompressedClassPointers               = true                                 {lp64_product} {ergonomic}
     bool UseCompressedOops                        = true                                 {lp64_product} {ergonomic}
     bool UseG1GC                                  = true                                      {product} {ergonomic}
     bool UseLargePagesIndividualAllocation        = false                                  {pd product} {ergonomic}

Logging:
Log output configuration:
 #0: stdout all=warning uptime,level,tags
 #1: stderr all=off uptime,level,tags

Environment Variables:
PATH=C:\Program Files\Common Files\Oracle\Java\javapath;C:\Windows\system32;C:\Windows;C:\Windows\System32\Wbem;C:\Windows\System32\WindowsPowerShell\v1.0\;C:\Windows\System32\OpenSSH\;C:\Program Files\nodejs\;C:\Program Files (x86)\dotnet\;C:\Program Files\Git\cmd;C:\Users\Administrator\AppData\Local\Microsoft\WindowsApps;D:\Microsoft VS Code\bin;C:\Program Files\Java\jdk-19\bin;C:\Program Files\JetBrains\IntelliJ IDEA Community Edition 2022.3.1\bin;C:\Users\Administrator\AppData\Roaming\npm;C:\Users\Administrator\AppData\Local\JetBrains\Toolbox\scripts;
USERNAME=Administrator
OS=Windows_NT
PROCESSOR_IDENTIFIER=Intel64 Family 6 Model 158 Stepping 9, GenuineIntel



---------------  S Y S T E M  ---------------

OS: Windows 10 , 64 bit Build 19041 (10.0.19041.2364)
OS uptime: 0 days 3:00 hours

CPU:total 4 (initial active 4) (2 cores per cpu, 2 threads per core) family 6 model 158 stepping 9 microcode 0xb4, cmov, cx8, fxsr, mmx, sse, sse2, sse3, ssse3, sse4.1, sse4.2, popcnt, avx, avx2, aes, clmul, erms, 3dnowpref, lzcnt, ht, tsc, tscinvbit, bmi1, bmi2, adx, fma

Memory: 4k page, system-wide physical 12246M (4277M free)
TotalPageFile size 18134M (AvailPageFile size 8698M)
current process WorkingSet (physical memory assigned to process): 527M, peak: 585M
current process commit charge ("private bytes"): 673M, peak: 682M

vm_info: OpenJDK 64-Bit Server VM (11.0.15+0-b2043.56-8887301) for windows-amd64 JRE (11.0.15+0-b2043.56-8887301), built on Jul 29 2022 23:19:47 by "builduser" with unknown MS VC++:1929

END.
