#
# A fatal error has been detected by the Java Runtime Environment:
#
#  EXCEPTION_ACCESS_VIOLATION (0xc0000005) at pc=0x00007ffa1fa48911, pid=7428, tid=11532
#
# JRE version: OpenJDK Runtime Environment (11.0.15) (build 11.0.15+0-b2043.56-8887301)
# Java VM: OpenJDK 64-Bit Server VM (11.0.15+0-b2043.56-8887301, mixed mode, tiered, compressed oops, g1 gc, windows-amd64)
# Problematic frame:
# V  [jvm.dll+0x1a8911]
#
# No core dump will be written. Minidumps are not enabled by default on client versions of Windows
#
# If you would like to submit a bug report, please visit:
#   https://bugreport.java.com/bugreport/crash.jsp
#

---------------  S U M M A R Y ------------

Command Line: --add-opens=java.base/java.util=ALL-UNNAMED --add-opens=java.base/java.lang=ALL-UNNAMED --add-opens=java.base/java.lang.invoke=ALL-UNNAMED --add-opens=java.base/java.util=ALL-UNNAMED --add-opens=java.prefs/java.util.prefs=ALL-UNNAMED --add-opens=java.prefs/java.util.prefs=ALL-UNNAMED --add-opens=java.base/java.nio.charset=ALL-UNNAMED --add-opens=java.base/java.net=ALL-UNNAMED --add-opens=java.base/java.util.concurrent.atomic=ALL-UNNAMED -Xmx2048m -Dfile.encoding=UTF-8 -Duser.country=US -Duser.language=en -Duser.variant org.gradle.launcher.daemon.bootstrap.GradleDaemon 7.5

Host: Intel(R) Core(TM) i3-7100 CPU @ 3.90GHz, 4 cores, 11G,  Windows 10 , 64 bit Build 19041 (10.0.19041.2364)
Time: Sat Feb 18 12:39:13 2023 Bangladesh Standard Time elapsed time: 8246.680547 seconds (0d 2h 17m 26s)

---------------  T H R E A D  ---------------

Current thread (0x000001e143d2e000):  ConcurrentGCThread "G1 Conc#0" [stack: 0x0000009793f00000,0x0000009794000000] [id=11532]

Stack: [0x0000009793f00000,0x0000009794000000],  sp=0x0000009793fff328,  free space=1020k
Native frames: (J=compiled Java code, j=interpreted, Vv=VM code, C=native code)
V  [jvm.dll+0x1a8911]


siginfo: EXCEPTION_ACCESS_VIOLATION (0xc0000005), reading address 0x0000000000000110


Register to memory mapping:

RIP=0x00007ffa1fa48911 jvm.dll
RAX=0x0 is NULL
RBX=0x0920000002440000 is an unknown value
RCX=0x0000000100015a28 is pointing into metadata
RDX=0x000000008265d760 is an oop: 
[error occurred during error reporting (printing register info), id 0xc0000005, EXCEPTION_ACCESS_VIOLATION (0xc0000005) at pc=0x00007ffa1fecd65d]

Registers:
RAX=0x0000000000000000, RBX=0x0920000002440000, RCX=0x0000000100015a28, RDX=0x000000008265d760
RSP=0x0000009793fff328, RBP=0x0000000000000000, RSI=0x0000100000000001, RDI=0x000000008265d760
R8 =0x0000000000000000, R9 =0x0000000100015a28, R10=0x000001e143d5b510, R11=0x346dc5d63886594b
R12=0x0000000000000000, R13=0x0000000000000000, R14=0x000001e1594a9758, R15=0x000001e143d24190
RIP=0x00007ffa1fa48911, EFLAGS=0x0000000000010246

Top of Stack: (sp=0x0000009793fff328)
0x0000009793fff328:   00007ffa1fba055d 01d9435081ce1ad6
0x0000009793fff338:   00007ffa1ff2e791 000000000004c4b4
0x0000009793fff348:   00000000047d2d74 000000008265d6b0
0x0000009793fff358:   0000000000000000 000000008265d760
0x0000009793fff368:   00007ffa1fba0342 000001e143d2fc10
0x0000009793fff378:   0000000100505c98 0000000100505ca0
0x0000009793fff388:   0000009793fff540 000000008265d6c8
0x0000009793fff398:   00007ffa1fb97c6d 000000008265d6c8
0x0000009793fff3a8:   000000008265d6c0 0000009793fff540
0x0000009793fff3b8:   0000000100005a28 0000000000000040
0x0000009793fff3c8:   000001e143d2fbf0 000000008265d6b0
0x0000009793fff3d8:   00007ffa1fb97811 0000000100505a90
0x0000009793fff3e8:   0000000000000003 0000009793fff540
0x0000009793fff3f8:   000000008265d858 0000000000a1fffe
0x0000009793fff408:   00007ffa1fba90a3 000000008265d6b0
0x0000009793fff418:   00000000000000c1 000001e143d2fc10 

Instructions: (pc=0x00007ffa1fa48911)
0x00007ffa1fa48811:   00 48 8b 5c 24 40 48 8b 74 24 48 48 83 c4 30 5f
0x00007ffa1fa48821:   c3 48 8b 07 48 8d 54 24 20 48 89 4c 24 28 48 8b
0x00007ffa1fa48831:   cf 48 89 5c 24 20 ff 50 38 48 8b 5c 24 40 48 8b
0x00007ffa1fa48841:   74 24 48 48 83 c4 30 5f c3 cc cc cc cc cc cc 48
0x00007ffa1fa48851:   8b 49 38 48 8b 01 48 ff 60 28 cc cc cc cc cc 80
0x00007ffa1fa48861:   3d 3a e7 93 00 00 48 8b c1 74 1b 8b 51 08 8b 0d
0x00007ffa1fa48871:   e3 2e 8f 00 48 d3 e2 48 8b c8 48 03 15 ce 2e 8f
0x00007ffa1fa48881:   00 e9 19 00 00 00 48 8b 51 08 48 8b c8 e9 0d 00
0x00007ffa1fa48891:   00 00 cc cc cc cc cc cc cc cc cc cc cc cc cc 4c
0x00007ffa1fa488a1:   8b ca 48 8b d1 45 8b 41 08 45 85 c0 7e 0e 41 f6
0x00007ffa1fa488b1:   c0 01 75 56 41 c1 f8 03 41 8b c0 c3 79 4c 80 3d
0x00007ffa1fa488c1:   db e6 93 00 00 b8 0c 00 00 00 b9 10 00 00 00 0f
0x00007ffa1fa488d1:   45 c8 8b 05 9b 5e 8d 00 ff c8 4c 63 c8 48 63 14
0x00007ffa1fa488e1:   11 41 8b c8 83 e1 3f 48 d3 e2 41 8b c8 48 c1 f9
0x00007ffa1fa488f1:   10 0f b6 c1 49 8d 0c 11 49 f7 d1 48 03 c1 49 c1
0x00007ffa1fa48901:   e9 03 48 c1 e8 03 41 23 c1 c3 49 8b 01 49 8b c9
0x00007ffa1fa48911:   48 ff a0 10 01 00 00 cc cc cc cc cc cc cc cc 48
0x00007ffa1fa48921:   8b c2 c3 cc cc cc cc cc cc cc cc cc cc cc cc 48
0x00007ffa1fa48931:   83 ec 38 48 8b c1 48 8b 49 38 80 79 08 00 74 05
0x00007ffa1fa48941:   90 48 8b 48 38 0f 10 02 48 8d 54 24 20 0f 29 44
0x00007ffa1fa48951:   24 20 e8 28 f0 ff ff 48 83 c4 38 c3 cc cc cc 48
0x00007ffa1fa48961:   83 ec 38 0f 10 02 48 8b 01 48 8d 54 24 20 0f 29
0x00007ffa1fa48971:   44 24 20 ff 50 38 48 83 c4 38 c3 cc cc cc cc 48
0x00007ffa1fa48981:   89 5c 24 08 55 56 57 41 54 41 55 41 56 41 57 48
0x00007ffa1fa48991:   8d 6c 24 e0 48 81 ec 20 01 00 00 48 8b 05 85 b6
0x00007ffa1fa489a1:   90 00 48 33 c4 48 89 45 10 48 8b 05 4f 53 93 00
0x00007ffa1fa489b1:   45 33 ed 4c 8b b5 80 00 00 00 4c 8b fa 48 8b bd
0x00007ffa1fa489c1:   88 00 00 00 4d 8b c6 49 8b d6 49 8b f1 48 8b 48
0x00007ffa1fa489d1:   38 48 8b 59 48 49 8b cf c7 45 c0 ff ff ff ff 44
0x00007ffa1fa489e1:   89 6d d4 4c 89 6d d8 44 88 6d e0 c7 45 e8 ff ff
0x00007ffa1fa489f1:   ff ff 44 89 6d fc 4c 89 6d 00 44 88 6d 08 e8 7c
0x00007ffa1fa48a01:   4d f5 ff 41 b1 01 4c 8d 45 e8 41 8d 55 04 49 8b 


Stack slot to memory mapping:
stack at sp + 0 slots: 0x00007ffa1fba055d jvm.dll
stack at sp + 1 slots: 0x01d9435081ce1ad6 is an unknown value
stack at sp + 2 slots: 0x00007ffa1ff2e791 jvm.dll
stack at sp + 3 slots: 0x000000000004c4b4 is an unknown value
stack at sp + 4 slots: 0x00000000047d2d74 is an unknown value
stack at sp + 5 slots: 0x000000008265d6b0 is an oop: java.beans.MethodRef 
{0x000000008265d6b0} - klass: 'java/beans/MethodRef'
stack at sp + 6 slots: 0x0 is NULL
stack at sp + 7 slots: 0x000000008265d760 is an oop: 
[error occurred during error reporting (inspecting top of stack), id 0xc0000005, EXCEPTION_ACCESS_VIOLATION (0xc0000005) at pc=0x00007ffa1fecd65d]


---------------  P R O C E S S  ---------------

Threads class SMR info:
_java_thread_list=0x000001e161fbfaa0, length=108, elements={
0x000001e143ce3800, 0x000001e15d935800, 0x000001e15d93e000, 0x000001e15e18c800,
0x000001e15e18d800, 0x000001e15e192800, 0x000001e15e195000, 0x000001e15e19a000,
0x000001e15e19d800, 0x000001e15e2fb000, 0x000001e15e2fc000, 0x000001e15e2fa800,
0x000001e15e2ff800, 0x000001e160148800, 0x000001e16014d000, 0x000001e16014f000,
0x000001e16014c000, 0x000001e16014d800, 0x000001e161df4000, 0x000001e161df2000,
0x000001e161df0800, 0x000001e161df4800, 0x000001e161df8800, 0x000001e161df9800,
0x000001e161aa4800, 0x000001e168e28800, 0x000001e15eb55000, 0x000001e15eb59000,
0x000001e15eb5a800, 0x000001e15e2fd800, 0x000001e15eb5e800, 0x000001e15e2fd000,
0x000001e15eb61000, 0x000001e15eb5b800, 0x000001e15eb5d000, 0x000001e168e31800,
0x000001e15eb5e000, 0x000001e161df3000, 0x000001e15eb58000, 0x000001e1685dc800,
0x000001e15eb55800, 0x000001e161df8000, 0x000001e161dfc000, 0x000001e168e34000,
0x000001e165be7000, 0x000001e15e301000, 0x000001e168e26000, 0x000001e168e27000,
0x000001e168e2a000, 0x000001e168e25000, 0x000001e168e2b000, 0x000001e168e2b800,
0x000001e168e2d800, 0x000001e168e29000, 0x000001e168e27800, 0x000001e168e2f000,
0x000001e168e2e000, 0x000001e16aa46800, 0x000001e168e2f800, 0x000001e168e30800,
0x000001e168e32000, 0x000001e168e33000, 0x000001e1685de000, 0x000001e1685dd000,
0x000001e1685df000, 0x000001e1685d9000, 0x000001e1685df800, 0x000001e1685da000,
0x000001e1685e0800, 0x000001e1685da800, 0x000001e1685db800, 0x000001e1685e3000,
0x000001e1685e4800, 0x000001e1685e2000, 0x000001e1685e3800, 0x000001e1685e5800,
0x000001e1685e6000, 0x000001e1685e7000, 0x000001e1685e1000, 0x000001e1685e7800,
0x000001e161a9a000, 0x000001e161a98800, 0x000001e161a9b000, 0x000001e161a9b800,
0x000001e161a9c800, 0x000001e161a9d800, 0x000001e161a99000, 0x000001e161a97800,
0x000001e161aa3000, 0x000001e161a9f000, 0x000001e161a9e000, 0x000001e161a9f800,
0x000001e161aa0800, 0x000001e161aa2000, 0x000001e161aa4000, 0x000001e161aa6800,
0x000001e161aa1800, 0x000001e165be5800, 0x000001e165be1800, 0x000001e165be8000,
0x000001e165be4800, 0x000001e165be6800, 0x000001e165be2000, 0x000001e165be3000,
0x000001e165be4000, 0x000001e15eb5a000, 0x000001e15eb5c000, 0x000001e15eb56800
}

Java Threads: ( => current thread )
  0x000001e143ce3800 JavaThread "main" [_thread_blocked, id=1656, stack(0x0000009793c00000,0x0000009793d00000)]
  0x000001e15d935800 JavaThread "Reference Handler" daemon [_thread_blocked, id=3492, stack(0x0000009794300000,0x0000009794400000)]
  0x000001e15d93e000 JavaThread "Finalizer" daemon [_thread_blocked, id=7712, stack(0x0000009794400000,0x0000009794500000)]
  0x000001e15e18c800 JavaThread "Signal Dispatcher" daemon [_thread_blocked, id=3808, stack(0x0000009794500000,0x0000009794600000)]
  0x000001e15e18d800 JavaThread "Attach Listener" daemon [_thread_blocked, id=7360, stack(0x0000009794600000,0x0000009794700000)]
  0x000001e15e192800 JavaThread "Service Thread" daemon [_thread_blocked, id=808, stack(0x0000009794700000,0x0000009794800000)]
  0x000001e15e195000 JavaThread "C2 CompilerThread0" daemon [_thread_in_native, id=6308, stack(0x0000009794800000,0x0000009794900000)]
  0x000001e15e19a000 JavaThread "C1 CompilerThread0" daemon [_thread_blocked, id=11696, stack(0x0000009794900000,0x0000009794a00000)]
  0x000001e15e19d800 JavaThread "Sweeper thread" daemon [_thread_blocked, id=10340, stack(0x0000009794a00000,0x0000009794b00000)]
  0x000001e15e2fb000 JavaThread "Common-Cleaner" daemon [_thread_blocked, id=11884, stack(0x0000009794b00000,0x0000009794c00000)]
  0x000001e15e2fc000 JavaThread "Daemon health stats" [_thread_blocked, id=4232, stack(0x0000009795200000,0x0000009795300000)]
  0x000001e15e2fa800 JavaThread "Incoming local TCP Connector on port 50583" [_thread_in_native, id=5800, stack(0x0000009795300000,0x0000009795400000)]
  0x000001e15e2ff800 JavaThread "Daemon periodic checks" [_thread_blocked, id=4976, stack(0x0000009795400000,0x0000009795500000)]
  0x000001e160148800 JavaThread "Cache worker for journal cache (C:\Users\Administrator\.gradle\caches\journal-1)" [_thread_blocked, id=5628, stack(0x0000009795c00000,0x0000009795d00000)]
  0x000001e16014d000 JavaThread "File lock request listener" [_thread_in_native, id=1168, stack(0x0000009795d00000,0x0000009795e00000)]
  0x000001e16014f000 JavaThread "Cache worker for file hash cache (C:\Users\Administrator\.gradle\caches\7.5\fileHashes)" [_thread_blocked, id=1140, stack(0x0000009795e00000,0x0000009795f00000)]
  0x000001e16014c000 JavaThread "File watcher server" daemon [_thread_in_native, id=8972, stack(0x0000009795f00000,0x0000009796000000)]
  0x000001e16014d800 JavaThread "File watcher consumer" daemon [_thread_blocked, id=2932, stack(0x0000009796000000,0x0000009796100000)]
  0x000001e161df4000 JavaThread "Cache worker for file content cache (C:\Users\Administrator\.gradle\caches\7.5\fileContent)" [_thread_blocked, id=2908, stack(0x0000009796300000,0x0000009796400000)]
  0x000001e161df2000 JavaThread "Cache worker for execution history cache (C:\Users\Administrator\.gradle\caches\7.5\executionHistory)" [_thread_blocked, id=2968, stack(0x0000009796600000,0x0000009796700000)]
  0x000001e161df0800 JavaThread "jar transforms" [_thread_blocked, id=10944, stack(0x0000009796700000,0x0000009796800000)]
  0x000001e161df4800 JavaThread "jar transforms Thread 2" [_thread_blocked, id=2956, stack(0x0000009796800000,0x0000009796900000)]
  0x000001e161df8800 JavaThread "jar transforms Thread 3" [_thread_blocked, id=2952, stack(0x0000009796900000,0x0000009796a00000)]
  0x000001e161df9800 JavaThread "jar transforms Thread 4" [_thread_blocked, id=1448, stack(0x0000009796a00000,0x0000009796b00000)]
  0x000001e161aa4800 JavaThread "Memory manager" [_thread_blocked, id=8276, stack(0x0000009799700000,0x0000009799800000)]
  0x000001e168e28800 JavaThread "pool-3-thread-1" [_thread_blocked, id=8780, stack(0x0000009799800000,0x0000009799900000)]
  0x000001e15eb55000 JavaThread "RMI Scheduler(0)" daemon [_thread_blocked, id=2284, stack(0x0000009794d00000,0x0000009794e00000)]
  0x000001e15eb59000 JavaThread "RMI TCP Accept-0" daemon [_thread_in_native, id=320, stack(0x000000979a900000,0x000000979aa00000)]
  0x000001e15eb5a800 JavaThread "Cache worker for Java compile cache (C:\Users\Administrator\.gradle\caches\7.5\javaCompile)" [_thread_blocked, id=504, stack(0x000000979af00000,0x000000979b000000)]
  0x000001e15e2fd800 JavaThread "pool-8-thread-1" [_thread_blocked, id=6244, stack(0x0000009799400000,0x0000009799500000)]
  0x000001e15eb5e800 JavaThread "pool-13-thread-1" [_thread_blocked, id=4780, stack(0x0000009799500000,0x0000009799600000)]
  0x000001e15e2fd000 JavaThread "pool-17-thread-1" [_thread_blocked, id=7080, stack(0x0000009799900000,0x0000009799a00000)]
  0x000001e15eb61000 JavaThread "pool-21-thread-1" [_thread_blocked, id=7540, stack(0x0000009799c00000,0x0000009799d00000)]
  0x000001e15eb5b800 JavaThread "pool-25-thread-1" [_thread_blocked, id=6948, stack(0x0000009799b00000,0x0000009799c00000)]
  0x000001e15eb5d000 JavaThread "pool-29-thread-1" [_thread_blocked, id=4224, stack(0x0000009799600000,0x0000009799700000)]
  0x000001e168e31800 JavaThread "pool-33-thread-1" [_thread_blocked, id=9708, stack(0x0000009799a00000,0x0000009799b00000)]
  0x000001e15eb5e000 JavaThread "pool-37-thread-1" [_thread_blocked, id=3676, stack(0x0000009799d00000,0x0000009799e00000)]
  0x000001e161df3000 JavaThread "pool-41-thread-1" [_thread_blocked, id=10092, stack(0x0000009799f00000,0x000000979a000000)]
  0x000001e15eb58000 JavaThread "pool-45-thread-1" [_thread_blocked, id=6556, stack(0x000000979a000000,0x000000979a100000)]
  0x000001e1685dc800 JavaThread "pool-49-thread-1" [_thread_blocked, id=4732, stack(0x0000009799e00000,0x0000009799f00000)]
  0x000001e15eb55800 JavaThread "pool-53-thread-1" [_thread_blocked, id=980, stack(0x000000979a100000,0x000000979a200000)]
  0x000001e161df8000 JavaThread "pool-57-thread-1" [_thread_blocked, id=2468, stack(0x000000979a200000,0x000000979a300000)]
  0x000001e161dfc000 JavaThread "pool-61-thread-1" [_thread_blocked, id=2852, stack(0x000000979a300000,0x000000979a400000)]
  0x000001e168e34000 JavaThread "pool-65-thread-1" [_thread_blocked, id=4132, stack(0x000000979a500000,0x000000979a600000)]
  0x000001e165be7000 JavaThread "pool-68-thread-1" [_thread_blocked, id=2424, stack(0x000000979a600000,0x000000979a700000)]
  0x000001e15e301000 JavaThread "ForkJoinPool.commonPool-worker-7" daemon [_thread_blocked, id=9028, stack(0x000000979be00000,0x000000979bf00000)]
  0x000001e168e26000 JavaThread "Daemon Thread 9" [_thread_blocked, id=11836, stack(0x0000009793a00000,0x0000009793b00000)]
  0x000001e168e27000 JavaThread "Handler for socket connection from /127.0.0.1:50583 to /127.0.0.1:56960" [_thread_in_native, id=12184, stack(0x0000009793b00000,0x0000009793c00000)]
  0x000001e168e2a000 JavaThread "Cancel handler" [_thread_blocked, id=10852, stack(0x0000009795500000,0x0000009795600000)]
  0x000001e168e25000 JavaThread "Daemon worker Thread 10" [_thread_blocked, id=10508, stack(0x0000009795600000,0x0000009795700000)]
  0x000001e168e2b000 JavaThread "Asynchronous log dispatcher for DefaultDaemonConnection: socket connection from /127.0.0.1:50583 to /127.0.0.1:56960" [_thread_blocked, id=11056, stack(0x0000009795700000,0x0000009795800000)]
  0x000001e168e2b800 JavaThread "Stdin handler" [_thread_blocked, id=7452, stack(0x0000009795800000,0x0000009795900000)]
  0x000001e168e2d800 JavaThread "Daemon client event forwarder" [_thread_blocked, id=7096, stack(0x0000009795900000,0x0000009795a00000)]
  0x000001e168e29000 JavaThread "Cache worker for checksums cache (P:\Retrofit\.gradle\7.5\checksums)" [_thread_blocked, id=8572, stack(0x0000009795a00000,0x0000009795b00000)]
  0x000001e168e27800 JavaThread "Cache worker for cache directory md-rule (C:\Users\Administrator\.gradle\caches\7.5\md-rule)" [_thread_blocked, id=7180, stack(0x0000009795b00000,0x0000009795c00000)]
  0x000001e168e2f000 JavaThread "Cache worker for file hash cache (P:\Retrofit\.gradle\7.5\fileHashes)" [_thread_blocked, id=9152, stack(0x0000009796100000,0x0000009796200000)]
  0x000001e168e2e000 JavaThread "Cache worker for cache directory md-supplier (C:\Users\Administrator\.gradle\caches\7.5\md-supplier)" [_thread_blocked, id=10156, stack(0x0000009796200000,0x0000009796300000)]
  0x000001e16aa46800 JavaThread "C2 CompilerThread1" daemon [_thread_in_native, id=10460, stack(0x0000009796400000,0x0000009796500000)]
  0x000001e168e2f800 JavaThread "Cache worker for dependencies-accessors (P:\Retrofit\.gradle\7.5\dependencies-accessors)" [_thread_blocked, id=5300, stack(0x0000009796500000,0x0000009796600000)]
  0x000001e168e30800 JavaThread "Cache worker for Build Output Cleanup Cache (P:\Retrofit\.gradle\buildOutputCleanup)" [_thread_blocked, id=10096, stack(0x0000009796b00000,0x0000009796c00000)]
  0x000001e168e32000 JavaThread "Unconstrained build operations" [_thread_blocked, id=4324, stack(0x0000009796c00000,0x0000009796d00000)]
  0x000001e168e33000 JavaThread "Unconstrained build operations Thread 2" [_thread_blocked, id=11044, stack(0x0000009796d00000,0x0000009796e00000)]
  0x000001e1685de000 JavaThread "Unconstrained build operations Thread 3" [_thread_blocked, id=5616, stack(0x0000009796e00000,0x0000009796f00000)]
  0x000001e1685dd000 JavaThread "Unconstrained build operations Thread 4" [_thread_blocked, id=9528, stack(0x0000009796f00000,0x0000009797000000)]
  0x000001e1685df000 JavaThread "Unconstrained build operations Thread 5" [_thread_blocked, id=10068, stack(0x0000009797000000,0x0000009797100000)]
  0x000001e1685d9000 JavaThread "Unconstrained build operations Thread 6" [_thread_blocked, id=9176, stack(0x0000009797100000,0x0000009797200000)]
  0x000001e1685df800 JavaThread "Unconstrained build operations Thread 7" [_thread_blocked, id=8524, stack(0x0000009797200000,0x0000009797300000)]
  0x000001e1685da000 JavaThread "Unconstrained build operations Thread 8" [_thread_blocked, id=7720, stack(0x0000009797300000,0x0000009797400000)]
  0x000001e1685e0800 JavaThread "Unconstrained build operations Thread 9" [_thread_blocked, id=10900, stack(0x0000009797400000,0x0000009797500000)]
  0x000001e1685da800 JavaThread "Unconstrained build operations Thread 10" [_thread_blocked, id=5672, stack(0x0000009797500000,0x0000009797600000)]
  0x000001e1685db800 JavaThread "Unconstrained build operations Thread 11" [_thread_blocked, id=680, stack(0x0000009797600000,0x0000009797700000)]
  0x000001e1685e3000 JavaThread "Unconstrained build operations Thread 12" [_thread_blocked, id=5096, stack(0x0000009797700000,0x0000009797800000)]
  0x000001e1685e4800 JavaThread "Unconstrained build operations Thread 13" [_thread_blocked, id=6716, stack(0x0000009797800000,0x0000009797900000)]
  0x000001e1685e2000 JavaThread "Unconstrained build operations Thread 14" [_thread_blocked, id=7964, stack(0x0000009797900000,0x0000009797a00000)]
  0x000001e1685e3800 JavaThread "Unconstrained build operations Thread 15" [_thread_blocked, id=10736, stack(0x0000009797a00000,0x0000009797b00000)]
  0x000001e1685e5800 JavaThread "Unconstrained build operations Thread 16" [_thread_blocked, id=4568, stack(0x0000009797b00000,0x0000009797c00000)]
  0x000001e1685e6000 JavaThread "Unconstrained build operations Thread 17" [_thread_blocked, id=11156, stack(0x0000009797c00000,0x0000009797d00000)]
  0x000001e1685e7000 JavaThread "Unconstrained build operations Thread 18" [_thread_blocked, id=9960, stack(0x0000009797d00000,0x0000009797e00000)]
  0x000001e1685e1000 JavaThread "Unconstrained build operations Thread 19" [_thread_blocked, id=1284, stack(0x0000009797e00000,0x0000009797f00000)]
  0x000001e1685e7800 JavaThread "Unconstrained build operations Thread 20" [_thread_blocked, id=4492, stack(0x0000009797f00000,0x0000009798000000)]
  0x000001e161a9a000 JavaThread "Unconstrained build operations Thread 21" [_thread_blocked, id=4624, stack(0x0000009798000000,0x0000009798100000)]
  0x000001e161a98800 JavaThread "Unconstrained build operations Thread 22" [_thread_blocked, id=9348, stack(0x0000009798100000,0x0000009798200000)]
  0x000001e161a9b000 JavaThread "Unconstrained build operations Thread 23" [_thread_blocked, id=11860, stack(0x0000009798200000,0x0000009798300000)]
  0x000001e161a9b800 JavaThread "Unconstrained build operations Thread 24" [_thread_blocked, id=10356, stack(0x0000009798300000,0x0000009798400000)]
  0x000001e161a9c800 JavaThread "Unconstrained build operations Thread 25" [_thread_blocked, id=9016, stack(0x0000009798400000,0x0000009798500000)]
  0x000001e161a9d800 JavaThread "Unconstrained build operations Thread 26" [_thread_blocked, id=9668, stack(0x0000009798500000,0x0000009798600000)]
  0x000001e161a99000 JavaThread "Unconstrained build operations Thread 27" [_thread_blocked, id=1060, stack(0x0000009798600000,0x0000009798700000)]
  0x000001e161a97800 JavaThread "Unconstrained build operations Thread 28" [_thread_blocked, id=7556, stack(0x0000009798700000,0x0000009798800000)]
  0x000001e161aa3000 JavaThread "Unconstrained build operations Thread 29" [_thread_blocked, id=1464, stack(0x0000009798800000,0x0000009798900000)]
  0x000001e161a9f000 JavaThread "Unconstrained build operations Thread 30" [_thread_blocked, id=12084, stack(0x0000009798900000,0x0000009798a00000)]
  0x000001e161a9e000 JavaThread "Unconstrained build operations Thread 31" [_thread_blocked, id=6928, stack(0x0000009798a00000,0x0000009798b00000)]
  0x000001e161a9f800 JavaThread "Unconstrained build operations Thread 32" [_thread_blocked, id=8988, stack(0x0000009798b00000,0x0000009798c00000)]
  0x000001e161aa0800 JavaThread "Unconstrained build operations Thread 33" [_thread_blocked, id=1228, stack(0x0000009798c00000,0x0000009798d00000)]
  0x000001e161aa2000 JavaThread "Unconstrained build operations Thread 34" [_thread_blocked, id=10456, stack(0x0000009798d00000,0x0000009798e00000)]
  0x000001e161aa4000 JavaThread "Unconstrained build operations Thread 35" [_thread_blocked, id=12232, stack(0x0000009798e00000,0x0000009798f00000)]
  0x000001e161aa6800 JavaThread "Unconstrained build operations Thread 36" [_thread_blocked, id=10564, stack(0x0000009798f00000,0x0000009799000000)]
  0x000001e161aa1800 JavaThread "Unconstrained build operations Thread 37" [_thread_blocked, id=11460, stack(0x0000009799000000,0x0000009799100000)]
  0x000001e165be5800 JavaThread "Unconstrained build operations Thread 38" [_thread_blocked, id=1744, stack(0x0000009799100000,0x0000009799200000)]
  0x000001e165be1800 JavaThread "Unconstrained build operations Thread 39" [_thread_blocked, id=10064, stack(0x0000009799200000,0x0000009799300000)]
  0x000001e165be8000 JavaThread "Unconstrained build operations Thread 40" [_thread_blocked, id=11448, stack(0x0000009799300000,0x0000009799400000)]
  0x000001e165be4800 JavaThread "build event listener" [_thread_blocked, id=5792, stack(0x000000979a400000,0x000000979a500000)]
  0x000001e165be6800 JavaThread "pool-72-thread-1" [_thread_blocked, id=9664, stack(0x000000979a700000,0x000000979a800000)]
  0x000001e165be2000 JavaThread "build event listener" [_thread_blocked, id=2868, stack(0x000000979a800000,0x000000979a900000)]
  0x000001e165be3000 JavaThread "included builds" [_thread_blocked, id=8968, stack(0x000000979aa00000,0x000000979ab00000)]
  0x000001e165be4000 JavaThread "Execution worker" [_thread_blocked, id=10288, stack(0x000000979ac00000,0x000000979ad00000)]
  0x000001e15eb5a000 JavaThread "Execution worker Thread 2" [_thread_blocked, id=7580, stack(0x000000979ad00000,0x000000979ae00000)]
  0x000001e15eb5c000 JavaThread "Execution worker Thread 3" [_thread_blocked, id=1740, stack(0x000000979ae00000,0x000000979af00000)]
  0x000001e15eb56800 JavaThread "Cache worker for execution history cache (P:\Retrofit\.gradle\7.5\executionHistory)" [_thread_blocked, id=6824, stack(0x000000979b000000,0x000000979b100000)]

Other Threads:
  0x000001e15d922800 VMThread "VM Thread" [stack: 0x0000009794200000,0x0000009794300000] [id=3584]
  0x000001e15e338800 WatcherThread [stack: 0x0000009794c00000,0x0000009794d00000] [id=4764]
  0x000001e143cfb000 GCTaskThread "GC Thread#0" [stack: 0x0000009793d00000,0x0000009793e00000] [id=5852]
  0x000001e15ef59000 GCTaskThread "GC Thread#1" [stack: 0x0000009794e00000,0x0000009794f00000] [id=4240]
  0x000001e15e439000 GCTaskThread "GC Thread#2" [stack: 0x0000009794f00000,0x0000009795000000] [id=6320]
  0x000001e15ea1c800 GCTaskThread "GC Thread#3" [stack: 0x0000009795000000,0x0000009795100000] [id=5724]
  0x000001e143d2d000 ConcurrentGCThread "G1 Main Marker" [stack: 0x0000009793e00000,0x0000009793f00000] [id=4668]
=>0x000001e143d2e000 ConcurrentGCThread "G1 Conc#0" [stack: 0x0000009793f00000,0x0000009794000000] [id=11532]
  0x000001e15d774800 ConcurrentGCThread "G1 Refine#0" [stack: 0x0000009794000000,0x0000009794100000] [id=6324]
  0x000001e15f553800 ConcurrentGCThread "G1 Refine#1" [stack: 0x0000009795100000,0x0000009795200000] [id=10996]
  0x000001e16575c800 ConcurrentGCThread "G1 Refine#2" [stack: 0x000000979ab00000,0x000000979ac00000] [id=1080]
  0x000001e15d775000 ConcurrentGCThread "G1 Young RemSet Sampling" [stack: 0x0000009794100000,0x0000009794200000] [id=3164]

Threads with active compile tasks:
C2 CompilerThread0  8246694 32988   !   4       org.gradle.execution.plan.DefaultPlanExecutor$ExecutorWorker::lambda$getNextItem$1 (172 bytes)
C2 CompilerThread1  8246695 32987       4       org.gradle.execution.plan.DefaultPlanExecutor$ExecutorWorker$$Lambda$877/0x0000000100c67c40::transform (20 bytes)

VM state:not at safepoint (normal execution)

VM Mutex/Monitor currently owned by a thread: None

Heap address: 0x0000000080000000, size: 2048 MB, Compressed Oops mode: 32-bit
Narrow klass base: 0x0000000000000000, Narrow klass shift: 3
Compressed class space size: 1073741824 Address: 0x0000000100000000

Heap:
 garbage-first heap   total 314368K, used 110047K [0x0000000080000000, 0x0000000100000000)
  region size 1024K, 19 young (19456K), 11 survivors (11264K)
 Metaspace       used 156868K, capacity 162324K, committed 164124K, reserved 1191936K
  class space    used 19137K, capacity 21124K, committed 21612K, reserved 1048576K
Heap Regions: E=young(eden), S=young(survivor), O=old, HS=humongous(starts), HC=humongous(continues), CS=collection set, F=free, A=archive, TAMS=top-at-mark-start (previous, next)
|   0|0x0000000080000000, 0x0000000080100000, 0x0000000080100000|100%|HS|  |TAMS 0x0000000080000000, 0x0000000080100000| Untracked 
|   1|0x0000000080100000, 0x0000000080200000, 0x0000000080200000|100%|HC|  |TAMS 0x0000000080100000, 0x0000000080200000| Untracked 
|   2|0x0000000080200000, 0x0000000080300000, 0x0000000080300000|100%|HC|  |TAMS 0x0000000080200000, 0x0000000080300000| Untracked 
|   3|0x0000000080300000, 0x00000000803ee090, 0x0000000080400000| 92%| O|  |TAMS 0x0000000080300000, 0x00000000803ee090| Untracked 
|   4|0x0000000080400000, 0x00000000804f00a8, 0x0000000080500000| 93%| O|  |TAMS 0x0000000080400000, 0x00000000804f00a8| Untracked 
|   5|0x0000000080500000, 0x00000000805fe598, 0x0000000080600000| 99%| O|  |TAMS 0x0000000080500000, 0x00000000805fe598| Untracked 
|   6|0x0000000080600000, 0x00000000806ff638, 0x0000000080700000| 99%| O|  |TAMS 0x0000000080600000, 0x00000000806ff638| Untracked 
|   7|0x0000000080700000, 0x00000000807c5428, 0x0000000080800000| 77%| O|  |TAMS 0x0000000080700000, 0x00000000807c5428| Untracked 
|   8|0x0000000080800000, 0x0000000080900000, 0x0000000080900000|100%| O|  |TAMS 0x0000000080800000, 0x0000000080900000| Untracked 
|   9|0x0000000080900000, 0x00000000809ffff0, 0x0000000080a00000| 99%| O|  |TAMS 0x0000000080900000, 0x00000000809ffff0| Untracked 
|  10|0x0000000080a00000, 0x0000000080ac72a0, 0x0000000080b00000| 77%| O|  |TAMS 0x0000000080a00000, 0x0000000080ac72a0| Untracked 
|  11|0x0000000080b00000, 0x0000000080bfffe8, 0x0000000080c00000| 99%| O|  |TAMS 0x0000000080b00000, 0x0000000080bfffe8| Untracked 
|  12|0x0000000080c00000, 0x0000000080d00000, 0x0000000080d00000|100%| O|  |TAMS 0x0000000080c00000, 0x0000000080d00000| Untracked 
|  13|0x0000000080d00000, 0x0000000080dfffe0, 0x0000000080e00000| 99%| O|  |TAMS 0x0000000080d00000, 0x0000000080dfffe0| Untracked 
|  14|0x0000000080e00000, 0x0000000080effff8, 0x0000000080f00000| 99%| O|  |TAMS 0x0000000080e00000, 0x0000000080effff8| Untracked 
|  15|0x0000000080f00000, 0x0000000081000000, 0x0000000081000000|100%| O|  |TAMS 0x0000000080f00000, 0x0000000081000000| Untracked 
|  16|0x0000000081000000, 0x0000000081100000, 0x0000000081100000|100%| O|  |TAMS 0x0000000081000000, 0x0000000081100000| Untracked 
|  17|0x0000000081100000, 0x0000000081200000, 0x0000000081200000|100%| O|  |TAMS 0x0000000081100000, 0x0000000081200000| Untracked 
|  18|0x0000000081200000, 0x0000000081300000, 0x0000000081300000|100%| O|  |TAMS 0x0000000081200000, 0x0000000081300000| Untracked 
|  19|0x0000000081300000, 0x00000000813fffe8, 0x0000000081400000| 99%| O|  |TAMS 0x0000000081300000, 0x00000000813fffe8| Untracked 
|  20|0x0000000081400000, 0x0000000081500000, 0x0000000081500000|100%| O|  |TAMS 0x0000000081400000, 0x0000000081500000| Untracked 
|  21|0x0000000081500000, 0x0000000081600000, 0x0000000081600000|100%| O|  |TAMS 0x0000000081500000, 0x0000000081600000| Untracked 
|  22|0x0000000081600000, 0x00000000816fffe8, 0x0000000081700000| 99%| O|  |TAMS 0x0000000081600000, 0x00000000816fffe8| Untracked 
|  23|0x0000000081700000, 0x00000000817fffd8, 0x0000000081800000| 99%| O|  |TAMS 0x0000000081700000, 0x00000000817fffd8| Untracked 
|  24|0x0000000081800000, 0x00000000818ffff8, 0x0000000081900000| 99%| O|  |TAMS 0x0000000081800000, 0x00000000818ffff8| Untracked 
|  25|0x0000000081900000, 0x00000000819ffff8, 0x0000000081a00000| 99%| O|  |TAMS 0x0000000081900000, 0x00000000819ffff8| Untracked 
|  26|0x0000000081a00000, 0x0000000081afffb8, 0x0000000081b00000| 99%| O|  |TAMS 0x0000000081a00000, 0x0000000081afffb8| Untracked 
|  27|0x0000000081b00000, 0x0000000081bfffe8, 0x0000000081c00000| 99%| O|  |TAMS 0x0000000081b00000, 0x0000000081bfffe8| Untracked 
|  28|0x0000000081c00000, 0x0000000081cfffd8, 0x0000000081d00000| 99%| O|  |TAMS 0x0000000081c00000, 0x0000000081cfffd8| Untracked 
|  29|0x0000000081d00000, 0x0000000081e00000, 0x0000000081e00000|100%|HS|  |TAMS 0x0000000081d00000, 0x0000000081e00000| Untracked 
|  30|0x0000000081e00000, 0x0000000081f00000, 0x0000000081f00000|100%|HS|  |TAMS 0x0000000081e00000, 0x0000000081f00000| Untracked 
|  31|0x0000000081f00000, 0x0000000082000000, 0x0000000082000000|100%|HC|  |TAMS 0x0000000081f00000, 0x0000000082000000| Untracked 
|  32|0x0000000082000000, 0x0000000082100000, 0x0000000082100000|100%|HS|  |TAMS 0x0000000082000000, 0x0000000082100000| Untracked 
|  33|0x0000000082100000, 0x0000000082200000, 0x0000000082200000|100%|HS|  |TAMS 0x0000000082100000, 0x0000000082200000| Untracked 
|  34|0x0000000082200000, 0x0000000082300000, 0x0000000082300000|100%|HC|  |TAMS 0x0000000082200000, 0x0000000082300000| Untracked 
|  35|0x0000000082300000, 0x0000000082400000, 0x0000000082400000|100%|HC|  |TAMS 0x0000000082300000, 0x0000000082400000| Untracked 
|  36|0x0000000082400000, 0x0000000082500000, 0x0000000082500000|100%|HC|  |TAMS 0x0000000082400000, 0x0000000082500000| Untracked 
|  37|0x0000000082500000, 0x00000000825ffff0, 0x0000000082600000| 99%| O|  |TAMS 0x0000000082500000, 0x00000000825ffff0| Untracked 
|  38|0x0000000082600000, 0x00000000826ffff0, 0x0000000082700000| 99%| O|  |TAMS 0x0000000082600000, 0x00000000826ffff0| Untracked 
|  39|0x0000000082700000, 0x00000000827fda48, 0x0000000082800000| 99%| O|  |TAMS 0x0000000082700000, 0x00000000827fda48| Untracked 
|  40|0x0000000082800000, 0x00000000828fffd0, 0x0000000082900000| 99%| O|  |TAMS 0x0000000082800000, 0x00000000828fffd0| Untracked 
|  41|0x0000000082900000, 0x00000000829ffff0, 0x0000000082a00000| 99%| O|  |TAMS 0x0000000082900000, 0x00000000829ffff0| Untracked 
|  42|0x0000000082a00000, 0x0000000082afffe0, 0x0000000082b00000| 99%| O|  |TAMS 0x0000000082a00000, 0x0000000082afffe0| Untracked 
|  43|0x0000000082b00000, 0x0000000082be0e88, 0x0000000082c00000| 87%| O|  |TAMS 0x0000000082b00000, 0x0000000082be0e88| Untracked 
|  44|0x0000000082c00000, 0x0000000082c8fe60, 0x0000000082d00000| 56%| O|  |TAMS 0x0000000082c00000, 0x0000000082c8fe60| Untracked 
|  45|0x0000000082d00000, 0x0000000082df1430, 0x0000000082e00000| 94%| O|  |TAMS 0x0000000082d00000, 0x0000000082df1430| Untracked 
|  46|0x0000000082e00000, 0x0000000082efffd8, 0x0000000082f00000| 99%| O|  |TAMS 0x0000000082e00000, 0x0000000082efffd8| Untracked 
|  47|0x0000000082f00000, 0x0000000082ffffe8, 0x0000000083000000| 99%| O|  |TAMS 0x0000000082f00000, 0x0000000082ffffe8| Untracked 
|  48|0x0000000083000000, 0x00000000830ff2e0, 0x0000000083100000| 99%| O|  |TAMS 0x0000000083000000, 0x00000000830ff2e0| Untracked 
|  49|0x0000000083100000, 0x00000000831fff98, 0x0000000083200000| 99%| O|  |TAMS 0x0000000083100000, 0x00000000831fff98| Untracked 
|  50|0x0000000083200000, 0x00000000832ffff0, 0x0000000083300000| 99%| O|  |TAMS 0x0000000083200000, 0x00000000832ffff0| Untracked 
|  51|0x0000000083300000, 0x00000000833ffff0, 0x0000000083400000| 99%| O|  |TAMS 0x0000000083300000, 0x00000000833ffff0| Untracked 
|  52|0x0000000083400000, 0x00000000834ffff8, 0x0000000083500000| 99%| O|  |TAMS 0x0000000083400000, 0x00000000834ffff8| Untracked 
|  53|0x0000000083500000, 0x0000000083600000, 0x0000000083600000|100%| O|  |TAMS 0x0000000083500000, 0x0000000083600000| Untracked 
|  54|0x0000000083600000, 0x00000000836ffff8, 0x0000000083700000| 99%| O|  |TAMS 0x0000000083600000, 0x00000000836ffff8| Untracked 
|  55|0x0000000083700000, 0x00000000837fff98, 0x0000000083800000| 99%| O|  |TAMS 0x0000000083700000, 0x00000000837fff98| Untracked 
|  56|0x0000000083800000, 0x0000000083900000, 0x0000000083900000|100%| O|  |TAMS 0x0000000083800000, 0x0000000083900000| Untracked 
|  57|0x0000000083900000, 0x00000000839ffff0, 0x0000000083a00000| 99%| O|  |TAMS 0x0000000083900000, 0x00000000839ffff0| Untracked 
|  58|0x0000000083a00000, 0x0000000083b00000, 0x0000000083b00000|100%| O|  |TAMS 0x0000000083a00000, 0x0000000083b00000| Untracked 
|  59|0x0000000083b00000, 0x0000000083bfffe0, 0x0000000083c00000| 99%| O|  |TAMS 0x0000000083b00000, 0x0000000083bfffe0| Untracked 
|  60|0x0000000083c00000, 0x0000000083cfffe0, 0x0000000083d00000| 99%| O|  |TAMS 0x0000000083c00000, 0x0000000083cfffe0| Untracked 
|  61|0x0000000083d00000, 0x0000000083dfffe8, 0x0000000083e00000| 99%| O|  |TAMS 0x0000000083d00000, 0x0000000083dfffe8| Untracked 
|  62|0x0000000083e00000, 0x0000000083effff0, 0x0000000083f00000| 99%| O|  |TAMS 0x0000000083e00000, 0x0000000083effff0| Untracked 
|  63|0x0000000083f00000, 0x0000000083ffffb0, 0x0000000084000000| 99%| O|  |TAMS 0x0000000083f00000, 0x0000000083ffffb0| Untracked 
|  64|0x0000000084000000, 0x00000000840ffff0, 0x0000000084100000| 99%| O|  |TAMS 0x0000000084000000, 0x00000000840ffff0| Untracked 
|  65|0x0000000084100000, 0x00000000841ffff8, 0x0000000084200000| 99%| O|  |TAMS 0x0000000084100000, 0x00000000841ffff8| Untracked 
|  66|0x0000000084200000, 0x00000000842ffff0, 0x0000000084300000| 99%| O|  |TAMS 0x0000000084200000, 0x00000000842ffff0| Untracked 
|  67|0x0000000084300000, 0x00000000843ffff8, 0x0000000084400000| 99%| O|  |TAMS 0x0000000084300000, 0x00000000843ffff8| Untracked 
|  68|0x0000000084400000, 0x00000000844fffa8, 0x0000000084500000| 99%| O|  |TAMS 0x0000000084400000, 0x00000000844fffa8| Untracked 
|  69|0x0000000084500000, 0x00000000845fffe8, 0x0000000084600000| 99%| O|  |TAMS 0x0000000084500000, 0x00000000845fffe8| Untracked 
|  70|0x0000000084600000, 0x0000000084700000, 0x0000000084700000|100%| O|  |TAMS 0x0000000084600000, 0x0000000084700000| Untracked 
|  71|0x0000000084700000, 0x00000000847ffff8, 0x0000000084800000| 99%| O|  |TAMS 0x0000000084700000, 0x00000000847ffff8| Untracked 
|  72|0x0000000084800000, 0x0000000084900000, 0x0000000084900000|100%| O|  |TAMS 0x0000000084800000, 0x0000000084900000| Untracked 
|  73|0x0000000084900000, 0x00000000849ffff0, 0x0000000084a00000| 99%| O|  |TAMS 0x0000000084900000, 0x00000000849ffff0| Untracked 
|  74|0x0000000084a00000, 0x0000000084afffe8, 0x0000000084b00000| 99%| O|  |TAMS 0x0000000084a00000, 0x0000000084afffe8| Untracked 
|  75|0x0000000084b00000, 0x0000000084bffff0, 0x0000000084c00000| 99%| O|  |TAMS 0x0000000084b00000, 0x0000000084bffff0| Untracked 
|  76|0x0000000084c00000, 0x0000000084cffff0, 0x0000000084d00000| 99%| O|  |TAMS 0x0000000084c00000, 0x0000000084cffff0| Untracked 
|  77|0x0000000084d00000, 0x0000000084e00000, 0x0000000084e00000|100%| O|  |TAMS 0x0000000084d00000, 0x0000000084e00000| Untracked 
|  78|0x0000000084e00000, 0x0000000084f00000, 0x0000000084f00000|100%| O|  |TAMS 0x0000000084e00000, 0x0000000084f00000| Untracked 
|  79|0x0000000084f00000, 0x0000000084fffff8, 0x0000000085000000| 99%| O|  |TAMS 0x0000000084f00000, 0x0000000084fffff8| Untracked 
|  80|0x0000000085000000, 0x00000000850ffff0, 0x0000000085100000| 99%| O|  |TAMS 0x0000000085000000, 0x00000000850ffff0| Untracked 
|  81|0x0000000085100000, 0x0000000085200000, 0x0000000085200000|100%| O|  |TAMS 0x0000000085100000, 0x0000000085200000| Untracked 
|  82|0x0000000085200000, 0x00000000852ffff0, 0x0000000085300000| 99%| O|  |TAMS 0x0000000085200000, 0x00000000852ffff0| Untracked 
|  83|0x0000000085300000, 0x0000000085400000, 0x0000000085400000|100%| O|  |TAMS 0x0000000085300000, 0x0000000085400000| Untracked 
|  84|0x0000000085400000, 0x00000000854e1478, 0x0000000085500000| 87%| O|  |TAMS 0x0000000085400000, 0x00000000854e1478| Untracked 
|  85|0x0000000085500000, 0x00000000855ffff0, 0x0000000085600000| 99%| O|  |TAMS 0x0000000085500000, 0x00000000855ffff0| Untracked 
|  86|0x0000000085600000, 0x00000000856ffff0, 0x0000000085700000| 99%| O|  |TAMS 0x0000000085600000, 0x00000000856ffff0| Untracked 
|  87|0x0000000085700000, 0x00000000857d1eb0, 0x0000000085800000| 81%| O|  |TAMS 0x0000000085700000, 0x00000000857d1eb0| Untracked 
|  88|0x0000000085800000, 0x0000000085900000, 0x0000000085900000|100%| O|  |TAMS 0x0000000085800000, 0x0000000085900000| Untracked 
|  89|0x0000000085900000, 0x00000000859fffe8, 0x0000000085a00000| 99%| O|  |TAMS 0x0000000085900000, 0x00000000859fffe8| Untracked 
|  90|0x0000000085a00000, 0x0000000085a00000, 0x0000000085b00000|  0%| F|  |TAMS 0x0000000085a00000, 0x0000000085a00000| Untracked 
|  91|0x0000000085b00000, 0x0000000085b00000, 0x0000000085c00000|  0%| F|  |TAMS 0x0000000085b00000, 0x0000000085b00000| Untracked 
|  92|0x0000000085c00000, 0x0000000085c7e4e0, 0x0000000085d00000| 49%| O|  |TAMS 0x0000000085c00000, 0x0000000085c7e4e0| Untracked 
|  93|0x0000000085d00000, 0x0000000085d00000, 0x0000000085e00000|  0%| F|  |TAMS 0x0000000085d00000, 0x0000000085d00000| Untracked 
|  94|0x0000000085e00000, 0x0000000085e00000, 0x0000000085f00000|  0%| F|  |TAMS 0x0000000085e00000, 0x0000000085e00000| Untracked 
|  95|0x0000000085f00000, 0x0000000085f00000, 0x0000000086000000|  0%| F|  |TAMS 0x0000000085f00000, 0x0000000085f00000| Untracked 
|  96|0x0000000086000000, 0x0000000086000000, 0x0000000086100000|  0%| F|  |TAMS 0x0000000086000000, 0x0000000086000000| Untracked 
|  97|0x0000000086100000, 0x0000000086100000, 0x0000000086200000|  0%| F|  |TAMS 0x0000000086100000, 0x0000000086100000| Untracked 
|  98|0x0000000086200000, 0x0000000086200000, 0x0000000086300000|  0%| F|  |TAMS 0x0000000086200000, 0x0000000086200000| Untracked 
|  99|0x0000000086300000, 0x000000008637fa80, 0x0000000086400000| 49%| O|  |TAMS 0x0000000086300000, 0x000000008637fa80| Untracked 
| 100|0x0000000086400000, 0x0000000086400000, 0x0000000086500000|  0%| F|  |TAMS 0x0000000086400000, 0x0000000086400000| Untracked 
| 101|0x0000000086500000, 0x0000000086500000, 0x0000000086600000|  0%| F|  |TAMS 0x0000000086500000, 0x0000000086500000| Untracked 
| 102|0x0000000086600000, 0x0000000086600000, 0x0000000086700000|  0%| F|  |TAMS 0x0000000086600000, 0x0000000086600000| Untracked 
| 103|0x0000000086700000, 0x0000000086700000, 0x0000000086800000|  0%| F|  |TAMS 0x0000000086700000, 0x0000000086700000| Untracked 
| 104|0x0000000086800000, 0x0000000086800000, 0x0000000086900000|  0%| F|  |TAMS 0x0000000086800000, 0x0000000086800000| Untracked 
| 105|0x0000000086900000, 0x0000000086900000, 0x0000000086a00000|  0%| F|  |TAMS 0x0000000086900000, 0x0000000086900000| Untracked 
| 106|0x0000000086a00000, 0x0000000086a00000, 0x0000000086b00000|  0%| F|  |TAMS 0x0000000086a00000, 0x0000000086a00000| Untracked 
| 107|0x0000000086b00000, 0x0000000086b00000, 0x0000000086c00000|  0%| F|  |TAMS 0x0000000086b00000, 0x0000000086b00000| Untracked 
| 108|0x0000000086c00000, 0x0000000086c00000, 0x0000000086d00000|  0%| F|  |TAMS 0x0000000086c00000, 0x0000000086c00000| Untracked 
| 109|0x0000000086d00000, 0x0000000086d00000, 0x0000000086e00000|  0%| F|  |TAMS 0x0000000086d00000, 0x0000000086d00000| Untracked 
| 110|0x0000000086e00000, 0x0000000086e00000, 0x0000000086f00000|  0%| F|  |TAMS 0x0000000086e00000, 0x0000000086e00000| Untracked 
| 111|0x0000000086f00000, 0x0000000086f00000, 0x0000000087000000|  0%| F|  |TAMS 0x0000000086f00000, 0x0000000086f00000| Untracked 
| 112|0x0000000087000000, 0x0000000087000000, 0x0000000087100000|  0%| F|  |TAMS 0x0000000087000000, 0x0000000087000000| Untracked 
| 113|0x0000000087100000, 0x0000000087100000, 0x0000000087200000|  0%| F|  |TAMS 0x0000000087100000, 0x0000000087100000| Untracked 
| 114|0x0000000087200000, 0x0000000087200000, 0x0000000087300000|  0%| F|  |TAMS 0x0000000087200000, 0x0000000087200000| Untracked 
| 115|0x0000000087300000, 0x0000000087300000, 0x0000000087400000|  0%| F|  |TAMS 0x0000000087300000, 0x0000000087300000| Untracked 
| 116|0x0000000087400000, 0x0000000087400000, 0x0000000087500000|  0%| F|  |TAMS 0x0000000087400000, 0x0000000087400000| Untracked 
| 117|0x0000000087500000, 0x0000000087500000, 0x0000000087600000|  0%| F|  |TAMS 0x0000000087500000, 0x0000000087500000| Untracked 
| 118|0x0000000087600000, 0x0000000087600000, 0x0000000087700000|  0%| F|  |TAMS 0x0000000087600000, 0x0000000087600000| Untracked 
| 119|0x0000000087700000, 0x0000000087700000, 0x0000000087800000|  0%| F|  |TAMS 0x0000000087700000, 0x0000000087700000| Untracked 
| 120|0x0000000087800000, 0x0000000087800000, 0x0000000087900000|  0%| F|  |TAMS 0x0000000087800000, 0x0000000087800000| Untracked 
| 121|0x0000000087900000, 0x0000000087900000, 0x0000000087a00000|  0%| F|  |TAMS 0x0000000087900000, 0x0000000087900000| Untracked 
| 122|0x0000000087a00000, 0x0000000087a00000, 0x0000000087b00000|  0%| F|  |TAMS 0x0000000087a00000, 0x0000000087a00000| Untracked 
| 123|0x0000000087b00000, 0x0000000087b00000, 0x0000000087c00000|  0%| F|  |TAMS 0x0000000087b00000, 0x0000000087b00000| Untracked 
| 124|0x0000000087c00000, 0x0000000087c00000, 0x0000000087d00000|  0%| F|  |TAMS 0x0000000087c00000, 0x0000000087c00000| Untracked 
| 125|0x0000000087d00000, 0x0000000087d00000, 0x0000000087e00000|  0%| F|  |TAMS 0x0000000087d00000, 0x0000000087d00000| Untracked 
| 126|0x0000000087e00000, 0x0000000087e00000, 0x0000000087f00000|  0%| F|  |TAMS 0x0000000087e00000, 0x0000000087e00000| Untracked 
| 127|0x0000000087f00000, 0x0000000087f00000, 0x0000000088000000|  0%| F|  |TAMS 0x0000000087f00000, 0x0000000087f00000| Untracked 
| 128|0x0000000088000000, 0x0000000088000000, 0x0000000088100000|  0%| F|  |TAMS 0x0000000088000000, 0x0000000088000000| Untracked 
| 129|0x0000000088100000, 0x0000000088100000, 0x0000000088200000|  0%| F|  |TAMS 0x0000000088100000, 0x0000000088100000| Untracked 
| 130|0x0000000088200000, 0x0000000088200000, 0x0000000088300000|  0%| F|  |TAMS 0x0000000088200000, 0x0000000088200000| Untracked 
| 131|0x0000000088300000, 0x0000000088300000, 0x0000000088400000|  0%| F|  |TAMS 0x0000000088300000, 0x0000000088300000| Untracked 
| 132|0x0000000088400000, 0x0000000088400000, 0x0000000088500000|  0%| F|  |TAMS 0x0000000088400000, 0x0000000088400000| Untracked 
| 133|0x0000000088500000, 0x0000000088500000, 0x0000000088600000|  0%| F|  |TAMS 0x0000000088500000, 0x0000000088500000| Untracked 
| 134|0x0000000088600000, 0x0000000088600000, 0x0000000088700000|  0%| F|  |TAMS 0x0000000088600000, 0x0000000088600000| Untracked 
| 135|0x0000000088700000, 0x0000000088700000, 0x0000000088800000|  0%| F|  |TAMS 0x0000000088700000, 0x0000000088700000| Untracked 
| 136|0x0000000088800000, 0x0000000088800000, 0x0000000088900000|  0%| F|  |TAMS 0x0000000088800000, 0x0000000088800000| Untracked 
| 137|0x0000000088900000, 0x0000000088900000, 0x0000000088a00000|  0%| F|  |TAMS 0x0000000088900000, 0x0000000088900000| Untracked 
| 138|0x0000000088a00000, 0x0000000088a00000, 0x0000000088b00000|  0%| F|  |TAMS 0x0000000088a00000, 0x0000000088a00000| Untracked 
| 139|0x0000000088b00000, 0x0000000088b00000, 0x0000000088c00000|  0%| F|  |TAMS 0x0000000088b00000, 0x0000000088b00000| Untracked 
| 140|0x0000000088c00000, 0x0000000088c00000, 0x0000000088d00000|  0%| F|  |TAMS 0x0000000088c00000, 0x0000000088c00000| Untracked 
| 141|0x0000000088d00000, 0x0000000088d00000, 0x0000000088e00000|  0%| F|  |TAMS 0x0000000088d00000, 0x0000000088d00000| Untracked 
| 142|0x0000000088e00000, 0x0000000088e00000, 0x0000000088f00000|  0%| F|  |TAMS 0x0000000088e00000, 0x0000000088e00000| Untracked 
| 143|0x0000000088f00000, 0x0000000088f00000, 0x0000000089000000|  0%| F|  |TAMS 0x0000000088f00000, 0x0000000088f00000| Untracked 
| 144|0x0000000089000000, 0x0000000089000000, 0x0000000089100000|  0%| F|  |TAMS 0x0000000089000000, 0x0000000089000000| Untracked 
| 145|0x0000000089100000, 0x0000000089100000, 0x0000000089200000|  0%| F|  |TAMS 0x0000000089100000, 0x0000000089100000| Untracked 
| 146|0x0000000089200000, 0x0000000089200000, 0x0000000089300000|  0%| F|  |TAMS 0x0000000089200000, 0x0000000089200000| Untracked 
| 147|0x0000000089300000, 0x0000000089300000, 0x0000000089400000|  0%| F|  |TAMS 0x0000000089300000, 0x0000000089300000| Untracked 
| 148|0x0000000089400000, 0x0000000089400000, 0x0000000089500000|  0%| F|  |TAMS 0x0000000089400000, 0x0000000089400000| Untracked 
| 149|0x0000000089500000, 0x0000000089500000, 0x0000000089600000|  0%| F|  |TAMS 0x0000000089500000, 0x0000000089500000| Untracked 
| 150|0x0000000089600000, 0x0000000089600000, 0x0000000089700000|  0%| F|  |TAMS 0x0000000089600000, 0x0000000089600000| Untracked 
| 151|0x0000000089700000, 0x0000000089700000, 0x0000000089800000|  0%| F|  |TAMS 0x0000000089700000, 0x0000000089700000| Untracked 
| 152|0x0000000089800000, 0x0000000089800000, 0x0000000089900000|  0%| F|  |TAMS 0x0000000089800000, 0x0000000089800000| Untracked 
| 153|0x0000000089900000, 0x0000000089900000, 0x0000000089a00000|  0%| F|  |TAMS 0x0000000089900000, 0x0000000089900000| Untracked 
| 154|0x0000000089a00000, 0x0000000089a00000, 0x0000000089b00000|  0%| F|  |TAMS 0x0000000089a00000, 0x0000000089a00000| Untracked 
| 155|0x0000000089b00000, 0x0000000089c00000, 0x0000000089c00000|100%| S|CS|TAMS 0x0000000089b00000, 0x0000000089b00000| Complete 
| 156|0x0000000089c00000, 0x0000000089d00000, 0x0000000089d00000|100%| S|CS|TAMS 0x0000000089c00000, 0x0000000089c00000| Complete 
| 157|0x0000000089d00000, 0x0000000089e00000, 0x0000000089e00000|100%| S|CS|TAMS 0x0000000089d00000, 0x0000000089d00000| Complete 
| 158|0x0000000089e00000, 0x0000000089f00000, 0x0000000089f00000|100%| S|CS|TAMS 0x0000000089e00000, 0x0000000089e00000| Complete 
| 159|0x0000000089f00000, 0x000000008a000000, 0x000000008a000000|100%| S|CS|TAMS 0x0000000089f00000, 0x0000000089f00000| Complete 
| 160|0x000000008a000000, 0x000000008a100000, 0x000000008a100000|100%| S|CS|TAMS 0x000000008a000000, 0x000000008a000000| Complete 
| 161|0x000000008a100000, 0x000000008a200000, 0x000000008a200000|100%| S|CS|TAMS 0x000000008a100000, 0x000000008a100000| Complete 
| 162|0x000000008a200000, 0x000000008a300000, 0x000000008a300000|100%| S|CS|TAMS 0x000000008a200000, 0x000000008a200000| Complete 
| 163|0x000000008a300000, 0x000000008a400000, 0x000000008a400000|100%| S|CS|TAMS 0x000000008a300000, 0x000000008a300000| Complete 
| 164|0x000000008a400000, 0x000000008a500000, 0x000000008a500000|100%| S|CS|TAMS 0x000000008a400000, 0x000000008a400000| Complete 
| 165|0x000000008a500000, 0x000000008a600000, 0x000000008a600000|100%| S|CS|TAMS 0x000000008a500000, 0x000000008a500000| Complete 
| 166|0x000000008a600000, 0x000000008a600000, 0x000000008a700000|  0%| F|  |TAMS 0x000000008a600000, 0x000000008a600000| Untracked 
| 167|0x000000008a700000, 0x000000008a700000, 0x000000008a800000|  0%| F|  |TAMS 0x000000008a700000, 0x000000008a700000| Untracked 
| 168|0x000000008a800000, 0x000000008a800000, 0x000000008a900000|  0%| F|  |TAMS 0x000000008a800000, 0x000000008a800000| Untracked 
| 169|0x000000008a900000, 0x000000008a900000, 0x000000008aa00000|  0%| F|  |TAMS 0x000000008a900000, 0x000000008a900000| Untracked 
| 170|0x000000008aa00000, 0x000000008aa00000, 0x000000008ab00000|  0%| F|  |TAMS 0x000000008aa00000, 0x000000008aa00000| Untracked 
| 171|0x000000008ab00000, 0x000000008ab00000, 0x000000008ac00000|  0%| F|  |TAMS 0x000000008ab00000, 0x000000008ab00000| Untracked 
| 172|0x000000008ac00000, 0x000000008ac00000, 0x000000008ad00000|  0%| F|  |TAMS 0x000000008ac00000, 0x000000008ac00000| Untracked 
| 173|0x000000008ad00000, 0x000000008ad00000, 0x000000008ae00000|  0%| F|  |TAMS 0x000000008ad00000, 0x000000008ad00000| Untracked 
| 174|0x000000008ae00000, 0x000000008ae00000, 0x000000008af00000|  0%| F|  |TAMS 0x000000008ae00000, 0x000000008ae00000| Untracked 
| 175|0x000000008af00000, 0x000000008af00000, 0x000000008b000000|  0%| F|  |TAMS 0x000000008af00000, 0x000000008af00000| Untracked 
| 176|0x000000008b000000, 0x000000008b000000, 0x000000008b100000|  0%| F|  |TAMS 0x000000008b000000, 0x000000008b000000| Untracked 
| 177|0x000000008b100000, 0x000000008b100000, 0x000000008b200000|  0%| F|  |TAMS 0x000000008b100000, 0x000000008b100000| Untracked 
| 178|0x000000008b200000, 0x000000008b200000, 0x000000008b300000|  0%| F|  |TAMS 0x000000008b200000, 0x000000008b200000| Untracked 
| 179|0x000000008b300000, 0x000000008b300000, 0x000000008b400000|  0%| F|  |TAMS 0x000000008b300000, 0x000000008b300000| Untracked 
| 180|0x000000008b400000, 0x000000008b400000, 0x000000008b500000|  0%| F|  |TAMS 0x000000008b400000, 0x000000008b400000| Untracked 
| 181|0x000000008b500000, 0x000000008b500000, 0x000000008b600000|  0%| F|  |TAMS 0x000000008b500000, 0x000000008b500000| Untracked 
| 182|0x000000008b600000, 0x000000008b600000, 0x000000008b700000|  0%| F|  |TAMS 0x000000008b600000, 0x000000008b600000| Untracked 
| 183|0x000000008b700000, 0x000000008b700000, 0x000000008b800000|  0%| F|  |TAMS 0x000000008b700000, 0x000000008b700000| Untracked 
| 184|0x000000008b800000, 0x000000008b800000, 0x000000008b900000|  0%| F|  |TAMS 0x000000008b800000, 0x000000008b800000| Untracked 
| 185|0x000000008b900000, 0x000000008b900000, 0x000000008ba00000|  0%| F|  |TAMS 0x000000008b900000, 0x000000008b900000| Untracked 
| 186|0x000000008ba00000, 0x000000008ba00000, 0x000000008bb00000|  0%| F|  |TAMS 0x000000008ba00000, 0x000000008ba00000| Untracked 
| 187|0x000000008bb00000, 0x000000008bb00000, 0x000000008bc00000|  0%| F|  |TAMS 0x000000008bb00000, 0x000000008bb00000| Untracked 
| 188|0x000000008bc00000, 0x000000008bc00000, 0x000000008bd00000|  0%| F|  |TAMS 0x000000008bc00000, 0x000000008bc00000| Untracked 
| 189|0x000000008bd00000, 0x000000008bd00000, 0x000000008be00000|  0%| F|  |TAMS 0x000000008bd00000, 0x000000008bd00000| Untracked 
| 190|0x000000008be00000, 0x000000008be00000, 0x000000008bf00000|  0%| F|  |TAMS 0x000000008be00000, 0x000000008be00000| Untracked 
| 191|0x000000008bf00000, 0x000000008bf00000, 0x000000008c000000|  0%| F|  |TAMS 0x000000008bf00000, 0x000000008bf00000| Untracked 
| 192|0x000000008c000000, 0x000000008c000000, 0x000000008c100000|  0%| F|  |TAMS 0x000000008c000000, 0x000000008c000000| Untracked 
| 193|0x000000008c100000, 0x000000008c100000, 0x000000008c200000|  0%| F|  |TAMS 0x000000008c100000, 0x000000008c100000| Untracked 
| 194|0x000000008c200000, 0x000000008c200000, 0x000000008c300000|  0%| F|  |TAMS 0x000000008c200000, 0x000000008c200000| Untracked 
| 195|0x000000008c300000, 0x000000008c300000, 0x000000008c400000|  0%| F|  |TAMS 0x000000008c300000, 0x000000008c300000| Untracked 
| 196|0x000000008c400000, 0x000000008c400000, 0x000000008c500000|  0%| F|  |TAMS 0x000000008c400000, 0x000000008c400000| Untracked 
| 197|0x000000008c500000, 0x000000008c500000, 0x000000008c600000|  0%| F|  |TAMS 0x000000008c500000, 0x000000008c500000| Untracked 
| 198|0x000000008c600000, 0x000000008c600000, 0x000000008c700000|  0%| F|  |TAMS 0x000000008c600000, 0x000000008c600000| Untracked 
| 199|0x000000008c700000, 0x000000008c700000, 0x000000008c800000|  0%| F|  |TAMS 0x000000008c700000, 0x000000008c700000| Untracked 
| 200|0x000000008c800000, 0x000000008c800000, 0x000000008c900000|  0%| F|  |TAMS 0x000000008c800000, 0x000000008c800000| Untracked 
| 201|0x000000008c900000, 0x000000008c900000, 0x000000008ca00000|  0%| F|  |TAMS 0x000000008c900000, 0x000000008c900000| Untracked 
| 202|0x000000008ca00000, 0x000000008ca00000, 0x000000008cb00000|  0%| F|  |TAMS 0x000000008ca00000, 0x000000008ca00000| Untracked 
| 203|0x000000008cb00000, 0x000000008cb00000, 0x000000008cc00000|  0%| F|  |TAMS 0x000000008cb00000, 0x000000008cb00000| Untracked 
| 204|0x000000008cc00000, 0x000000008cc00000, 0x000000008cd00000|  0%| F|  |TAMS 0x000000008cc00000, 0x000000008cc00000| Untracked 
| 205|0x000000008cd00000, 0x000000008cd00000, 0x000000008ce00000|  0%| F|  |TAMS 0x000000008cd00000, 0x000000008cd00000| Untracked 
| 206|0x000000008ce00000, 0x000000008ce00000, 0x000000008cf00000|  0%| F|  |TAMS 0x000000008ce00000, 0x000000008ce00000| Untracked 
| 207|0x000000008cf00000, 0x000000008cf00000, 0x000000008d000000|  0%| F|  |TAMS 0x000000008cf00000, 0x000000008cf00000| Untracked 
| 208|0x000000008d000000, 0x000000008d000000, 0x000000008d100000|  0%| F|  |TAMS 0x000000008d000000, 0x000000008d000000| Untracked 
| 209|0x000000008d100000, 0x000000008d100000, 0x000000008d200000|  0%| F|  |TAMS 0x000000008d100000, 0x000000008d100000| Untracked 
| 210|0x000000008d200000, 0x000000008d200000, 0x000000008d300000|  0%| F|  |TAMS 0x000000008d200000, 0x000000008d200000| Untracked 
| 211|0x000000008d300000, 0x000000008d300000, 0x000000008d400000|  0%| F|  |TAMS 0x000000008d300000, 0x000000008d300000| Untracked 
| 212|0x000000008d400000, 0x000000008d400000, 0x000000008d500000|  0%| F|  |TAMS 0x000000008d400000, 0x000000008d400000| Untracked 
| 213|0x000000008d500000, 0x000000008d500000, 0x000000008d600000|  0%| F|  |TAMS 0x000000008d500000, 0x000000008d500000| Untracked 
| 214|0x000000008d600000, 0x000000008d600000, 0x000000008d700000|  0%| F|  |TAMS 0x000000008d600000, 0x000000008d600000| Untracked 
| 215|0x000000008d700000, 0x000000008d700000, 0x000000008d800000|  0%| F|  |TAMS 0x000000008d700000, 0x000000008d700000| Untracked 
| 216|0x000000008d800000, 0x000000008d800000, 0x000000008d900000|  0%| F|  |TAMS 0x000000008d800000, 0x000000008d800000| Untracked 
| 217|0x000000008d900000, 0x000000008d900000, 0x000000008da00000|  0%| F|  |TAMS 0x000000008d900000, 0x000000008d900000| Untracked 
| 218|0x000000008da00000, 0x000000008da00000, 0x000000008db00000|  0%| F|  |TAMS 0x000000008da00000, 0x000000008da00000| Untracked 
| 219|0x000000008db00000, 0x000000008db00000, 0x000000008dc00000|  0%| F|  |TAMS 0x000000008db00000, 0x000000008db00000| Untracked 
| 220|0x000000008dc00000, 0x000000008dc00000, 0x000000008dd00000|  0%| F|  |TAMS 0x000000008dc00000, 0x000000008dc00000| Untracked 
| 221|0x000000008dd00000, 0x000000008dd00000, 0x000000008de00000|  0%| F|  |TAMS 0x000000008dd00000, 0x000000008dd00000| Untracked 
| 222|0x000000008de00000, 0x000000008de00000, 0x000000008df00000|  0%| F|  |TAMS 0x000000008de00000, 0x000000008de00000| Untracked 
| 223|0x000000008df00000, 0x000000008df00000, 0x000000008e000000|  0%| F|  |TAMS 0x000000008df00000, 0x000000008df00000| Untracked 
| 224|0x000000008e000000, 0x000000008e000000, 0x000000008e100000|  0%| F|  |TAMS 0x000000008e000000, 0x000000008e000000| Untracked 
| 225|0x000000008e100000, 0x000000008e100000, 0x000000008e200000|  0%| F|  |TAMS 0x000000008e100000, 0x000000008e100000| Untracked 
| 226|0x000000008e200000, 0x000000008e200000, 0x000000008e300000|  0%| F|  |TAMS 0x000000008e200000, 0x000000008e200000| Untracked 
| 227|0x000000008e300000, 0x000000008e300000, 0x000000008e400000|  0%| F|  |TAMS 0x000000008e300000, 0x000000008e300000| Untracked 
| 228|0x000000008e400000, 0x000000008e400000, 0x000000008e500000|  0%| F|  |TAMS 0x000000008e400000, 0x000000008e400000| Untracked 
| 229|0x000000008e500000, 0x000000008e500000, 0x000000008e600000|  0%| F|  |TAMS 0x000000008e500000, 0x000000008e500000| Untracked 
| 230|0x000000008e600000, 0x000000008e600000, 0x000000008e700000|  0%| F|  |TAMS 0x000000008e600000, 0x000000008e600000| Untracked 
| 231|0x000000008e700000, 0x000000008e700000, 0x000000008e800000|  0%| F|  |TAMS 0x000000008e700000, 0x000000008e700000| Untracked 
| 232|0x000000008e800000, 0x000000008e800000, 0x000000008e900000|  0%| F|  |TAMS 0x000000008e800000, 0x000000008e800000| Untracked 
| 233|0x000000008e900000, 0x000000008e900000, 0x000000008ea00000|  0%| F|  |TAMS 0x000000008e900000, 0x000000008e900000| Untracked 
| 234|0x000000008ea00000, 0x000000008ea00000, 0x000000008eb00000|  0%| F|  |TAMS 0x000000008ea00000, 0x000000008ea00000| Untracked 
| 235|0x000000008eb00000, 0x000000008eb00000, 0x000000008ec00000|  0%| F|  |TAMS 0x000000008eb00000, 0x000000008eb00000| Untracked 
| 236|0x000000008ec00000, 0x000000008ec00000, 0x000000008ed00000|  0%| F|  |TAMS 0x000000008ec00000, 0x000000008ec00000| Untracked 
| 237|0x000000008ed00000, 0x000000008ed00000, 0x000000008ee00000|  0%| F|  |TAMS 0x000000008ed00000, 0x000000008ed00000| Untracked 
| 238|0x000000008ee00000, 0x000000008ee00000, 0x000000008ef00000|  0%| F|  |TAMS 0x000000008ee00000, 0x000000008ee00000| Untracked 
| 239|0x000000008ef00000, 0x000000008ef00000, 0x000000008f000000|  0%| F|  |TAMS 0x000000008ef00000, 0x000000008ef00000| Untracked 
| 240|0x000000008f000000, 0x000000008f000000, 0x000000008f100000|  0%| F|  |TAMS 0x000000008f000000, 0x000000008f000000| Untracked 
| 241|0x000000008f100000, 0x000000008f100000, 0x000000008f200000|  0%| F|  |TAMS 0x000000008f100000, 0x000000008f100000| Untracked 
| 242|0x000000008f200000, 0x000000008f200000, 0x000000008f300000|  0%| F|  |TAMS 0x000000008f200000, 0x000000008f200000| Untracked 
| 243|0x000000008f300000, 0x000000008f300000, 0x000000008f400000|  0%| F|  |TAMS 0x000000008f300000, 0x000000008f300000| Untracked 
| 244|0x000000008f400000, 0x000000008f400000, 0x000000008f500000|  0%| F|  |TAMS 0x000000008f400000, 0x000000008f400000| Untracked 
| 245|0x000000008f500000, 0x000000008f500000, 0x000000008f600000|  0%| F|  |TAMS 0x000000008f500000, 0x000000008f500000| Untracked 
| 246|0x000000008f600000, 0x000000008f600000, 0x000000008f700000|  0%| F|  |TAMS 0x000000008f600000, 0x000000008f600000| Untracked 
| 247|0x000000008f700000, 0x000000008f700000, 0x000000008f800000|  0%| F|  |TAMS 0x000000008f700000, 0x000000008f700000| Untracked 
| 248|0x000000008f800000, 0x000000008f800000, 0x000000008f900000|  0%| F|  |TAMS 0x000000008f800000, 0x000000008f800000| Untracked 
| 249|0x000000008f900000, 0x000000008f900000, 0x000000008fa00000|  0%| F|  |TAMS 0x000000008f900000, 0x000000008f900000| Untracked 
| 250|0x000000008fa00000, 0x000000008fa00000, 0x000000008fb00000|  0%| F|  |TAMS 0x000000008fa00000, 0x000000008fa00000| Untracked 
| 251|0x000000008fb00000, 0x000000008fb00000, 0x000000008fc00000|  0%| F|  |TAMS 0x000000008fb00000, 0x000000008fb00000| Untracked 
| 252|0x000000008fc00000, 0x000000008fc00000, 0x000000008fd00000|  0%| F|  |TAMS 0x000000008fc00000, 0x000000008fc00000| Untracked 
| 253|0x000000008fd00000, 0x000000008fd00000, 0x000000008fe00000|  0%| F|  |TAMS 0x000000008fd00000, 0x000000008fd00000| Untracked 
| 254|0x000000008fe00000, 0x000000008fe00000, 0x000000008ff00000|  0%| F|  |TAMS 0x000000008fe00000, 0x000000008fe00000| Untracked 
| 255|0x000000008ff00000, 0x000000008ff00000, 0x0000000090000000|  0%| F|  |TAMS 0x000000008ff00000, 0x000000008ff00000| Untracked 
| 256|0x0000000090000000, 0x0000000090000000, 0x0000000090100000|  0%| F|  |TAMS 0x0000000090000000, 0x0000000090000000| Untracked 
| 257|0x0000000090100000, 0x0000000090100000, 0x0000000090200000|  0%| F|  |TAMS 0x0000000090100000, 0x0000000090100000| Untracked 
| 258|0x0000000090200000, 0x0000000090200000, 0x0000000090300000|  0%| F|  |TAMS 0x0000000090200000, 0x0000000090200000| Untracked 
| 259|0x0000000090300000, 0x0000000090300000, 0x0000000090400000|  0%| F|  |TAMS 0x0000000090300000, 0x0000000090300000| Untracked 
| 260|0x0000000090400000, 0x0000000090400000, 0x0000000090500000|  0%| F|  |TAMS 0x0000000090400000, 0x0000000090400000| Untracked 
| 261|0x0000000090500000, 0x0000000090500000, 0x0000000090600000|  0%| F|  |TAMS 0x0000000090500000, 0x0000000090500000| Untracked 
| 262|0x0000000090600000, 0x0000000090600000, 0x0000000090700000|  0%| F|  |TAMS 0x0000000090600000, 0x0000000090600000| Untracked 
| 263|0x0000000090700000, 0x0000000090700000, 0x0000000090800000|  0%| F|  |TAMS 0x0000000090700000, 0x0000000090700000| Untracked 
| 264|0x0000000090800000, 0x0000000090800000, 0x0000000090900000|  0%| F|  |TAMS 0x0000000090800000, 0x0000000090800000| Untracked 
| 265|0x0000000090900000, 0x0000000090900000, 0x0000000090a00000|  0%| F|  |TAMS 0x0000000090900000, 0x0000000090900000| Untracked 
| 266|0x0000000090a00000, 0x0000000090a00000, 0x0000000090b00000|  0%| F|  |TAMS 0x0000000090a00000, 0x0000000090a00000| Untracked 
| 267|0x0000000090b00000, 0x0000000090b00000, 0x0000000090c00000|  0%| F|  |TAMS 0x0000000090b00000, 0x0000000090b00000| Untracked 
| 268|0x0000000090c00000, 0x0000000090c00000, 0x0000000090d00000|  0%| F|  |TAMS 0x0000000090c00000, 0x0000000090c00000| Untracked 
| 269|0x0000000090d00000, 0x0000000090d00000, 0x0000000090e00000|  0%| F|  |TAMS 0x0000000090d00000, 0x0000000090d00000| Untracked 
| 270|0x0000000090e00000, 0x0000000090e00000, 0x0000000090f00000|  0%| F|  |TAMS 0x0000000090e00000, 0x0000000090e00000| Untracked 
| 271|0x0000000090f00000, 0x0000000090f00000, 0x0000000091000000|  0%| F|  |TAMS 0x0000000090f00000, 0x0000000090f00000| Untracked 
| 272|0x0000000091000000, 0x0000000091000000, 0x0000000091100000|  0%| F|  |TAMS 0x0000000091000000, 0x0000000091000000| Untracked 
| 273|0x0000000091100000, 0x0000000091100000, 0x0000000091200000|  0%| F|  |TAMS 0x0000000091100000, 0x0000000091100000| Untracked 
| 274|0x0000000091200000, 0x0000000091200000, 0x0000000091300000|  0%| F|  |TAMS 0x0000000091200000, 0x0000000091200000| Untracked 
| 275|0x0000000091300000, 0x0000000091300000, 0x0000000091400000|  0%| F|  |TAMS 0x0000000091300000, 0x0000000091300000| Untracked 
| 276|0x0000000091400000, 0x0000000091400000, 0x0000000091500000|  0%| F|  |TAMS 0x0000000091400000, 0x0000000091400000| Untracked 
| 277|0x0000000091500000, 0x0000000091500000, 0x0000000091600000|  0%| F|  |TAMS 0x0000000091500000, 0x0000000091500000| Untracked 
| 278|0x0000000091600000, 0x0000000091600000, 0x0000000091700000|  0%| F|  |TAMS 0x0000000091600000, 0x0000000091600000| Untracked 
| 279|0x0000000091700000, 0x0000000091700000, 0x0000000091800000|  0%| F|  |TAMS 0x0000000091700000, 0x0000000091700000| Untracked 
| 280|0x0000000091800000, 0x0000000091800000, 0x0000000091900000|  0%| F|  |TAMS 0x0000000091800000, 0x0000000091800000| Untracked 
| 281|0x0000000091900000, 0x0000000091900000, 0x0000000091a00000|  0%| F|  |TAMS 0x0000000091900000, 0x0000000091900000| Untracked 
| 282|0x0000000091a00000, 0x0000000091a00000, 0x0000000091b00000|  0%| F|  |TAMS 0x0000000091a00000, 0x0000000091a00000| Untracked 
| 283|0x0000000091b00000, 0x0000000091b00000, 0x0000000091c00000|  0%| F|  |TAMS 0x0000000091b00000, 0x0000000091b00000| Untracked 
| 284|0x0000000091c00000, 0x0000000091c00000, 0x0000000091d00000|  0%| F|  |TAMS 0x0000000091c00000, 0x0000000091c00000| Untracked 
| 285|0x0000000091d00000, 0x0000000091d00000, 0x0000000091e00000|  0%| F|  |TAMS 0x0000000091d00000, 0x0000000091d00000| Untracked 
| 286|0x0000000091e00000, 0x0000000091e00000, 0x0000000091f00000|  0%| F|  |TAMS 0x0000000091e00000, 0x0000000091e00000| Untracked 
| 287|0x0000000091f00000, 0x0000000091f00000, 0x0000000092000000|  0%| F|  |TAMS 0x0000000091f00000, 0x0000000091f00000| Untracked 
| 288|0x0000000092000000, 0x0000000092000000, 0x0000000092100000|  0%| F|  |TAMS 0x0000000092000000, 0x0000000092000000| Untracked 
| 289|0x0000000092100000, 0x0000000092100000, 0x0000000092200000|  0%| F|  |TAMS 0x0000000092100000, 0x0000000092100000| Untracked 
| 290|0x0000000092200000, 0x0000000092200000, 0x0000000092300000|  0%| F|  |TAMS 0x0000000092200000, 0x0000000092200000| Untracked 
| 291|0x0000000092300000, 0x0000000092300000, 0x0000000092400000|  0%| F|  |TAMS 0x0000000092300000, 0x0000000092300000| Untracked 
| 292|0x0000000092400000, 0x0000000092400000, 0x0000000092500000|  0%| F|  |TAMS 0x0000000092400000, 0x0000000092400000| Untracked 
| 293|0x0000000092500000, 0x0000000092500000, 0x0000000092600000|  0%| F|  |TAMS 0x0000000092500000, 0x0000000092500000| Untracked 
| 294|0x0000000092600000, 0x0000000092600000, 0x0000000092700000|  0%| F|  |TAMS 0x0000000092600000, 0x0000000092600000| Untracked 
| 295|0x0000000092700000, 0x0000000092700000, 0x0000000092800000|  0%| F|  |TAMS 0x0000000092700000, 0x0000000092700000| Untracked 
| 296|0x0000000092800000, 0x0000000092800000, 0x0000000092900000|  0%| F|  |TAMS 0x0000000092800000, 0x0000000092800000| Untracked 
| 297|0x0000000092900000, 0x0000000092900000, 0x0000000092a00000|  0%| F|  |TAMS 0x0000000092900000, 0x0000000092900000| Untracked 
| 298|0x0000000092a00000, 0x0000000092a00000, 0x0000000092b00000|  0%| F|  |TAMS 0x0000000092a00000, 0x0000000092a00000| Untracked 
| 299|0x0000000092b00000, 0x0000000092b74318, 0x0000000092c00000| 45%| E|  |TAMS 0x0000000092b00000, 0x0000000092b00000| Complete 
| 300|0x0000000092c00000, 0x0000000092d00000, 0x0000000092d00000|100%| E|CS|TAMS 0x0000000092c00000, 0x0000000092c00000| Complete 
| 301|0x0000000092d00000, 0x0000000092e00000, 0x0000000092e00000|100%| E|CS|TAMS 0x0000000092d00000, 0x0000000092d00000| Complete 
| 302|0x0000000092e00000, 0x0000000092f00000, 0x0000000092f00000|100%| E|CS|TAMS 0x0000000092e00000, 0x0000000092e00000| Complete 
| 303|0x0000000092f00000, 0x0000000093000000, 0x0000000093000000|100%| E|CS|TAMS 0x0000000092f00000, 0x0000000092f00000| Complete 
| 304|0x0000000093000000, 0x0000000093100000, 0x0000000093100000|100%| E|CS|TAMS 0x0000000093000000, 0x0000000093000000| Complete 
| 305|0x0000000093100000, 0x0000000093200000, 0x0000000093200000|100%| E|CS|TAMS 0x0000000093100000, 0x0000000093100000| Complete 
| 306|0x0000000093200000, 0x0000000093300000, 0x0000000093300000|100%| E|CS|TAMS 0x0000000093200000, 0x0000000093200000| Complete 

Card table byte_map: [0x000001e156c10000,0x000001e157010000] _byte_map_base: 0x000001e156810000

Marking Bits (Prev, Next): (CMBitMap*) 0x000001e143d241a8, (CMBitMap*) 0x000001e143d241e0
 Prev Bits: [0x000001e157410000, 0x000001e159410000)
 Next Bits: [0x000001e159410000, 0x000001e15b410000)

Polling page: 0x000001e141ad0000

Metaspace:

Usage:
  Non-class:    137.89 MB capacity,   134.50 MB ( 98%) used,     2.75 MB (  2%) free+waste,   658.12 KB ( <1%) overhead. 
      Class:     20.63 MB capacity,    18.69 MB ( 91%) used,     1.66 MB (  8%) free+waste,   287.25 KB (  1%) overhead. 
       Both:    158.52 MB capacity,   153.19 MB ( 97%) used,     4.40 MB (  3%) free+waste,   945.38 KB ( <1%) overhead. 

Virtual space:
  Non-class space:      140.00 MB reserved,     139.17 MB (>99%) committed 
      Class space:        1.00 GB reserved,      21.11 MB (  2%) committed 
             Both:        1.14 GB reserved,     160.28 MB ( 14%) committed 

Chunk freelists:
   Non-Class:  1.28 MB
       Class:  431.00 KB
        Both:  1.70 MB

MaxMetaspaceSize: 17179869184.00 GB
CompressedClassSpaceSize: 1.00 GB
Initial GC threshold: 20.80 MB
Current GC threshold: 267.13 MB
CDS: off

CodeHeap 'non-profiled nmethods': size=120064Kb used=22547Kb max_used=22604Kb free=97516Kb
 bounds [0x000001e14f2d0000, 0x000001e150930000, 0x000001e156810000]
CodeHeap 'profiled nmethods': size=120000Kb used=61064Kb max_used=62747Kb free=58935Kb
 bounds [0x000001e147da0000, 0x000001e14baf0000, 0x000001e14f2d0000]
CodeHeap 'non-nmethods': size=5696Kb used=2524Kb max_used=2604Kb free=3171Kb
 bounds [0x000001e147810000, 0x000001e147ac0000, 0x000001e147da0000]
 total_blobs=28905 nmethods=27831 adapters=984
 compilation: enabled
              stopped_count=0, restarted_count=0
 full_count=0

Compilation events (20 events):
Event: 8246.544 Thread 0x000001e15e19a000 nmethod 32978 0x000001e14874b710 code [0x000001e14874b8c0, 0x000001e14874b9c8]
Event: 8246.546 Thread 0x000001e15e195000 nmethod 32974 0x000001e14fe54610 code [0x000001e14fe54840, 0x000001e14fe54f30]
Event: 8246.550 Thread 0x000001e15e19a000 32979       3       org.gradle.internal.fingerprint.classpath.impl.ClasspathFingerprintingStrategy::getHashingStrategy (4 bytes)
Event: 8246.550 Thread 0x000001e15e19a000 nmethod 32979 0x000001e14875dc10 code [0x000001e14875ddc0, 0x000001e14875ded8]
Event: 8246.550 Thread 0x000001e15e19a000 32980       1       com.android.build.gradle.internal.PlatformComponents::getAndroidJar$gradle_core (5 bytes)
Event: 8246.551 Thread 0x000001e15e19a000 nmethod 32980 0x000001e14f3f5d10 code [0x000001e14f3f5ec0, 0x000001e14f3f5f78]
Event: 8246.551 Thread 0x000001e16aa46800 32981       4       com.google.common.collect.RegularImmutableBiMap::get (24 bytes)
Event: 8246.553 Thread 0x000001e15e195000 32982       4       org.gradle.execution.plan.ResolveMutationsNode::getProjectToLock (8 bytes)
Event: 8246.554 Thread 0x000001e15e195000 nmethod 32982 0x000001e14f3f5790 code [0x000001e14f3f5940, 0x000001e14f3f5a58]
Event: 8246.554 Thread 0x000001e16aa46800 nmethod 32981 0x000001e14ffb0110 code [0x000001e14ffb02c0, 0x000001e14ffb0498]
Event: 8246.554 Thread 0x000001e15e195000 32983       4       org.gradle.api.internal.tasks.properties.bean.AbstractNestedRuntimeBeanNode$BeanPropertyValue::maybeFinalizeValue (27 bytes)
Event: 8246.556 Thread 0x000001e15e195000 nmethod 32983 0x000001e14ffcac10 code [0x000001e14ffcadc0, 0x000001e14ffcafa8]
Event: 8246.559 Thread 0x000001e15e19a000 32984       3       org.jetbrains.kotlin.gradle.tasks.KotlinCompile$ScriptFilterSpec::isSatisfiedBy (84 bytes)
Event: 8246.560 Thread 0x000001e15e19a000 nmethod 32984 0x000001e1483d1810 code [0x000001e1483d1b80, 0x000001e1483d2e38]
Event: 8246.560 Thread 0x000001e15e19a000 32985   !   3       org.gradle.cache.internal.CacheAccessWorker::flushOperations (109 bytes)
Event: 8246.561 Thread 0x000001e15e19a000 nmethod 32985 0x000001e147efff10 code [0x000001e147f001e0, 0x000001e147f015c8]
Event: 8246.561 Thread 0x000001e15e19a000 32986       3       org.gradle.cache.internal.CacheAccessWorker$2::<init> (20 bytes)
Event: 8246.561 Thread 0x000001e15e19a000 nmethod 32986 0x000001e1494ebb10 code [0x000001e1494ebcc0, 0x000001e1494ebf38]
Event: 8246.567 Thread 0x000001e16aa46800 32987       4       org.gradle.execution.plan.DefaultPlanExecutor$ExecutorWorker$$Lambda$877/0x0000000100c67c40::transform (20 bytes)
Event: 8246.567 Thread 0x000001e15e195000 32988   !   4       org.gradle.execution.plan.DefaultPlanExecutor$ExecutorWorker::lambda$getNextItem$1 (172 bytes)

GC Heap History (20 events):
Event: 1755.823 GC heap before
{Heap before GC invocations=79 (full 0):
 garbage-first heap   total 422912K, used 150702K [0x0000000080000000, 0x0000000100000000)
  region size 1024K, 20 young (20480K), 13 survivors (13312K)
 Metaspace       used 155720K, capacity 160965K, committed 161180K, reserved 1189888K
  class space    used 19121K, capacity 21126K, committed 21228K, reserved 1048576K
}
Event: 1755.836 GC heap after
{Heap after GC invocations=80 (full 0):
 garbage-first heap   total 422912K, used 144950K [0x0000000080000000, 0x0000000100000000)
  region size 1024K, 2 young (2048K), 2 survivors (2048K)
 Metaspace       used 155720K, capacity 160965K, committed 161180K, reserved 1189888K
  class space    used 19121K, capacity 21126K, committed 21228K, reserved 1048576K
}
Event: 1757.083 GC heap before
{Heap before GC invocations=80 (full 0):
 garbage-first heap   total 422912K, used 160310K [0x0000000080000000, 0x0000000100000000)
  region size 1024K, 19 young (19456K), 2 survivors (2048K)
 Metaspace       used 155736K, capacity 161032K, committed 161180K, reserved 1189888K
  class space    used 19121K, capacity 21126K, committed 21228K, reserved 1048576K
}
Event: 1757.091 GC heap after
{Heap after GC invocations=81 (full 0):
 garbage-first heap   total 422912K, used 144893K [0x0000000080000000, 0x0000000100000000)
  region size 1024K, 2 young (2048K), 2 survivors (2048K)
 Metaspace       used 155736K, capacity 161032K, committed 161180K, reserved 1189888K
  class space    used 19121K, capacity 21126K, committed 21228K, reserved 1048576K
}
Event: 1943.969 GC heap before
{Heap before GC invocations=82 (full 0):
 garbage-first heap   total 422912K, used 303613K [0x0000000080000000, 0x0000000100000000)
  region size 1024K, 145 young (148480K), 2 survivors (2048K)
 Metaspace       used 155962K, capacity 161236K, committed 161436K, reserved 1189888K
  class space    used 19130K, capacity 21143K, committed 21228K, reserved 1048576K
}
Event: 1943.980 GC heap after
{Heap after GC invocations=83 (full 0):
 garbage-first heap   total 422912K, used 151608K [0x0000000080000000, 0x0000000100000000)
  region size 1024K, 9 young (9216K), 9 survivors (9216K)
 Metaspace       used 155962K, capacity 161236K, committed 161436K, reserved 1189888K
  class space    used 19130K, capacity 21143K, committed 21228K, reserved 1048576K
}
Event: 1944.155 GC heap before
{Heap before GC invocations=83 (full 0):
 garbage-first heap   total 422912K, used 161848K [0x0000000080000000, 0x0000000100000000)
  region size 1024K, 20 young (20480K), 9 survivors (9216K)
 Metaspace       used 155989K, capacity 161265K, committed 161436K, reserved 1189888K
  class space    used 19134K, capacity 21151K, committed 21228K, reserved 1048576K
}
Event: 1944.169 GC heap after
{Heap after GC invocations=84 (full 0):
 garbage-first heap   total 422912K, used 146352K [0x0000000080000000, 0x0000000100000000)
  region size 1024K, 2 young (2048K), 2 survivors (2048K)
 Metaspace       used 155989K, capacity 161265K, committed 161436K, reserved 1189888K
  class space    used 19134K, capacity 21151K, committed 21228K, reserved 1048576K
}
Event: 1945.300 GC heap before
{Heap before GC invocations=84 (full 0):
 garbage-first heap   total 422912K, used 160688K [0x0000000080000000, 0x0000000100000000)
  region size 1024K, 18 young (18432K), 2 survivors (2048K)
 Metaspace       used 156035K, capacity 161342K, committed 161436K, reserved 1189888K
  class space    used 19137K, capacity 21155K, committed 21228K, reserved 1048576K
}
Event: 1945.307 GC heap after
{Heap after GC invocations=85 (full 0):
 garbage-first heap   total 422912K, used 146371K [0x0000000080000000, 0x0000000100000000)
  region size 1024K, 2 young (2048K), 2 survivors (2048K)
 Metaspace       used 156035K, capacity 161342K, committed 161436K, reserved 1189888K
  class space    used 19137K, capacity 21155K, committed 21228K, reserved 1048576K
}
Event: 4090.165 GC heap before
{Heap before GC invocations=86 (full 0):
 garbage-first heap   total 422912K, used 314307K [0x0000000080000000, 0x0000000100000000)
  region size 1024K, 159 young (162816K), 2 survivors (2048K)
 Metaspace       used 157551K, capacity 163561K, committed 163868K, reserved 1191936K
  class space    used 19340K, capacity 21519K, committed 21612K, reserved 1048576K
}
Event: 4090.176 GC heap after
{Heap after GC invocations=87 (full 0):
 garbage-first heap   total 422912K, used 148988K [0x0000000080000000, 0x0000000100000000)
  region size 1024K, 7 young (7168K), 7 survivors (7168K)
 Metaspace       used 157551K, capacity 163561K, committed 163868K, reserved 1191936K
  class space    used 19340K, capacity 21519K, committed 21612K, reserved 1048576K
}
Event: 4090.392 GC heap before
{Heap before GC invocations=87 (full 0):
 garbage-first heap   total 422912K, used 162300K [0x0000000080000000, 0x0000000100000000)
  region size 1024K, 20 young (20480K), 7 survivors (7168K)
 Metaspace       used 157562K, capacity 163561K, committed 163868K, reserved 1191936K
  class space    used 19340K, capacity 21519K, committed 21612K, reserved 1048576K
}
Event: 4090.438 GC heap after
{Heap after GC invocations=88 (full 0):
 garbage-first heap   total 422912K, used 135461K [0x0000000080000000, 0x0000000100000000)
  region size 1024K, 3 young (3072K), 3 survivors (3072K)
 Metaspace       used 157562K, capacity 163561K, committed 163868K, reserved 1191936K
  class space    used 19340K, capacity 21519K, committed 21612K, reserved 1048576K
}
Event: 4092.234 GC heap before
{Heap before GC invocations=88 (full 0):
 garbage-first heap   total 422912K, used 168229K [0x0000000080000000, 0x0000000100000000)
  region size 1024K, 36 young (36864K), 3 survivors (3072K)
 Metaspace       used 157756K, capacity 163823K, committed 164124K, reserved 1191936K
  class space    used 19364K, capacity 21554K, committed 21612K, reserved 1048576K
}
Event: 4092.246 GC heap after
{Heap after GC invocations=89 (full 0):
 garbage-first heap   total 422912K, used 137398K [0x0000000080000000, 0x0000000100000000)
  region size 1024K, 5 young (5120K), 5 survivors (5120K)
 Metaspace       used 157756K, capacity 163823K, committed 164124K, reserved 1191936K
  class space    used 19364K, capacity 21554K, committed 21612K, reserved 1048576K
}
Event: 7692.253 GC heap before
{Heap before GC invocations=90 (full 0):
 garbage-first heap   total 422912K, used 302262K [0x0000000080000000, 0x0000000100000000)
  region size 1024K, 155 young (158720K), 5 survivors (5120K)
 Metaspace       used 157172K, capacity 162781K, committed 164124K, reserved 1191936K
  class space    used 19207K, capacity 21255K, committed 21612K, reserved 1048576K
}
Event: 7692.422 GC heap after
{Heap after GC invocations=91 (full 1):
 garbage-first heap   total 314368K, used 91615K [0x0000000080000000, 0x0000000100000000)
  region size 1024K, 0 young (0K), 0 survivors (0K)
 Metaspace       used 156635K, capacity 161961K, committed 164124K, reserved 1191936K
  class space    used 19111K, capacity 21078K, committed 21612K, reserved 1048576K
}
Event: 8246.484 GC heap before
{Heap before GC invocations=91 (full 1):
 garbage-first heap   total 314368K, used 234975K [0x0000000080000000, 0x0000000100000000)
  region size 1024K, 141 young (144384K), 0 survivors (0K)
 Metaspace       used 156856K, capacity 162322K, committed 164124K, reserved 1191936K
  class space    used 19137K, capacity 21124K, committed 21612K, reserved 1048576K
}
Event: 8246.508 GC heap after
{Heap after GC invocations=92 (full 1):
 garbage-first heap   total 314368K, used 102879K [0x0000000080000000, 0x0000000100000000)
  region size 1024K, 11 young (11264K), 11 survivors (11264K)
 Metaspace       used 156856K, capacity 162322K, committed 164124K, reserved 1191936K
  class space    used 19137K, capacity 21124K, committed 21612K, reserved 1048576K
}

Deoptimization events (20 events):
Event: 8245.809 Thread 0x000001e168e25000 DEOPT PACKING pc=0x000001e147e3ddc7 sp=0x00000097956f46f0
Event: 8245.809 Thread 0x000001e168e25000 DEOPT UNPACKING pc=0x000001e14785a95e sp=0x00000097956f3bb0 mode 0
Event: 8246.099 Thread 0x000001e168e25000 DEOPT PACKING pc=0x000001e148c67ceb sp=0x00000097956f74a0
Event: 8246.099 Thread 0x000001e168e25000 DEOPT UNPACKING pc=0x000001e14785a95e sp=0x00000097956f6900 mode 0
Event: 8246.258 Thread 0x000001e168e25000 Uncommon trap: trap_request=0xffffffc6 fr.pc=0x000001e1508c91b4 relative=0x0000000000000354
Event: 8246.258 Thread 0x000001e168e25000 Uncommon trap: reason=bimorphic_or_optimized_type_check action=maybe_recompile pc=0x000001e1508c91b4 method=com.google.common.collect.AbstractMapBasedMultimap.createCollection(Ljava/lang/Object;)Ljava/util/Collection; @ 1 c2
Event: 8246.258 Thread 0x000001e168e25000 DEOPT PACKING pc=0x000001e1508c91b4 sp=0x00000097956fbb90
Event: 8246.258 Thread 0x000001e168e25000 DEOPT UNPACKING pc=0x000001e14785a1af sp=0x00000097956fbb50 mode 2
Event: 8246.258 Thread 0x000001e168e25000 Uncommon trap: trap_request=0xffffffc6 fr.pc=0x000001e1508c91b4 relative=0x0000000000000354
Event: 8246.258 Thread 0x000001e168e25000 Uncommon trap: reason=bimorphic_or_optimized_type_check action=maybe_recompile pc=0x000001e1508c91b4 method=com.google.common.collect.AbstractMapBasedMultimap.createCollection(Ljava/lang/Object;)Ljava/util/Collection; @ 1 c2
Event: 8246.258 Thread 0x000001e168e25000 DEOPT PACKING pc=0x000001e1508c91b4 sp=0x00000097956fbb90
Event: 8246.258 Thread 0x000001e168e25000 DEOPT UNPACKING pc=0x000001e14785a1af sp=0x00000097956fbb50 mode 2
Event: 8246.258 Thread 0x000001e168e25000 Uncommon trap: trap_request=0xffffffc6 fr.pc=0x000001e1508c91b4 relative=0x0000000000000354
Event: 8246.258 Thread 0x000001e168e25000 Uncommon trap: reason=bimorphic_or_optimized_type_check action=maybe_recompile pc=0x000001e1508c91b4 method=com.google.common.collect.AbstractMapBasedMultimap.createCollection(Ljava/lang/Object;)Ljava/util/Collection; @ 1 c2
Event: 8246.258 Thread 0x000001e168e25000 DEOPT PACKING pc=0x000001e1508c91b4 sp=0x00000097956fbb90
Event: 8246.258 Thread 0x000001e168e25000 DEOPT UNPACKING pc=0x000001e14785a1af sp=0x00000097956fbb50 mode 2
Event: 8246.258 Thread 0x000001e168e25000 Uncommon trap: trap_request=0xffffffc6 fr.pc=0x000001e1508c91b4 relative=0x0000000000000354
Event: 8246.258 Thread 0x000001e168e25000 Uncommon trap: reason=bimorphic_or_optimized_type_check action=maybe_recompile pc=0x000001e1508c91b4 method=com.google.common.collect.AbstractMapBasedMultimap.createCollection(Ljava/lang/Object;)Ljava/util/Collection; @ 1 c2
Event: 8246.258 Thread 0x000001e168e25000 DEOPT PACKING pc=0x000001e1508c91b4 sp=0x00000097956fbb90
Event: 8246.258 Thread 0x000001e168e25000 DEOPT UNPACKING pc=0x000001e14785a1af sp=0x00000097956fbb50 mode 2

Classes redefined (0 events):
No events

Internal exceptions (20 events):
Event: 8245.184 Thread 0x000001e168e25000 Implicit null exception at 0x000001e14f74f8a4 to 0x000001e14f74f958
Event: 8245.184 Thread 0x000001e168e25000 Exception <a 'java/lang/NoSuchMethodError'{0x00000000915333f8}: 'java.lang.Object java.lang.invoke.DelegatingMethodHandle$Holder.reinvoke_L(java.lang.Object, java.lang.Object, java.lang.Object, java.lang.Object, java.lang.Object, java.lang.Object, java.lang.Object, java.lang.Object, java.lang.Object, java.lang.Object, java.lang.Object, java.lang.Object, java.lang.Object, java.lang.Object, java.lang.Object, java.lang.Object, java.lang.Object, java.lang.Object, java.lang.Object, java.lang.Object, java.lang.O
Event: 8245.185 Thread 0x000001e168e25000 Implicit null exception at 0x000001e15036a946 to 0x000001e15036ac38
Event: 8245.188 Thread 0x000001e168e25000 Exception <a 'java/lang/NoSuchMethodError'{0x000000009159e7c0}: 'java.lang.Object java.lang.invoke.DelegatingMethodHandle$Holder.reinvoke_L(java.lang.Object, java.lang.Object, java.lang.Object, java.lang.Object, java.lang.Object, java.lang.Object, java.lang.Object, java.lang.Object, java.lang.Object, java.lang.Object, java.lang.Object, java.lang.Object, java.lang.Object, java.lang.Object, java.lang.Object, java.lang.Object, java.lang.Object, java.lang.Object, java.lang.Object, java.lang.Object)'> (0x000000
Event: 8245.531 Thread 0x000001e168e25000 Implicit null exception at 0x000001e1500ba243 to 0x000001e1500c1084
Event: 8245.540 Thread 0x000001e168e2d800 Exception <a 'java/lang/NoSuchMethodError'{0x00000000902a8698}: <clinit>> (0x00000000902a8698) thrown at [src/hotspot/share/prims/jni.cpp, line 1367]
Event: 8245.544 Thread 0x000001e168e2d800 Exception <a 'java/lang/NoSuchMethodError'{0x00000000902bfda8}: <clinit>> (0x00000000902bfda8) thrown at [src/hotspot/share/prims/jni.cpp, line 1367]
Event: 8245.544 Thread 0x000001e168e2d800 Exception <a 'java/lang/NoSuchMethodError'{0x00000000902c0eb8}: <clinit>> (0x00000000902c0eb8) thrown at [src/hotspot/share/prims/jni.cpp, line 1367]
Event: 8245.544 Thread 0x000001e168e2d800 Exception <a 'java/lang/NoSuchMethodError'{0x00000000902c21c0}: <clinit>> (0x00000000902c21c0) thrown at [src/hotspot/share/prims/jni.cpp, line 1367]
Event: 8245.545 Thread 0x000001e168e2d800 Exception <a 'java/lang/NoSuchMethodError'{0x00000000902cb598}: <clinit>> (0x00000000902cb598) thrown at [src/hotspot/share/prims/jni.cpp, line 1367]
Event: 8245.546 Thread 0x000001e168e2d800 Exception <a 'java/lang/NoSuchMethodError'{0x00000000902df390}: <clinit>> (0x00000000902df390) thrown at [src/hotspot/share/prims/jni.cpp, line 1367]
Event: 8245.572 Thread 0x000001e168e25000 Exception <a 'sun/nio/fs/WindowsException'{0x000000008ff07988}> (0x000000008ff07988) thrown at [src/hotspot/share/prims/jni.cpp, line 617]
Event: 8245.657 Thread 0x000001e168e25000 Implicit null exception at 0x000001e150528ea3 to 0x000001e15052f6c4
Event: 8245.796 Thread 0x000001e168e25000 Implicit null exception at 0x000001e14f7ec939 to 0x000001e14f7eecbc
Event: 8246.195 Thread 0x000001e168e25000 Exception <a 'sun/nio/fs/WindowsException'{0x000000008b662c18}> (0x000000008b662c18) thrown at [src/hotspot/share/prims/jni.cpp, line 617]
Event: 8246.209 Thread 0x000001e168e25000 Exception <a 'sun/nio/fs/WindowsException'{0x000000008b5079e8}> (0x000000008b5079e8) thrown at [src/hotspot/share/prims/jni.cpp, line 617]
Event: 8246.209 Thread 0x000001e168e25000 Exception <a 'sun/nio/fs/WindowsException'{0x000000008b508c68}> (0x000000008b508c68) thrown at [src/hotspot/share/prims/jni.cpp, line 617]
Event: 8246.210 Thread 0x000001e168e25000 Exception <a 'sun/nio/fs/WindowsException'{0x000000008b509f38}> (0x000000008b509f38) thrown at [src/hotspot/share/prims/jni.cpp, line 617]
Event: 8246.210 Thread 0x000001e168e25000 Exception <a 'sun/nio/fs/WindowsException'{0x000000008b50b208}> (0x000000008b50b208) thrown at [src/hotspot/share/prims/jni.cpp, line 617]
Event: 8246.265 Thread 0x000001e168e25000 Exception <a 'sun/nio/fs/WindowsException'{0x000000008b044c70}> (0x000000008b044c70) thrown at [src/hotspot/share/prims/jni.cpp, line 617]

Events (20 events):
Event: 8246.524 Executing VM operation: RevokeBias
Event: 8246.524 Executing VM operation: RevokeBias done
Event: 8246.524 Executing VM operation: RevokeBias
Event: 8246.524 Executing VM operation: RevokeBias done
Event: 8246.525 Executing VM operation: RevokeBias
Event: 8246.525 Executing VM operation: RevokeBias done
Event: 8246.525 Executing VM operation: RevokeBias
Event: 8246.525 Executing VM operation: RevokeBias done
Event: 8246.525 Executing VM operation: RevokeBias
Event: 8246.525 Executing VM operation: RevokeBias done
Event: 8246.525 Executing VM operation: RevokeBias
Event: 8246.525 Executing VM operation: RevokeBias done
Event: 8246.525 Executing VM operation: RevokeBias
Event: 8246.525 Executing VM operation: RevokeBias done
Event: 8246.526 Executing VM operation: BulkRevokeBias
Event: 8246.527 Executing VM operation: BulkRevokeBias done
Event: 8246.562 Executing VM operation: RevokeBias
Event: 8246.562 Executing VM operation: RevokeBias done
Event: 8246.567 Executing VM operation: RevokeBias
Event: 8246.567 Executing VM operation: RevokeBias done


Dynamic libraries:
0x00007ff756f70000 - 0x00007ff756f7a000 	C:\Program Files\Android\Android Studio\jbr\bin\java.exe
0x00007ffa8dbf0000 - 0x00007ffa8dde8000 	C:\Windows\SYSTEM32\ntdll.dll
0x00007ffa8bc30000 - 0x00007ffa8bcef000 	C:\Windows\System32\KERNEL32.DLL
0x00007ffa8b3d0000 - 0x00007ffa8b6a2000 	C:\Windows\System32\KERNELBASE.dll
0x00007ffa8bb00000 - 0x00007ffa8bc00000 	C:\Windows\System32\ucrtbase.dll
0x00007ffa76c60000 - 0x00007ffa76c77000 	C:\Program Files\Android\Android Studio\jbr\bin\jli.dll
0x00007ffa77310000 - 0x00007ffa7732b000 	C:\Program Files\Android\Android Studio\jbr\bin\VCRUNTIME140.dll
0x00007ffa8d020000 - 0x00007ffa8d1c1000 	C:\Windows\System32\USER32.dll
0x00007ffa8b8c0000 - 0x00007ffa8b8e2000 	C:\Windows\System32\win32u.dll
0x00007ffa75380000 - 0x00007ffa7561a000 	C:\Windows\WinSxS\amd64_microsoft.windows.common-controls_6595b64144ccf1df_6.0.19041.1110_none_60b5254171f9507e\COMCTL32.dll
0x00007ffa8daa0000 - 0x00007ffa8dacb000 	C:\Windows\System32\GDI32.dll
0x00007ffa8c460000 - 0x00007ffa8c4fe000 	C:\Windows\System32\msvcrt.dll
0x00007ffa8b9f0000 - 0x00007ffa8baff000 	C:\Windows\System32\gdi32full.dll
0x00007ffa8b2e0000 - 0x00007ffa8b37d000 	C:\Windows\System32\msvcp_win.dll
0x00007ffa8c500000 - 0x00007ffa8c532000 	C:\Windows\System32\IMM32.DLL
0x00007ffa766b0000 - 0x00007ffa7673d000 	C:\Program Files\Android\Android Studio\jbr\bin\msvcp140.dll
0x00007ffa62da0000 - 0x00007ffa62dac000 	C:\Windows\SYSTEM32\VCRUNTIME140_1.dll
0x00007ffa1f8a0000 - 0x00007ffa2045c000 	C:\Program Files\Android\Android Studio\jbr\bin\server\jvm.dll
0x00007ffa8ce90000 - 0x00007ffa8cf3e000 	C:\Windows\System32\ADVAPI32.dll
0x00007ffa8d980000 - 0x00007ffa8da1c000 	C:\Windows\System32\sechost.dll
0x00007ffa8bcf0000 - 0x00007ffa8be15000 	C:\Windows\System32\RPCRT4.dll
0x00007ffa8d010000 - 0x00007ffa8d018000 	C:\Windows\System32\PSAPI.DLL
0x00007ffa6a840000 - 0x00007ffa6a849000 	C:\Windows\SYSTEM32\WSOCK32.dll
0x00007ffa80800000 - 0x00007ffa80827000 	C:\Windows\SYSTEM32\WINMM.dll
0x00007ffa85150000 - 0x00007ffa8515a000 	C:\Windows\SYSTEM32\VERSION.dll
0x00007ffa8caa0000 - 0x00007ffa8cb0b000 	C:\Windows\System32\WS2_32.dll
0x00007ffa891c0000 - 0x00007ffa891d2000 	C:\Windows\SYSTEM32\kernel.appcore.dll
0x00007ffa86e40000 - 0x00007ffa86e50000 	C:\Program Files\Android\Android Studio\jbr\bin\verify.dll
0x00007ffa76e90000 - 0x00007ffa77074000 	C:\Windows\SYSTEM32\DBGHELP.DLL
0x00007ffa76e50000 - 0x00007ffa76e85000 	C:\Windows\SYSTEM32\dbgcore.DLL
0x00007ffa8b8f0000 - 0x00007ffa8b972000 	C:\Windows\System32\bcryptPrimitives.dll
0x00007ffa86e10000 - 0x00007ffa86e38000 	C:\Program Files\Android\Android Studio\jbr\bin\java.dll
0x00007ffa86e00000 - 0x00007ffa86e0a000 	C:\Program Files\Android\Android Studio\jbr\bin\jimage.dll
0x00007ffa86de0000 - 0x00007ffa86df8000 	C:\Program Files\Android\Android Studio\jbr\bin\zip.dll
0x00007ffa8d230000 - 0x00007ffa8d974000 	C:\Windows\System32\SHELL32.dll
0x00007ffa893c0000 - 0x00007ffa89b52000 	C:\Windows\SYSTEM32\windows.storage.dll
0x00007ffa8cb10000 - 0x00007ffa8ce65000 	C:\Windows\System32\combase.dll
0x00007ffa8ac60000 - 0x00007ffa8ac90000 	C:\Windows\SYSTEM32\Wldp.dll
0x00007ffa8be20000 - 0x00007ffa8becd000 	C:\Windows\System32\SHCORE.dll
0x00007ffa8d1d0000 - 0x00007ffa8d225000 	C:\Windows\System32\shlwapi.dll
0x00007ffa8b220000 - 0x00007ffa8b23f000 	C:\Windows\SYSTEM32\profapi.dll
0x00007ffa86dc0000 - 0x00007ffa86dd9000 	C:\Program Files\Android\Android Studio\jbr\bin\net.dll
0x00007ffa85bc0000 - 0x00007ffa85ccc000 	C:\Windows\SYSTEM32\WINHTTP.dll
0x00007ffa8a9c0000 - 0x00007ffa8aa2a000 	C:\Windows\system32\mswsock.dll
0x00007ffa768e0000 - 0x00007ffa768f3000 	C:\Program Files\Android\Android Studio\jbr\bin\nio.dll
0x00007ffa76c80000 - 0x00007ffa76ca7000 	C:\Users\Administrator\.gradle\native\e1d6ef7f7dcc3fd88c89a11ec53ec762bb8ba0a96d01ffa2cd45eb1d1d8dd5c5\windows-amd64\native-platform.dll
0x00007ffa72ea0000 - 0x00007ffa72fe4000 	C:\Users\Administrator\.gradle\native\0d407fdbe67a94daf76414ababcb853783967236a71b16ec16e742cd7a986fd3\windows-amd64\native-platform-file-events.dll
0x00007ffa768d0000 - 0x00007ffa768da000 	C:\Program Files\Android\Android Studio\jbr\bin\management.dll
0x00007ffa768c0000 - 0x00007ffa768cb000 	C:\Program Files\Android\Android Studio\jbr\bin\management_ext.dll
0x00007ffa8abc0000 - 0x00007ffa8abd8000 	C:\Windows\SYSTEM32\CRYPTSP.dll
0x00007ffa8a2e0000 - 0x00007ffa8a314000 	C:\Windows\system32\rsaenh.dll
0x00007ffa8bc00000 - 0x00007ffa8bc27000 	C:\Windows\System32\bcrypt.dll
0x00007ffa8b1a0000 - 0x00007ffa8b1ce000 	C:\Windows\SYSTEM32\USERENV.dll
0x00007ffa8abb0000 - 0x00007ffa8abbc000 	C:\Windows\SYSTEM32\CRYPTBASE.dll
0x00007ffa8a6b0000 - 0x00007ffa8a6eb000 	C:\Windows\SYSTEM32\IPHLPAPI.DLL
0x00007ffa8ca90000 - 0x00007ffa8ca98000 	C:\Windows\System32\NSI.dll
0x00007ffa84fc0000 - 0x00007ffa84fd7000 	C:\Windows\SYSTEM32\dhcpcsvc6.DLL
0x00007ffa84f80000 - 0x00007ffa84f9d000 	C:\Windows\SYSTEM32\dhcpcsvc.DLL
0x00007ffa8a6f0000 - 0x00007ffa8a7ba000 	C:\Windows\SYSTEM32\DNSAPI.dll
0x00007ffa74990000 - 0x00007ffa749b7000 	C:\Program Files\Android\Android Studio\jbr\bin\sunec.dll
0x000000005a050000 - 0x000000005a076000 	C:\Program Files\Bonjour\mdnsNSP.dll
0x00007ffa7ea80000 - 0x00007ffa7ea8a000 	C:\Windows\System32\rasadhlp.dll
0x00007ffa7fff0000 - 0x00007ffa80070000 	C:\Windows\System32\fwpuclnt.dll
0x00007ffa8a400000 - 0x00007ffa8a433000 	C:\Windows\SYSTEM32\ntmarta.dll
0x00007ffa76c40000 - 0x00007ffa76c5e000 	C:\Users\Administrator\AppData\Local\Temp\native-platform3720382315332286820dir\native-platform.dll
0x00007ffa7f840000 - 0x00007ffa7f847000 	C:\Program Files\Android\Android Studio\jbr\bin\rmi.dll

dbghelp: loaded successfully - version: 4.0.5 - missing functions: none
symbol engine: initialized successfully - sym options: 0x614 - pdb path: .;C:\Program Files\Android\Android Studio\jbr\bin;C:\Windows\SYSTEM32;C:\Windows\WinSxS\amd64_microsoft.windows.common-controls_6595b64144ccf1df_6.0.19041.1110_none_60b5254171f9507e;C:\Program Files\Android\Android Studio\jbr\bin\server;C:\Users\Administrator\.gradle\native\e1d6ef7f7dcc3fd88c89a11ec53ec762bb8ba0a96d01ffa2cd45eb1d1d8dd5c5\windows-amd64;C:\Users\Administrator\.gradle\native\0d407fdbe67a94daf76414ababcb853783967236a71b16ec16e742cd7a986fd3\windows-amd64;C:\Program Files\Bonjour;C:\Users\Administrator\AppData\Local\Temp\native-platform3720382315332286820dir

VM Arguments:
jvm_args: --add-opens=java.base/java.util=ALL-UNNAMED --add-opens=java.base/java.lang=ALL-UNNAMED --add-opens=java.base/java.lang.invoke=ALL-UNNAMED --add-opens=java.base/java.util=ALL-UNNAMED --add-opens=java.prefs/java.util.prefs=ALL-UNNAMED --add-opens=java.prefs/java.util.prefs=ALL-UNNAMED --add-opens=java.base/java.nio.charset=ALL-UNNAMED --add-opens=java.base/java.net=ALL-UNNAMED --add-opens=java.base/java.util.concurrent.atomic=ALL-UNNAMED -Xmx2048m -Dfile.encoding=UTF-8 -Duser.country=US -Duser.language=en -Duser.variant 
java_command: org.gradle.launcher.daemon.bootstrap.GradleDaemon 7.5
java_class_path (initial): C:\Users\Administrator\.gradle\wrapper\dists\gradle-7.5-bin\f1w0cc9nuo0eivz97x2xlu9sv\gradle-7.5\lib\gradle-launcher-7.5.jar
Launcher Type: SUN_STANDARD

[Global flags]
     intx CICompilerCount                          = 3                                         {product} {ergonomic}
     uint ConcGCThreads                            = 1                                         {product} {ergonomic}
     uint G1ConcRefinementThreads                  = 4                                         {product} {ergonomic}
   size_t G1HeapRegionSize                         = 1048576                                   {product} {ergonomic}
    uintx GCDrainStackTargetSize                   = 64                                        {product} {ergonomic}
   size_t InitialHeapSize                          = 201326592                                 {product} {ergonomic}
   size_t MarkStackSize                            = 4194304                                   {product} {ergonomic}
   size_t MaxHeapSize                              = 2147483648                                {product} {command line}
   size_t MaxNewSize                               = 1287651328                                {product} {ergonomic}
   size_t MinHeapDeltaBytes                        = 1048576                                   {product} {ergonomic}
    uintx NonNMethodCodeHeapSize                   = 5830732                                {pd product} {ergonomic}
    uintx NonProfiledCodeHeapSize                  = 122913754                              {pd product} {ergonomic}
    uintx ProfiledCodeHeapSize                     = 122913754                              {pd product} {ergonomic}
    uintx ReservedCodeCacheSize                    = 251658240                              {pd product} {ergonomic}
     bool SegmentedCodeCache                       = true                                      {product} {ergonomic}
     bool UseCompressedClassPointers               = true                                 {lp64_product} {ergonomic}
     bool UseCompressedOops                        = true                                 {lp64_product} {ergonomic}
     bool UseG1GC                                  = true                                      {product} {ergonomic}
     bool UseLargePagesIndividualAllocation        = false                                  {pd product} {ergonomic}

Logging:
Log output configuration:
 #0: stdout all=warning uptime,level,tags
 #1: stderr all=off uptime,level,tags

Environment Variables:
PATH=C:\Program Files\Common Files\Oracle\Java\javapath;C:\Windows\system32;C:\Windows;C:\Windows\System32\Wbem;C:\Windows\System32\WindowsPowerShell\v1.0\;C:\Windows\System32\OpenSSH\;C:\Program Files\nodejs\;C:\Program Files (x86)\dotnet\;C:\Program Files\Git\cmd;C:\Users\Administrator\AppData\Local\Microsoft\WindowsApps;D:\Microsoft VS Code\bin;C:\Program Files\Java\jdk-19\bin;C:\Program Files\JetBrains\IntelliJ IDEA Community Edition 2022.3.1\bin;C:\Users\Administrator\AppData\Roaming\npm;C:\Users\Administrator\AppData\Local\JetBrains\Toolbox\scripts;
USERNAME=Administrator
OS=Windows_NT
PROCESSOR_IDENTIFIER=Intel64 Family 6 Model 158 Stepping 9, GenuineIntel



---------------  S Y S T E M  ---------------

OS: Windows 10 , 64 bit Build 19041 (10.0.19041.2364)
OS uptime: 0 days 3:21 hours

CPU:total 4 (initial active 4) (2 cores per cpu, 2 threads per core) family 6 model 158 stepping 9 microcode 0xb4, cmov, cx8, fxsr, mmx, sse, sse2, sse3, ssse3, sse4.1, sse4.2, popcnt, avx, avx2, aes, clmul, erms, 3dnowpref, lzcnt, ht, tsc, tscinvbit, bmi1, bmi2, adx, fma

Memory: 4k page, system-wide physical 12246M (1801M free)
TotalPageFile size 18134M (AvailPageFile size 5031M)
current process WorkingSet (physical memory assigned to process): 676M, peak: 874M
current process commit charge ("private bytes"): 774M, peak: 901M

vm_info: OpenJDK 64-Bit Server VM (11.0.15+0-b2043.56-8887301) for windows-amd64 JRE (11.0.15+0-b2043.56-8887301), built on Jul 29 2022 23:19:47 by "builduser" with unknown MS VC++:1929

END.
